INFO - 2023-08-15 05:22:49 --> Session: Class initialized using 'CodeIgniter\Session\Handlers\FileHandler' driver.
INFO - 2023-08-15 05:22:50 --> Session: Class initialized using 'CodeIgniter\Session\Handlers\FileHandler' driver.
INFO - 2023-08-15 05:23:09 --> Session: Class initialized using 'CodeIgniter\Session\Handlers\FileHandler' driver.
INFO - 2023-08-15 05:23:09 --> Session: Class initialized using 'CodeIgniter\Session\Handlers\FileHandler' driver.
INFO - 2023-08-15 05:23:29 --> Session: Class initialized using 'CodeIgniter\Session\Handlers\FileHandler' driver.
WARNING - 2023-08-15 05:23:29 --> Session: Sessions is enabled, and one exists.Please don't $session->start();
INFO - 2023-08-15 05:29:34 --> Session: Class initialized using 'CodeIgniter\Session\Handlers\FileHandler' driver.
INFO - 2023-08-15 06:13:42 --> Session: Class initialized using 'CodeIgniter\Session\Handlers\FileHandler' driver.
WARNING - 2023-08-15 06:13:43 --> Session: Sessions is enabled, and one exists.Please don't $session->start();
INFO - 2023-08-15 06:55:19 --> Session: Class initialized using 'CodeIgniter\Session\Handlers\FileHandler' driver.
INFO - 2023-08-15 06:55:28 --> Session: Class initialized using 'CodeIgniter\Session\Handlers\FileHandler' driver.
INFO - 2023-08-15 06:55:28 --> Session: Class initialized using 'CodeIgniter\Session\Handlers\FileHandler' driver.
INFO - 2023-08-15 08:36:48 --> Session: Class initialized using 'CodeIgniter\Session\Handlers\FileHandler' driver.
INFO - 2023-08-15 08:47:38 --> Session: Class initialized using 'CodeIgniter\Session\Handlers\FileHandler' driver.
INFO - 2023-08-15 08:56:21 --> Session: Class initialized using 'CodeIgniter\Session\Handlers\FileHandler' driver.
INFO - 2023-08-15 08:56:22 --> Session: Class initialized using 'CodeIgniter\Session\Handlers\FileHandler' driver.
INFO - 2023-08-15 09:01:10 --> Session: Class initialized using 'CodeIgniter\Session\Handlers\FileHandler' driver.
INFO - 2023-08-15 09:01:51 --> Session: Class initialized using 'CodeIgniter\Session\Handlers\FileHandler' driver.
CRITICAL - 2023-08-15 09:51:35 --> Undefined array key "nama_umkm"
in APPPATH\Views\umkmdata\index.php on line 164.
 1 APPPATH\Views\umkmdata\index.php(164): CodeIgniter\Debug\Exceptions->errorHandler(2, 'Undefined array key "nama_umkm"', 'APPPATH\\Views\\umkmdata\\index.php', 164)
 2 SYSTEMPATH\View\View.php(213): include('APPPATH\\Views\\umkmdata\\index.php')
 3 SYSTEMPATH\View\View.php(216): CodeIgniter\View\View->CodeIgniter\View\{closure}()
 4 SYSTEMPATH\Common.php(1184): CodeIgniter\View\View->render('umkmdata/index', [], true)
 5 APPPATH\Controllers\Umkmdata.php(46): view('umkmdata/index', [...])
 6 SYSTEMPATH\CodeIgniter.php(934): App\Controllers\umkmdata->index()
 7 SYSTEMPATH\CodeIgniter.php(499): CodeIgniter\CodeIgniter->runController(Object(App\Controllers\umkmdata))
 8 SYSTEMPATH\CodeIgniter.php(368): CodeIgniter\CodeIgniter->handleRequest(null, Object(Config\Cache), false)
 9 FCPATH\index.php(67): CodeIgniter\CodeIgniter->run()
10 SYSTEMPATH\Commands\Server\rewrite.php(47): require_once('FCPATH\\index.php')
CRITICAL - 2023-08-15 09:51:41 --> Undefined array key "nama_umkm"
in APPPATH\Views\umkmdata\index.php on line 164.
 1 APPPATH\Views\umkmdata\index.php(164): CodeIgniter\Debug\Exceptions->errorHandler(2, 'Undefined array key "nama_umkm"', 'APPPATH\\Views\\umkmdata\\index.php', 164)
 2 SYSTEMPATH\View\View.php(213): include('APPPATH\\Views\\umkmdata\\index.php')
 3 SYSTEMPATH\View\View.php(216): CodeIgniter\View\View->CodeIgniter\View\{closure}()
 4 SYSTEMPATH\Common.php(1184): CodeIgniter\View\View->render('umkmdata/index', [], true)
 5 APPPATH\Controllers\Umkmdata.php(46): view('umkmdata/index', [...])
 6 SYSTEMPATH\CodeIgniter.php(934): App\Controllers\umkmdata->index()
 7 SYSTEMPATH\CodeIgniter.php(499): CodeIgniter\CodeIgniter->runController(Object(App\Controllers\umkmdata))
 8 SYSTEMPATH\CodeIgniter.php(368): CodeIgniter\CodeIgniter->handleRequest(null, Object(Config\Cache), false)
 9 FCPATH\index.php(67): CodeIgniter\CodeIgniter->run()
10 SYSTEMPATH\Commands\Server\rewrite.php(47): require_once('FCPATH\\index.php')
INFO - 2023-08-15 09:51:57 --> Session: Class initialized using 'CodeIgniter\Session\Handlers\FileHandler' driver.
WARNING - 2023-08-15 09:51:57 --> Session: Sessions is enabled, and one exists.Please don't $session->start();
CRITICAL - 2023-08-15 09:51:57 --> Undefined array key "nama_umkm"
in APPPATH\Views\umkmdata\index.php on line 164.
 1 APPPATH\Views\umkmdata\index.php(164): CodeIgniter\Debug\Exceptions->errorHandler(2, 'Undefined array key "nama_umkm"', 'APPPATH\\Views\\umkmdata\\index.php', 164)
 2 SYSTEMPATH\View\View.php(213): include('APPPATH\\Views\\umkmdata\\index.php')
 3 SYSTEMPATH\View\View.php(216): CodeIgniter\View\View->CodeIgniter\View\{closure}()
 4 SYSTEMPATH\Common.php(1184): CodeIgniter\View\View->render('umkmdata/index', [], true)
 5 APPPATH\Controllers\Umkmdata.php(46): view('umkmdata/index', [...])
 6 SYSTEMPATH\CodeIgniter.php(934): App\Controllers\umkmdata->index()
 7 SYSTEMPATH\CodeIgniter.php(499): CodeIgniter\CodeIgniter->runController(Object(App\Controllers\umkmdata))
 8 SYSTEMPATH\CodeIgniter.php(368): CodeIgniter\CodeIgniter->handleRequest(null, Object(Config\Cache), false)
 9 FCPATH\index.php(67): CodeIgniter\CodeIgniter->run()
10 SYSTEMPATH\Commands\Server\rewrite.php(47): require_once('FCPATH\\index.php')
INFO - 2023-08-15 09:52:27 --> Session: Class initialized using 'CodeIgniter\Session\Handlers\FileHandler' driver.
WARNING - 2023-08-15 09:52:27 --> Session: Sessions is enabled, and one exists.Please don't $session->start();
INFO - 2023-08-15 09:52:37 --> Session: Class initialized using 'CodeIgniter\Session\Handlers\FileHandler' driver.
WARNING - 2023-08-15 09:52:37 --> Session: Sessions is enabled, and one exists.Please don't $session->start();
INFO - 2023-08-15 09:52:44 --> Session: Class initialized using 'CodeIgniter\Session\Handlers\FileHandler' driver.
WARNING - 2023-08-15 09:52:44 --> Session: Sessions is enabled, and one exists.Please don't $session->start();
INFO - 2023-08-15 09:52:44 --> Session: Class initialized using 'CodeIgniter\Session\Handlers\FileHandler' driver.
WARNING - 2023-08-15 09:52:44 --> Session: Sessions is enabled, and one exists.Please don't $session->start();
INFO - 2023-08-15 09:52:54 --> Session: Class initialized using 'CodeIgniter\Session\Handlers\FileHandler' driver.
WARNING - 2023-08-15 09:52:54 --> Session: Sessions is enabled, and one exists.Please don't $session->start();
INFO - 2023-08-15 09:53:49 --> Session: Class initialized using 'CodeIgniter\Session\Handlers\FileHandler' driver.
WARNING - 2023-08-15 09:53:49 --> Session: Sessions is enabled, and one exists.Please don't $session->start();
INFO - 2023-08-15 09:53:57 --> Session: Class initialized using 'CodeIgniter\Session\Handlers\FileHandler' driver.
WARNING - 2023-08-15 09:53:57 --> Session: Sessions is enabled, and one exists.Please don't $session->start();
INFO - 2023-08-15 09:54:01 --> Session: Class initialized using 'CodeIgniter\Session\Handlers\FileHandler' driver.
WARNING - 2023-08-15 09:54:01 --> Session: Sessions is enabled, and one exists.Please don't $session->start();
INFO - 2023-08-15 09:54:36 --> Session: Class initialized using 'CodeIgniter\Session\Handlers\FileHandler' driver.
WARNING - 2023-08-15 09:54:36 --> Session: Sessions is enabled, and one exists.Please don't $session->start();
INFO - 2023-08-15 09:54:36 --> Session: Class initialized using 'CodeIgniter\Session\Handlers\FileHandler' driver.
WARNING - 2023-08-15 09:54:36 --> Session: Sessions is enabled, and one exists.Please don't $session->start();
INFO - 2023-08-15 09:54:41 --> Session: Class initialized using 'CodeIgniter\Session\Handlers\FileHandler' driver.
WARNING - 2023-08-15 09:54:41 --> Session: Sessions is enabled, and one exists.Please don't $session->start();
INFO - 2023-08-15 09:55:49 --> Session: Class initialized using 'CodeIgniter\Session\Handlers\FileHandler' driver.
WARNING - 2023-08-15 09:55:49 --> Session: Sessions is enabled, and one exists.Please don't $session->start();
CRITICAL - 2023-08-15 09:55:49 --> Undefined array key "nama_umkm"
in APPPATH\Views\umkmdata\index.php on line 164.
 1 APPPATH\Views\umkmdata\index.php(164): CodeIgniter\Debug\Exceptions->errorHandler(2, 'Undefined array key "nama_umkm"', 'APPPATH\\Views\\umkmdata\\index.php', 164)
 2 SYSTEMPATH\View\View.php(213): include('APPPATH\\Views\\umkmdata\\index.php')
 3 SYSTEMPATH\View\View.php(216): CodeIgniter\View\View->CodeIgniter\View\{closure}()
 4 SYSTEMPATH\Common.php(1184): CodeIgniter\View\View->render('umkmdata/index', [], true)
 5 APPPATH\Controllers\Umkmdata.php(46): view('umkmdata/index', [...])
 6 SYSTEMPATH\CodeIgniter.php(934): App\Controllers\umkmdata->index()
 7 SYSTEMPATH\CodeIgniter.php(499): CodeIgniter\CodeIgniter->runController(Object(App\Controllers\umkmdata))
 8 SYSTEMPATH\CodeIgniter.php(368): CodeIgniter\CodeIgniter->handleRequest(null, Object(Config\Cache), false)
 9 FCPATH\index.php(67): CodeIgniter\CodeIgniter->run()
10 SYSTEMPATH\Commands\Server\rewrite.php(47): require_once('FCPATH\\index.php')
INFO - 2023-08-15 09:55:57 --> Session: Class initialized using 'CodeIgniter\Session\Handlers\FileHandler' driver.
WARNING - 2023-08-15 09:55:57 --> Session: Sessions is enabled, and one exists.Please don't $session->start();
INFO - 2023-08-15 09:56:03 --> Session: Class initialized using 'CodeIgniter\Session\Handlers\FileHandler' driver.
WARNING - 2023-08-15 09:56:03 --> Session: Sessions is enabled, and one exists.Please don't $session->start();
INFO - 2023-08-15 09:56:03 --> Session: Class initialized using 'CodeIgniter\Session\Handlers\FileHandler' driver.
WARNING - 2023-08-15 09:56:03 --> Session: Sessions is enabled, and one exists.Please don't $session->start();
INFO - 2023-08-15 09:57:51 --> Session: Class initialized using 'CodeIgniter\Session\Handlers\FileHandler' driver.
WARNING - 2023-08-15 09:57:51 --> Session: Sessions is enabled, and one exists.Please don't $session->start();
INFO - 2023-08-15 09:58:18 --> Session: Class initialized using 'CodeIgniter\Session\Handlers\FileHandler' driver.
WARNING - 2023-08-15 09:58:18 --> Session: Sessions is enabled, and one exists.Please don't $session->start();
INFO - 2023-08-15 09:58:18 --> Session: Class initialized using 'CodeIgniter\Session\Handlers\FileHandler' driver.
WARNING - 2023-08-15 09:58:18 --> Session: Sessions is enabled, and one exists.Please don't $session->start();
INFO - 2023-08-15 09:58:23 --> Session: Class initialized using 'CodeIgniter\Session\Handlers\FileHandler' driver.
WARNING - 2023-08-15 09:58:23 --> Session: Sessions is enabled, and one exists.Please don't $session->start();
INFO - 2023-08-15 09:58:35 --> Session: Class initialized using 'CodeIgniter\Session\Handlers\FileHandler' driver.
WARNING - 2023-08-15 09:58:35 --> Session: Sessions is enabled, and one exists.Please don't $session->start();
INFO - 2023-08-15 09:58:35 --> Session: Class initialized using 'CodeIgniter\Session\Handlers\FileHandler' driver.
WARNING - 2023-08-15 09:58:35 --> Session: Sessions is enabled, and one exists.Please don't $session->start();
INFO - 2023-08-15 09:59:09 --> Session: Class initialized using 'CodeIgniter\Session\Handlers\FileHandler' driver.
WARNING - 2023-08-15 09:59:09 --> Session: Sessions is enabled, and one exists.Please don't $session->start();
INFO - 2023-08-15 09:59:18 --> Session: Class initialized using 'CodeIgniter\Session\Handlers\FileHandler' driver.
WARNING - 2023-08-15 09:59:18 --> Session: Sessions is enabled, and one exists.Please don't $session->start();
