INFO - 2023-07-02 09:31:44 --> Session: Class initialized using 'CodeIgniter\Session\Handlers\FileHandler' driver.
INFO - 2023-07-02 09:31:44 --> Session: Class initialized using 'CodeIgniter\Session\Handlers\FileHandler' driver.
INFO - 2023-07-02 09:31:58 --> Session: Class initialized using 'CodeIgniter\Session\Handlers\FileHandler' driver.
INFO - 2023-07-02 09:32:02 --> Session: Class initialized using 'CodeIgniter\Session\Handlers\FileHandler' driver.
INFO - 2023-07-02 09:32:09 --> Session: Class initialized using 'CodeIgniter\Session\Handlers\FileHandler' driver.
INFO - 2023-07-02 09:32:09 --> Session: Class initialized using 'CodeIgniter\Session\Handlers\FileHandler' driver.
INFO - 2023-07-02 09:32:23 --> Session: Class initialized using 'CodeIgniter\Session\Handlers\FileHandler' driver.
INFO - 2023-07-02 09:32:26 --> Session: Class initialized using 'CodeIgniter\Session\Handlers\FileHandler' driver.
WARNING - 2023-07-02 09:32:26 --> Session: Sessions is enabled, and one exists.Please don't $session->start();
INFO - 2023-07-02 09:32:38 --> Session: Class initialized using 'CodeIgniter\Session\Handlers\FileHandler' driver.
WARNING - 2023-07-02 09:32:38 --> Session: Sessions is enabled, and one exists.Please don't $session->start();
INFO - 2023-07-02 09:32:46 --> Session: Class initialized using 'CodeIgniter\Session\Handlers\FileHandler' driver.
WARNING - 2023-07-02 09:32:46 --> Session: Sessions is enabled, and one exists.Please don't $session->start();
INFO - 2023-07-02 09:32:55 --> Session: Class initialized using 'CodeIgniter\Session\Handlers\FileHandler' driver.
WARNING - 2023-07-02 09:32:55 --> Session: Sessions is enabled, and one exists.Please don't $session->start();
INFO - 2023-07-02 09:34:49 --> Session: Class initialized using 'CodeIgniter\Session\Handlers\FileHandler' driver.
WARNING - 2023-07-02 09:34:49 --> Session: Sessions is enabled, and one exists.Please don't $session->start();
INFO - 2023-07-02 09:34:55 --> Session: Class initialized using 'CodeIgniter\Session\Handlers\FileHandler' driver.
WARNING - 2023-07-02 09:34:55 --> Session: Sessions is enabled, and one exists.Please don't $session->start();
CRITICAL - 2023-07-02 09:34:55 --> Undefined variable $umkmdata
in APPPATH\Views\umkmdata\view.php on line 33.
 1 APPPATH\Views\umkmdata\view.php(33): CodeIgniter\Debug\Exceptions->errorHandler(2, 'Undefined variable $umkmdata', 'APPPATH\\Views\\umkmdata\\view.php', 33)
 2 SYSTEMPATH\View\View.php(213): include('APPPATH\\Views\\umkmdata\\view.php')
 3 SYSTEMPATH\View\View.php(216): CodeIgniter\View\View->CodeIgniter\View\{closure}()
 4 SYSTEMPATH\Common.php(1184): CodeIgniter\View\View->render('umkmdata/view', [], true)
 5 APPPATH\Controllers\Job.php(243): view('umkmdata/view')
 6 SYSTEMPATH\CodeIgniter.php(934): App\Controllers\Job->viewpdf()
 7 SYSTEMPATH\CodeIgniter.php(499): CodeIgniter\CodeIgniter->runController(Object(App\Controllers\Job))
 8 SYSTEMPATH\CodeIgniter.php(368): CodeIgniter\CodeIgniter->handleRequest(null, Object(Config\Cache), false)
 9 FCPATH\index.php(67): CodeIgniter\CodeIgniter->run()
10 SYSTEMPATH\Commands\Server\rewrite.php(47): require_once('FCPATH\\index.php')
INFO - 2023-07-02 09:38:25 --> Session: Class initialized using 'CodeIgniter\Session\Handlers\FileHandler' driver.
WARNING - 2023-07-02 09:38:25 --> Session: Sessions is enabled, and one exists.Please don't $session->start();
INFO - 2023-07-02 09:39:02 --> Session: Class initialized using 'CodeIgniter\Session\Handlers\FileHandler' driver.
WARNING - 2023-07-02 09:39:02 --> Session: Sessions is enabled, and one exists.Please don't $session->start();
INFO - 2023-07-02 09:40:24 --> Session: Class initialized using 'CodeIgniter\Session\Handlers\FileHandler' driver.
WARNING - 2023-07-02 09:40:24 --> Session: Sessions is enabled, and one exists.Please don't $session->start();
INFO - 2023-07-02 09:40:28 --> Session: Class initialized using 'CodeIgniter\Session\Handlers\FileHandler' driver.
WARNING - 2023-07-02 09:40:28 --> Session: Sessions is enabled, and one exists.Please don't $session->start();
INFO - 2023-07-02 09:40:45 --> Session: Class initialized using 'CodeIgniter\Session\Handlers\FileHandler' driver.
WARNING - 2023-07-02 09:40:45 --> Session: Sessions is enabled, and one exists.Please don't $session->start();
