INFO - 2023-07-18 02:45:21 --> Session: Class initialized using 'CodeIgniter\Session\Handlers\FileHandler' driver.
INFO - 2023-07-18 02:45:21 --> Session: Class initialized using 'CodeIgniter\Session\Handlers\FileHandler' driver.
INFO - 2023-07-18 02:45:31 --> Session: Class initialized using 'CodeIgniter\Session\Handlers\FileHandler' driver.
INFO - 2023-07-18 02:45:31 --> Session: Class initialized using 'CodeIgniter\Session\Handlers\FileHandler' driver.
INFO - 2023-07-18 02:45:41 --> Session: Class initialized using 'CodeIgniter\Session\Handlers\FileHandler' driver.
WARNING - 2023-07-18 02:45:41 --> Session: Sessions is enabled, and one exists.Please don't $session->start();
INFO - 2023-07-18 02:45:52 --> Session: Class initialized using 'CodeIgniter\Session\Handlers\FileHandler' driver.
WARNING - 2023-07-18 02:45:52 --> Session: Sessions is enabled, and one exists.Please don't $session->start();
INFO - 2023-07-18 02:46:32 --> Session: Class initialized using 'CodeIgniter\Session\Handlers\FileHandler' driver.
WARNING - 2023-07-18 02:46:32 --> Session: Sessions is enabled, and one exists.Please don't $session->start();
INFO - 2023-07-18 02:46:32 --> Session: Class initialized using 'CodeIgniter\Session\Handlers\FileHandler' driver.
WARNING - 2023-07-18 02:46:32 --> Session: Sessions is enabled, and one exists.Please don't $session->start();
INFO - 2023-07-18 02:46:41 --> Session: Class initialized using 'CodeIgniter\Session\Handlers\FileHandler' driver.
WARNING - 2023-07-18 02:46:41 --> Session: Sessions is enabled, and one exists.Please don't $session->start();
INFO - 2023-07-18 02:48:08 --> Session: Class initialized using 'CodeIgniter\Session\Handlers\FileHandler' driver.
WARNING - 2023-07-18 02:48:08 --> Session: Sessions is enabled, and one exists.Please don't $session->start();
INFO - 2023-07-18 02:48:21 --> Session: Class initialized using 'CodeIgniter\Session\Handlers\FileHandler' driver.
WARNING - 2023-07-18 02:48:21 --> Session: Sessions is enabled, and one exists.Please don't $session->start();
INFO - 2023-07-18 02:48:21 --> Session: Class initialized using 'CodeIgniter\Session\Handlers\FileHandler' driver.
WARNING - 2023-07-18 02:48:21 --> Session: Sessions is enabled, and one exists.Please don't $session->start();
INFO - 2023-07-18 02:48:28 --> Session: Class initialized using 'CodeIgniter\Session\Handlers\FileHandler' driver.
WARNING - 2023-07-18 02:48:28 --> Session: Sessions is enabled, and one exists.Please don't $session->start();
INFO - 2023-07-18 02:48:37 --> Session: Class initialized using 'CodeIgniter\Session\Handlers\FileHandler' driver.
INFO - 2023-07-18 02:48:43 --> Session: Class initialized using 'CodeIgniter\Session\Handlers\FileHandler' driver.
WARNING - 2023-07-18 02:48:43 --> Session: Sessions is enabled, and one exists.Please don't $session->start();
INFO - 2023-07-18 02:48:48 --> Session: Class initialized using 'CodeIgniter\Session\Handlers\FileHandler' driver.
WARNING - 2023-07-18 02:48:48 --> Session: Sessions is enabled, and one exists.Please don't $session->start();
INFO - 2023-07-18 02:49:02 --> Session: Class initialized using 'CodeIgniter\Session\Handlers\FileHandler' driver.
WARNING - 2023-07-18 02:49:02 --> Session: Sessions is enabled, and one exists.Please don't $session->start();
INFO - 2023-07-18 02:49:02 --> Session: Class initialized using 'CodeIgniter\Session\Handlers\FileHandler' driver.
WARNING - 2023-07-18 02:49:02 --> Session: Sessions is enabled, and one exists.Please don't $session->start();
INFO - 2023-07-18 02:49:08 --> Session: Class initialized using 'CodeIgniter\Session\Handlers\FileHandler' driver.
WARNING - 2023-07-18 02:49:08 --> Session: Sessions is enabled, and one exists.Please don't $session->start();
INFO - 2023-07-18 02:54:57 --> Session: Class initialized using 'CodeIgniter\Session\Handlers\FileHandler' driver.
WARNING - 2023-07-18 02:54:57 --> Session: Sessions is enabled, and one exists.Please don't $session->start();
INFO - 2023-07-18 02:55:17 --> Session: Class initialized using 'CodeIgniter\Session\Handlers\FileHandler' driver.
WARNING - 2023-07-18 02:55:17 --> Session: Sessions is enabled, and one exists.Please don't $session->start();
INFO - 2023-07-18 02:55:17 --> Session: Class initialized using 'CodeIgniter\Session\Handlers\FileHandler' driver.
WARNING - 2023-07-18 02:55:17 --> Session: Sessions is enabled, and one exists.Please don't $session->start();
INFO - 2023-07-18 02:55:41 --> Session: Class initialized using 'CodeIgniter\Session\Handlers\FileHandler' driver.
WARNING - 2023-07-18 02:55:41 --> Session: Sessions is enabled, and one exists.Please don't $session->start();
INFO - 2023-07-18 02:55:42 --> Session: Class initialized using 'CodeIgniter\Session\Handlers\FileHandler' driver.
WARNING - 2023-07-18 02:55:42 --> Session: Sessions is enabled, and one exists.Please don't $session->start();
INFO - 2023-07-18 02:55:47 --> Session: Class initialized using 'CodeIgniter\Session\Handlers\FileHandler' driver.
WARNING - 2023-07-18 02:55:47 --> Session: Sessions is enabled, and one exists.Please don't $session->start();
INFO - 2023-07-18 02:55:59 --> Session: Class initialized using 'CodeIgniter\Session\Handlers\FileHandler' driver.
WARNING - 2023-07-18 02:55:59 --> Session: Sessions is enabled, and one exists.Please don't $session->start();
INFO - 2023-07-18 02:56:15 --> Session: Class initialized using 'CodeIgniter\Session\Handlers\FileHandler' driver.
WARNING - 2023-07-18 02:56:15 --> Session: Sessions is enabled, and one exists.Please don't $session->start();
INFO - 2023-07-18 02:56:15 --> Session: Class initialized using 'CodeIgniter\Session\Handlers\FileHandler' driver.
WARNING - 2023-07-18 02:56:15 --> Session: Sessions is enabled, and one exists.Please don't $session->start();
INFO - 2023-07-18 02:56:21 --> Session: Class initialized using 'CodeIgniter\Session\Handlers\FileHandler' driver.
WARNING - 2023-07-18 02:56:21 --> Session: Sessions is enabled, and one exists.Please don't $session->start();
INFO - 2023-07-18 02:56:47 --> Session: Class initialized using 'CodeIgniter\Session\Handlers\FileHandler' driver.
WARNING - 2023-07-18 02:56:47 --> Session: Sessions is enabled, and one exists.Please don't $session->start();
INFO - 2023-07-18 02:56:53 --> Session: Class initialized using 'CodeIgniter\Session\Handlers\FileHandler' driver.
WARNING - 2023-07-18 02:56:53 --> Session: Sessions is enabled, and one exists.Please don't $session->start();
INFO - 2023-07-18 03:03:35 --> Session: Class initialized using 'CodeIgniter\Session\Handlers\FileHandler' driver.
WARNING - 2023-07-18 03:03:35 --> Session: Sessions is enabled, and one exists.Please don't $session->start();
INFO - 2023-07-18 03:03:38 --> Session: Class initialized using 'CodeIgniter\Session\Handlers\FileHandler' driver.
WARNING - 2023-07-18 03:03:38 --> Session: Sessions is enabled, and one exists.Please don't $session->start();
INFO - 2023-07-18 03:03:52 --> Session: Class initialized using 'CodeIgniter\Session\Handlers\FileHandler' driver.
WARNING - 2023-07-18 03:03:52 --> Session: Sessions is enabled, and one exists.Please don't $session->start();
INFO - 2023-07-18 03:04:00 --> Session: Class initialized using 'CodeIgniter\Session\Handlers\FileHandler' driver.
WARNING - 2023-07-18 03:04:00 --> Session: Sessions is enabled, and one exists.Please don't $session->start();
INFO - 2023-07-18 03:06:21 --> Session: Class initialized using 'CodeIgniter\Session\Handlers\FileHandler' driver.
WARNING - 2023-07-18 03:06:21 --> Session: Sessions is enabled, and one exists.Please don't $session->start();
INFO - 2023-07-18 03:06:24 --> Session: Class initialized using 'CodeIgniter\Session\Handlers\FileHandler' driver.
WARNING - 2023-07-18 03:06:24 --> Session: Sessions is enabled, and one exists.Please don't $session->start();
INFO - 2023-07-18 03:07:14 --> Session: Class initialized using 'CodeIgniter\Session\Handlers\FileHandler' driver.
WARNING - 2023-07-18 03:07:14 --> Session: Sessions is enabled, and one exists.Please don't $session->start();
INFO - 2023-07-18 03:07:56 --> Session: Class initialized using 'CodeIgniter\Session\Handlers\FileHandler' driver.
WARNING - 2023-07-18 03:07:56 --> Session: Sessions is enabled, and one exists.Please don't $session->start();
INFO - 2023-07-18 03:08:17 --> Session: Class initialized using 'CodeIgniter\Session\Handlers\FileHandler' driver.
WARNING - 2023-07-18 03:08:17 --> Session: Sessions is enabled, and one exists.Please don't $session->start();
INFO - 2023-07-18 03:08:17 --> Session: Class initialized using 'CodeIgniter\Session\Handlers\FileHandler' driver.
WARNING - 2023-07-18 03:08:17 --> Session: Sessions is enabled, and one exists.Please don't $session->start();
INFO - 2023-07-18 03:08:23 --> Session: Class initialized using 'CodeIgniter\Session\Handlers\FileHandler' driver.
WARNING - 2023-07-18 03:08:23 --> Session: Sessions is enabled, and one exists.Please don't $session->start();
INFO - 2023-07-18 03:08:31 --> Session: Class initialized using 'CodeIgniter\Session\Handlers\FileHandler' driver.
WARNING - 2023-07-18 03:08:31 --> Session: Sessions is enabled, and one exists.Please don't $session->start();
INFO - 2023-07-18 03:08:36 --> Session: Class initialized using 'CodeIgniter\Session\Handlers\FileHandler' driver.
WARNING - 2023-07-18 03:08:36 --> Session: Sessions is enabled, and one exists.Please don't $session->start();
INFO - 2023-07-18 03:08:36 --> Session: Class initialized using 'CodeIgniter\Session\Handlers\FileHandler' driver.
WARNING - 2023-07-18 03:08:36 --> Session: Sessions is enabled, and one exists.Please don't $session->start();
INFO - 2023-07-18 03:08:41 --> Session: Class initialized using 'CodeIgniter\Session\Handlers\FileHandler' driver.
WARNING - 2023-07-18 03:08:41 --> Session: Sessions is enabled, and one exists.Please don't $session->start();
INFO - 2023-07-18 03:09:00 --> Session: Class initialized using 'CodeIgniter\Session\Handlers\FileHandler' driver.
WARNING - 2023-07-18 03:09:00 --> Session: Sessions is enabled, and one exists.Please don't $session->start();
INFO - 2023-07-18 03:09:00 --> Session: Class initialized using 'CodeIgniter\Session\Handlers\FileHandler' driver.
WARNING - 2023-07-18 03:09:00 --> Session: Sessions is enabled, and one exists.Please don't $session->start();
INFO - 2023-07-18 03:09:05 --> Session: Class initialized using 'CodeIgniter\Session\Handlers\FileHandler' driver.
WARNING - 2023-07-18 03:09:05 --> Session: Sessions is enabled, and one exists.Please don't $session->start();
INFO - 2023-07-18 03:11:28 --> Session: Class initialized using 'CodeIgniter\Session\Handlers\FileHandler' driver.
WARNING - 2023-07-18 03:11:28 --> Session: Sessions is enabled, and one exists.Please don't $session->start();
INFO - 2023-07-18 03:11:49 --> Session: Class initialized using 'CodeIgniter\Session\Handlers\FileHandler' driver.
WARNING - 2023-07-18 03:11:49 --> Session: Sessions is enabled, and one exists.Please don't $session->start();
INFO - 2023-07-18 03:18:19 --> Session: Class initialized using 'CodeIgniter\Session\Handlers\FileHandler' driver.
WARNING - 2023-07-18 03:18:19 --> Session: Sessions is enabled, and one exists.Please don't $session->start();
INFO - 2023-07-18 03:18:28 --> Session: Class initialized using 'CodeIgniter\Session\Handlers\FileHandler' driver.
WARNING - 2023-07-18 03:18:28 --> Session: Sessions is enabled, and one exists.Please don't $session->start();
INFO - 2023-07-18 04:16:59 --> Session: Class initialized using 'CodeIgniter\Session\Handlers\FileHandler' driver.
WARNING - 2023-07-18 04:16:59 --> Session: Sessions is enabled, and one exists.Please don't $session->start();
INFO - 2023-07-18 04:17:07 --> Session: Class initialized using 'CodeIgniter\Session\Handlers\FileHandler' driver.
WARNING - 2023-07-18 04:17:07 --> Session: Sessions is enabled, and one exists.Please don't $session->start();
INFO - 2023-07-18 04:34:19 --> Session: Class initialized using 'CodeIgniter\Session\Handlers\FileHandler' driver.
WARNING - 2023-07-18 04:34:19 --> Session: Sessions is enabled, and one exists.Please don't $session->start();
INFO - 2023-07-18 05:02:13 --> Session: Class initialized using 'CodeIgniter\Session\Handlers\FileHandler' driver.
WARNING - 2023-07-18 05:02:13 --> Session: Sessions is enabled, and one exists.Please don't $session->start();
ERROR - 2023-07-18 05:02:13 --> mysqli_sql_exception: Table 'databis.umkmdata' doesn't exist in C:\xampp\htdocs\projekbis\system\Database\MySQLi\Connection.php:295
Stack trace:
#0 C:\xampp\htdocs\projekbis\system\Database\MySQLi\Connection.php(295): mysqli->query('SELECT COUNT(*)...', 0)
#1 C:\xampp\htdocs\projekbis\system\Database\BaseConnection.php(691): CodeIgniter\Database\MySQLi\Connection->execute('SELECT COUNT(*)...')
#2 C:\xampp\htdocs\projekbis\system\Database\BaseConnection.php(605): CodeIgniter\Database\BaseConnection->simpleQuery('SELECT COUNT(*)...')
#3 C:\xampp\htdocs\projekbis\system\Database\BaseBuilder.php(1700): CodeIgniter\Database\BaseConnection->query('SELECT COUNT(*)...', Array, false)
#4 C:\xampp\htdocs\projekbis\system\Model.php(606): CodeIgniter\Database\BaseBuilder->countAllResults(false)
#5 C:\xampp\htdocs\projekbis\system\BaseModel.php(1188): CodeIgniter\Model->countAllResults(false)
#6 C:\xampp\htdocs\projekbis\app\Controllers\Umkmdata.php(40): CodeIgniter\BaseModel->paginate(10, 'umkmdata')
#7 C:\xampp\htdocs\projekbis\system\CodeIgniter.php(934): App\Controllers\umkmdata->index()
#8 C:\xampp\htdocs\projekbis\system\CodeIgniter.php(499): CodeIgniter\CodeIgniter->runController(Object(App\Controllers\umkmdata))
#9 C:\xampp\htdocs\projekbis\system\CodeIgniter.php(368): CodeIgniter\CodeIgniter->handleRequest(NULL, Object(Config\Cache), false)
#10 C:\xampp\htdocs\projekbis\public\index.php(67): CodeIgniter\CodeIgniter->run()
#11 C:\xampp\htdocs\projekbis\system\Commands\Server\rewrite.php(47): require_once('C:\\xampp\\htdocs...')
#12 {main}
CRITICAL - 2023-07-18 05:02:13 --> Table 'databis.umkmdata' doesn't exist
in SYSTEMPATH\Database\BaseConnection.php on line 645.
 1 SYSTEMPATH\Database\BaseBuilder.php(1700): CodeIgniter\Database\BaseConnection->query('SELECT COUNT(*) AS `numrows`
FROM `umkmdata`', [], false)
 2 SYSTEMPATH\Model.php(606): CodeIgniter\Database\BaseBuilder->countAllResults(false)
 3 SYSTEMPATH\BaseModel.php(1188): CodeIgniter\Model->countAllResults(false)
 4 APPPATH\Controllers\Umkmdata.php(40): CodeIgniter\BaseModel->paginate(10, 'umkmdata')
 5 SYSTEMPATH\CodeIgniter.php(934): App\Controllers\umkmdata->index()
 6 SYSTEMPATH\CodeIgniter.php(499): CodeIgniter\CodeIgniter->runController(Object(App\Controllers\umkmdata))
 7 SYSTEMPATH\CodeIgniter.php(368): CodeIgniter\CodeIgniter->handleRequest(null, Object(Config\Cache), false)
 8 FCPATH\index.php(67): CodeIgniter\CodeIgniter->run()
 9 SYSTEMPATH\Commands\Server\rewrite.php(47): require_once('FCPATH\\index.php')
INFO - 2023-07-18 05:02:53 --> Session: Class initialized using 'CodeIgniter\Session\Handlers\FileHandler' driver.
WARNING - 2023-07-18 05:02:53 --> Session: Sessions is enabled, and one exists.Please don't $session->start();
INFO - 2023-07-18 05:02:58 --> Session: Class initialized using 'CodeIgniter\Session\Handlers\FileHandler' driver.
INFO - 2023-07-18 05:03:36 --> Session: Class initialized using 'CodeIgniter\Session\Handlers\FileHandler' driver.
WARNING - 2023-07-18 05:03:36 --> Session: Sessions is enabled, and one exists.Please don't $session->start();
INFO - 2023-07-18 05:03:40 --> Session: Class initialized using 'CodeIgniter\Session\Handlers\FileHandler' driver.
WARNING - 2023-07-18 05:03:40 --> Session: Sessions is enabled, and one exists.Please don't $session->start();
INFO - 2023-07-18 05:06:41 --> Session: Class initialized using 'CodeIgniter\Session\Handlers\FileHandler' driver.
WARNING - 2023-07-18 05:06:41 --> Session: Sessions is enabled, and one exists.Please don't $session->start();
INFO - 2023-07-18 05:13:26 --> Session: Class initialized using 'CodeIgniter\Session\Handlers\FileHandler' driver.
WARNING - 2023-07-18 05:13:26 --> Session: Sessions is enabled, and one exists.Please don't $session->start();
INFO - 2023-07-18 05:14:02 --> Session: Class initialized using 'CodeIgniter\Session\Handlers\FileHandler' driver.
WARNING - 2023-07-18 05:14:02 --> Session: Sessions is enabled, and one exists.Please don't $session->start();
INFO - 2023-07-18 05:15:33 --> Session: Class initialized using 'CodeIgniter\Session\Handlers\FileHandler' driver.
WARNING - 2023-07-18 05:15:33 --> Session: Sessions is enabled, and one exists.Please don't $session->start();
INFO - 2023-07-18 05:16:42 --> Session: Class initialized using 'CodeIgniter\Session\Handlers\FileHandler' driver.
WARNING - 2023-07-18 05:16:42 --> Session: Sessions is enabled, and one exists.Please don't $session->start();
INFO - 2023-07-18 05:18:35 --> Session: Class initialized using 'CodeIgniter\Session\Handlers\FileHandler' driver.
WARNING - 2023-07-18 05:18:35 --> Session: Sessions is enabled, and one exists.Please don't $session->start();
CRITICAL - 2023-07-18 05:18:35 --> Unsupported operand types: bool & string
in APPPATH\Views\umkmdata\index.php on line 133.
 1 SYSTEMPATH\View\View.php(213): include()
 2 SYSTEMPATH\View\View.php(216): CodeIgniter\View\View->CodeIgniter\View\{closure}()
 3 SYSTEMPATH\Common.php(1184): CodeIgniter\View\View->render('umkmdata/index', [], true)
 4 APPPATH\Controllers\Umkmdata.php(46): view('umkmdata/index', [...])
 5 SYSTEMPATH\CodeIgniter.php(934): App\Controllers\umkmdata->index()
 6 SYSTEMPATH\CodeIgniter.php(499): CodeIgniter\CodeIgniter->runController(Object(App\Controllers\umkmdata))
 7 SYSTEMPATH\CodeIgniter.php(368): CodeIgniter\CodeIgniter->handleRequest(null, Object(Config\Cache), false)
 8 FCPATH\index.php(67): CodeIgniter\CodeIgniter->run()
 9 SYSTEMPATH\Commands\Server\rewrite.php(47): require_once('FCPATH\\index.php')
INFO - 2023-07-18 05:18:53 --> Session: Class initialized using 'CodeIgniter\Session\Handlers\FileHandler' driver.
WARNING - 2023-07-18 05:18:53 --> Session: Sessions is enabled, and one exists.Please don't $session->start();
INFO - 2023-07-18 05:19:31 --> Session: Class initialized using 'CodeIgniter\Session\Handlers\FileHandler' driver.
WARNING - 2023-07-18 05:19:31 --> Session: Sessions is enabled, and one exists.Please don't $session->start();
INFO - 2023-07-18 05:20:50 --> Session: Class initialized using 'CodeIgniter\Session\Handlers\FileHandler' driver.
WARNING - 2023-07-18 05:20:50 --> Session: Sessions is enabled, and one exists.Please don't $session->start();
INFO - 2023-07-18 05:22:34 --> Session: Class initialized using 'CodeIgniter\Session\Handlers\FileHandler' driver.
WARNING - 2023-07-18 05:22:34 --> Session: Sessions is enabled, and one exists.Please don't $session->start();
INFO - 2023-07-18 05:22:46 --> Session: Class initialized using 'CodeIgniter\Session\Handlers\FileHandler' driver.
WARNING - 2023-07-18 05:22:46 --> Session: Sessions is enabled, and one exists.Please don't $session->start();
INFO - 2023-07-18 05:23:24 --> Session: Class initialized using 'CodeIgniter\Session\Handlers\FileHandler' driver.
WARNING - 2023-07-18 05:23:24 --> Session: Sessions is enabled, and one exists.Please don't $session->start();
INFO - 2023-07-18 05:23:43 --> Session: Class initialized using 'CodeIgniter\Session\Handlers\FileHandler' driver.
WARNING - 2023-07-18 05:23:43 --> Session: Sessions is enabled, and one exists.Please don't $session->start();
INFO - 2023-07-18 05:23:58 --> Session: Class initialized using 'CodeIgniter\Session\Handlers\FileHandler' driver.
WARNING - 2023-07-18 05:23:59 --> Session: Sessions is enabled, and one exists.Please don't $session->start();
INFO - 2023-07-18 05:24:07 --> Session: Class initialized using 'CodeIgniter\Session\Handlers\FileHandler' driver.
WARNING - 2023-07-18 05:24:07 --> Session: Sessions is enabled, and one exists.Please don't $session->start();
INFO - 2023-07-18 05:24:26 --> Session: Class initialized using 'CodeIgniter\Session\Handlers\FileHandler' driver.
WARNING - 2023-07-18 05:24:26 --> Session: Sessions is enabled, and one exists.Please don't $session->start();
INFO - 2023-07-18 05:26:42 --> Session: Class initialized using 'CodeIgniter\Session\Handlers\FileHandler' driver.
WARNING - 2023-07-18 05:26:42 --> Session: Sessions is enabled, and one exists.Please don't $session->start();
INFO - 2023-07-18 05:26:54 --> Session: Class initialized using 'CodeIgniter\Session\Handlers\FileHandler' driver.
WARNING - 2023-07-18 05:26:54 --> Session: Sessions is enabled, and one exists.Please don't $session->start();
INFO - 2023-07-18 05:29:56 --> Session: Class initialized using 'CodeIgniter\Session\Handlers\FileHandler' driver.
WARNING - 2023-07-18 05:29:56 --> Session: Sessions is enabled, and one exists.Please don't $session->start();
INFO - 2023-07-18 05:31:31 --> Session: Class initialized using 'CodeIgniter\Session\Handlers\FileHandler' driver.
WARNING - 2023-07-18 05:31:31 --> Session: Sessions is enabled, and one exists.Please don't $session->start();
INFO - 2023-07-18 05:33:09 --> Session: Class initialized using 'CodeIgniter\Session\Handlers\FileHandler' driver.
WARNING - 2023-07-18 05:33:09 --> Session: Sessions is enabled, and one exists.Please don't $session->start();
INFO - 2023-07-18 05:35:47 --> Session: Class initialized using 'CodeIgniter\Session\Handlers\FileHandler' driver.
WARNING - 2023-07-18 05:35:47 --> Session: Sessions is enabled, and one exists.Please don't $session->start();
INFO - 2023-07-18 05:37:46 --> Session: Class initialized using 'CodeIgniter\Session\Handlers\FileHandler' driver.
WARNING - 2023-07-18 05:37:46 --> Session: Sessions is enabled, and one exists.Please don't $session->start();
INFO - 2023-07-18 05:38:17 --> Session: Class initialized using 'CodeIgniter\Session\Handlers\FileHandler' driver.
WARNING - 2023-07-18 05:38:17 --> Session: Sessions is enabled, and one exists.Please don't $session->start();
INFO - 2023-07-18 05:39:42 --> Session: Class initialized using 'CodeIgniter\Session\Handlers\FileHandler' driver.
WARNING - 2023-07-18 05:39:42 --> Session: Sessions is enabled, and one exists.Please don't $session->start();
INFO - 2023-07-18 05:40:28 --> Session: Class initialized using 'CodeIgniter\Session\Handlers\FileHandler' driver.
WARNING - 2023-07-18 05:40:28 --> Session: Sessions is enabled, and one exists.Please don't $session->start();
INFO - 2023-07-18 05:42:25 --> Session: Class initialized using 'CodeIgniter\Session\Handlers\FileHandler' driver.
WARNING - 2023-07-18 05:42:25 --> Session: Sessions is enabled, and one exists.Please don't $session->start();
INFO - 2023-07-18 05:46:07 --> Session: Class initialized using 'CodeIgniter\Session\Handlers\FileHandler' driver.
WARNING - 2023-07-18 05:46:07 --> Session: Sessions is enabled, and one exists.Please don't $session->start();
INFO - 2023-07-18 05:47:23 --> Session: Class initialized using 'CodeIgniter\Session\Handlers\FileHandler' driver.
WARNING - 2023-07-18 05:47:23 --> Session: Sessions is enabled, and one exists.Please don't $session->start();
INFO - 2023-07-18 05:48:11 --> Session: Class initialized using 'CodeIgniter\Session\Handlers\FileHandler' driver.
WARNING - 2023-07-18 05:48:11 --> Session: Sessions is enabled, and one exists.Please don't $session->start();
INFO - 2023-07-18 05:48:59 --> Session: Class initialized using 'CodeIgniter\Session\Handlers\FileHandler' driver.
WARNING - 2023-07-18 05:48:59 --> Session: Sessions is enabled, and one exists.Please don't $session->start();
INFO - 2023-07-18 05:49:31 --> Session: Class initialized using 'CodeIgniter\Session\Handlers\FileHandler' driver.
WARNING - 2023-07-18 05:49:31 --> Session: Sessions is enabled, and one exists.Please don't $session->start();
INFO - 2023-07-18 05:55:58 --> Session: Class initialized using 'CodeIgniter\Session\Handlers\FileHandler' driver.
WARNING - 2023-07-18 05:55:58 --> Session: Sessions is enabled, and one exists.Please don't $session->start();
INFO - 2023-07-18 06:11:28 --> Session: Class initialized using 'CodeIgniter\Session\Handlers\FileHandler' driver.
WARNING - 2023-07-18 06:11:28 --> Session: Sessions is enabled, and one exists.Please don't $session->start();
INFO - 2023-07-18 06:11:41 --> Session: Class initialized using 'CodeIgniter\Session\Handlers\FileHandler' driver.
WARNING - 2023-07-18 06:11:41 --> Session: Sessions is enabled, and one exists.Please don't $session->start();
INFO - 2023-07-18 06:11:46 --> Session: Class initialized using 'CodeIgniter\Session\Handlers\FileHandler' driver.
WARNING - 2023-07-18 06:11:46 --> Session: Sessions is enabled, and one exists.Please don't $session->start();
INFO - 2023-07-18 06:12:43 --> Session: Class initialized using 'CodeIgniter\Session\Handlers\FileHandler' driver.
WARNING - 2023-07-18 06:12:43 --> Session: Sessions is enabled, and one exists.Please don't $session->start();
INFO - 2023-07-18 06:12:45 --> Session: Class initialized using 'CodeIgniter\Session\Handlers\FileHandler' driver.
WARNING - 2023-07-18 06:12:45 --> Session: Sessions is enabled, and one exists.Please don't $session->start();
INFO - 2023-07-18 06:12:53 --> Session: Class initialized using 'CodeIgniter\Session\Handlers\FileHandler' driver.
WARNING - 2023-07-18 06:12:53 --> Session: Sessions is enabled, and one exists.Please don't $session->start();
INFO - 2023-07-18 06:12:59 --> Session: Class initialized using 'CodeIgniter\Session\Handlers\FileHandler' driver.
INFO - 2023-07-18 06:13:11 --> Session: Class initialized using 'CodeIgniter\Session\Handlers\FileHandler' driver.
WARNING - 2023-07-18 06:13:11 --> Session: Sessions is enabled, and one exists.Please don't $session->start();
INFO - 2023-07-18 06:13:22 --> Session: Class initialized using 'CodeIgniter\Session\Handlers\FileHandler' driver.
WARNING - 2023-07-18 06:13:22 --> Session: Sessions is enabled, and one exists.Please don't $session->start();
INFO - 2023-07-18 06:15:29 --> Session: Class initialized using 'CodeIgniter\Session\Handlers\FileHandler' driver.
WARNING - 2023-07-18 06:15:29 --> Session: Sessions is enabled, and one exists.Please don't $session->start();
INFO - 2023-07-18 06:15:30 --> Session: Class initialized using 'CodeIgniter\Session\Handlers\FileHandler' driver.
WARNING - 2023-07-18 06:15:30 --> Session: Sessions is enabled, and one exists.Please don't $session->start();
INFO - 2023-07-18 06:15:39 --> Session: Class initialized using 'CodeIgniter\Session\Handlers\FileHandler' driver.
WARNING - 2023-07-18 06:15:39 --> Session: Sessions is enabled, and one exists.Please don't $session->start();
INFO - 2023-07-18 06:15:46 --> Session: Class initialized using 'CodeIgniter\Session\Handlers\FileHandler' driver.
INFO - 2023-07-18 06:15:55 --> Session: Class initialized using 'CodeIgniter\Session\Handlers\FileHandler' driver.
WARNING - 2023-07-18 06:15:55 --> Session: Sessions is enabled, and one exists.Please don't $session->start();
INFO - 2023-07-18 06:16:01 --> Session: Class initialized using 'CodeIgniter\Session\Handlers\FileHandler' driver.
WARNING - 2023-07-18 06:16:01 --> Session: Sessions is enabled, and one exists.Please don't $session->start();
INFO - 2023-07-18 06:16:29 --> Session: Class initialized using 'CodeIgniter\Session\Handlers\FileHandler' driver.
WARNING - 2023-07-18 06:16:29 --> Session: Sessions is enabled, and one exists.Please don't $session->start();
INFO - 2023-07-18 06:16:29 --> Session: Class initialized using 'CodeIgniter\Session\Handlers\FileHandler' driver.
WARNING - 2023-07-18 06:16:29 --> Session: Sessions is enabled, and one exists.Please don't $session->start();
INFO - 2023-07-18 06:16:37 --> Session: Class initialized using 'CodeIgniter\Session\Handlers\FileHandler' driver.
WARNING - 2023-07-18 06:16:37 --> Session: Sessions is enabled, and one exists.Please don't $session->start();
INFO - 2023-07-18 06:16:50 --> Session: Class initialized using 'CodeIgniter\Session\Handlers\FileHandler' driver.
WARNING - 2023-07-18 06:16:50 --> Session: Sessions is enabled, and one exists.Please don't $session->start();
INFO - 2023-07-18 06:17:18 --> Session: Class initialized using 'CodeIgniter\Session\Handlers\FileHandler' driver.
WARNING - 2023-07-18 06:17:18 --> Session: Sessions is enabled, and one exists.Please don't $session->start();
INFO - 2023-07-18 06:17:18 --> Session: Class initialized using 'CodeIgniter\Session\Handlers\FileHandler' driver.
WARNING - 2023-07-18 06:17:18 --> Session: Sessions is enabled, and one exists.Please don't $session->start();
INFO - 2023-07-18 06:17:28 --> Session: Class initialized using 'CodeIgniter\Session\Handlers\FileHandler' driver.
WARNING - 2023-07-18 06:17:28 --> Session: Sessions is enabled, and one exists.Please don't $session->start();
INFO - 2023-07-18 06:17:53 --> Session: Class initialized using 'CodeIgniter\Session\Handlers\FileHandler' driver.
WARNING - 2023-07-18 06:17:53 --> Session: Sessions is enabled, and one exists.Please don't $session->start();
INFO - 2023-07-18 06:17:59 --> Session: Class initialized using 'CodeIgniter\Session\Handlers\FileHandler' driver.
WARNING - 2023-07-18 06:17:59 --> Session: Sessions is enabled, and one exists.Please don't $session->start();
INFO - 2023-07-18 06:18:57 --> Session: Class initialized using 'CodeIgniter\Session\Handlers\FileHandler' driver.
WARNING - 2023-07-18 06:18:57 --> Session: Sessions is enabled, and one exists.Please don't $session->start();
INFO - 2023-07-18 06:19:54 --> Session: Class initialized using 'CodeIgniter\Session\Handlers\FileHandler' driver.
WARNING - 2023-07-18 06:19:54 --> Session: Sessions is enabled, and one exists.Please don't $session->start();
INFO - 2023-07-18 06:20:05 --> Session: Class initialized using 'CodeIgniter\Session\Handlers\FileHandler' driver.
WARNING - 2023-07-18 06:20:05 --> Session: Sessions is enabled, and one exists.Please don't $session->start();
INFO - 2023-07-18 06:20:05 --> Session: Class initialized using 'CodeIgniter\Session\Handlers\FileHandler' driver.
WARNING - 2023-07-18 06:20:05 --> Session: Sessions is enabled, and one exists.Please don't $session->start();
INFO - 2023-07-18 06:20:14 --> Session: Class initialized using 'CodeIgniter\Session\Handlers\FileHandler' driver.
WARNING - 2023-07-18 06:20:14 --> Session: Sessions is enabled, and one exists.Please don't $session->start();
INFO - 2023-07-18 06:41:49 --> Session: Class initialized using 'CodeIgniter\Session\Handlers\FileHandler' driver.
WARNING - 2023-07-18 06:41:49 --> Session: Sessions is enabled, and one exists.Please don't $session->start();
