INFO - 2023-06-29 04:37:10 --> Session: Class initialized using 'CodeIgniter\Session\Handlers\FileHandler' driver.
INFO - 2023-06-29 04:38:11 --> Session: Class initialized using 'CodeIgniter\Session\Handlers\FileHandler' driver.
INFO - 2023-06-29 04:38:45 --> Session: Class initialized using 'CodeIgniter\Session\Handlers\FileHandler' driver.
INFO - 2023-06-29 04:38:48 --> Session: Class initialized using 'CodeIgniter\Session\Handlers\FileHandler' driver.
INFO - 2023-06-29 04:39:52 --> Session: Class initialized using 'CodeIgniter\Session\Handlers\FileHandler' driver.
INFO - 2023-06-29 04:40:21 --> Session: Class initialized using 'CodeIgniter\Session\Handlers\FileHandler' driver.
CRITICAL - 2023-06-29 04:40:21 --> Undefined array key "role"
in APPPATH\Controllers\Login.php on line 78.
 1 APPPATH\Controllers\Login.php(78): CodeIgniter\Debug\Exceptions->errorHandler(2, 'Undefined array key "role"', 'APPPATH\\Controllers\\Login.php', 78)
 2 SYSTEMPATH\CodeIgniter.php(934): App\Controllers\Login->create()
 3 SYSTEMPATH\CodeIgniter.php(499): CodeIgniter\CodeIgniter->runController(Object(App\Controllers\Login))
 4 SYSTEMPATH\CodeIgniter.php(368): CodeIgniter\CodeIgniter->handleRequest(null, Object(Config\Cache), false)
 5 FCPATH\index.php(67): CodeIgniter\CodeIgniter->run()
 6 SYSTEMPATH\Commands\Server\rewrite.php(47): require_once('FCPATH\\index.php')
INFO - 2023-06-29 04:40:52 --> Session: Class initialized using 'CodeIgniter\Session\Handlers\FileHandler' driver.
INFO - 2023-06-29 04:40:56 --> Session: Class initialized using 'CodeIgniter\Session\Handlers\FileHandler' driver.
INFO - 2023-06-29 04:41:14 --> Session: Class initialized using 'CodeIgniter\Session\Handlers\FileHandler' driver.
INFO - 2023-06-29 04:41:16 --> Session: Class initialized using 'CodeIgniter\Session\Handlers\FileHandler' driver.
INFO - 2023-06-29 04:41:29 --> Session: Class initialized using 'CodeIgniter\Session\Handlers\FileHandler' driver.
INFO - 2023-06-29 04:41:29 --> Session: Class initialized using 'CodeIgniter\Session\Handlers\FileHandler' driver.
INFO - 2023-06-29 04:48:08 --> Session: Class initialized using 'CodeIgniter\Session\Handlers\FileHandler' driver.
CRITICAL - 2023-06-29 04:48:08 --> Class "App\Models\UmkmDataModel" not found
in APPPATH\Controllers\Home.php on line 13.
 1 SYSTEMPATH\CodeIgniter.php(906): App\Controllers\Home->__construct()
 2 SYSTEMPATH\CodeIgniter.php(490): CodeIgniter\CodeIgniter->createController()
 3 SYSTEMPATH\CodeIgniter.php(368): CodeIgniter\CodeIgniter->handleRequest(null, Object(Config\Cache), false)
 4 FCPATH\index.php(67): CodeIgniter\CodeIgniter->run()
 5 SYSTEMPATH\Commands\Server\rewrite.php(47): require_once('FCPATH\\index.php')
CRITICAL - 2023-06-29 04:48:40 --> Class "App\Models\UmkmDataModel" not found
in APPPATH\Controllers\Home.php on line 13.
 1 SYSTEMPATH\CodeIgniter.php(906): App\Controllers\Home->__construct()
 2 SYSTEMPATH\CodeIgniter.php(490): CodeIgniter\CodeIgniter->createController()
 3 SYSTEMPATH\CodeIgniter.php(368): CodeIgniter\CodeIgniter->handleRequest(null, Object(Config\Cache), false)
 4 FCPATH\index.php(67): CodeIgniter\CodeIgniter->run()
 5 SYSTEMPATH\Commands\Server\rewrite.php(47): require_once('FCPATH\\index.php')
CRITICAL - 2023-06-29 04:48:43 --> Class "App\Models\UmkmDataModel" not found
in APPPATH\Controllers\Home.php on line 13.
 1 SYSTEMPATH\CodeIgniter.php(906): App\Controllers\Home->__construct()
 2 SYSTEMPATH\CodeIgniter.php(490): CodeIgniter\CodeIgniter->createController()
 3 SYSTEMPATH\CodeIgniter.php(368): CodeIgniter\CodeIgniter->handleRequest(null, Object(Config\Cache), false)
 4 FCPATH\index.php(67): CodeIgniter\CodeIgniter->run()
 5 SYSTEMPATH\Commands\Server\rewrite.php(47): require_once('FCPATH\\index.php')
INFO - 2023-06-29 04:48:45 --> Session: Class initialized using 'CodeIgniter\Session\Handlers\FileHandler' driver.
INFO - 2023-06-29 04:48:52 --> Session: Class initialized using 'CodeIgniter\Session\Handlers\FileHandler' driver.
CRITICAL - 2023-06-29 04:48:53 --> Call to a member function findAll() on null
in APPPATH\Controllers\Home.php on line 20.
 1 SYSTEMPATH\CodeIgniter.php(934): App\Controllers\Home->index()
 2 SYSTEMPATH\CodeIgniter.php(499): CodeIgniter\CodeIgniter->runController(Object(App\Controllers\Home))
 3 SYSTEMPATH\CodeIgniter.php(368): CodeIgniter\CodeIgniter->handleRequest(null, Object(Config\Cache), false)
 4 FCPATH\index.php(67): CodeIgniter\CodeIgniter->run()
 5 SYSTEMPATH\Commands\Server\rewrite.php(47): require_once('FCPATH\\index.php')
CRITICAL - 2023-06-29 04:49:05 --> Call to a member function findAll() on null
in APPPATH\Controllers\Home.php on line 20.
 1 SYSTEMPATH\CodeIgniter.php(934): App\Controllers\Home->index()
 2 SYSTEMPATH\CodeIgniter.php(499): CodeIgniter\CodeIgniter->runController(Object(App\Controllers\Home))
 3 SYSTEMPATH\CodeIgniter.php(368): CodeIgniter\CodeIgniter->handleRequest(null, Object(Config\Cache), false)
 4 FCPATH\index.php(67): CodeIgniter\CodeIgniter->run()
 5 SYSTEMPATH\Commands\Server\rewrite.php(47): require_once('FCPATH\\index.php')
CRITICAL - 2023-06-29 04:49:09 --> Undefined variable $jumlah
in APPPATH\Views\home.php on line 23.
 1 APPPATH\Views\home.php(23): CodeIgniter\Debug\Exceptions->errorHandler(2, 'Undefined variable $jumlah', 'APPPATH\\Views\\home.php', 23)
 2 SYSTEMPATH\View\View.php(213): include('APPPATH\\Views\\home.php')
 3 SYSTEMPATH\View\View.php(216): CodeIgniter\View\View->CodeIgniter\View\{closure}()
 4 SYSTEMPATH\Common.php(1184): CodeIgniter\View\View->render('home', [], true)
 5 APPPATH\Controllers\Home.php(30): view('home', [...])
 6 SYSTEMPATH\CodeIgniter.php(934): App\Controllers\Home->index()
 7 SYSTEMPATH\CodeIgniter.php(499): CodeIgniter\CodeIgniter->runController(Object(App\Controllers\Home))
 8 SYSTEMPATH\CodeIgniter.php(368): CodeIgniter\CodeIgniter->handleRequest(null, Object(Config\Cache), false)
 9 FCPATH\index.php(67): CodeIgniter\CodeIgniter->run()
10 SYSTEMPATH\Commands\Server\rewrite.php(47): require_once('FCPATH\\index.php')
INFO - 2023-06-29 04:49:54 --> Session: Class initialized using 'CodeIgniter\Session\Handlers\FileHandler' driver.
INFO - 2023-06-29 04:50:04 --> Session: Class initialized using 'CodeIgniter\Session\Handlers\FileHandler' driver.
INFO - 2023-06-29 04:50:05 --> Session: Class initialized using 'CodeIgniter\Session\Handlers\FileHandler' driver.
INFO - 2023-06-29 04:50:15 --> Session: Class initialized using 'CodeIgniter\Session\Handlers\FileHandler' driver.
INFO - 2023-06-29 04:50:15 --> Session: Class initialized using 'CodeIgniter\Session\Handlers\FileHandler' driver.
INFO - 2023-06-29 04:50:17 --> Session: Class initialized using 'CodeIgniter\Session\Handlers\FileHandler' driver.
INFO - 2023-06-29 04:50:20 --> Session: Class initialized using 'CodeIgniter\Session\Handlers\FileHandler' driver.
INFO - 2023-06-29 04:50:23 --> Session: Class initialized using 'CodeIgniter\Session\Handlers\FileHandler' driver.
INFO - 2023-06-29 04:50:30 --> Session: Class initialized using 'CodeIgniter\Session\Handlers\FileHandler' driver.
INFO - 2023-06-29 04:51:08 --> Session: Class initialized using 'CodeIgniter\Session\Handlers\FileHandler' driver.
CRITICAL - 2023-06-29 04:58:12 --> Call to a member function findAll() on null
in APPPATH\Controllers\Home.php on line 20.
 1 SYSTEMPATH\CodeIgniter.php(934): App\Controllers\Home->index()
 2 SYSTEMPATH\CodeIgniter.php(499): CodeIgniter\CodeIgniter->runController(Object(App\Controllers\Home))
 3 SYSTEMPATH\CodeIgniter.php(368): CodeIgniter\CodeIgniter->handleRequest(null, Object(Config\Cache), false)
 4 FCPATH\index.php(67): CodeIgniter\CodeIgniter->run()
 5 SYSTEMPATH\Commands\Server\rewrite.php(47): require_once('FCPATH\\index.php')
CRITICAL - 2023-06-29 04:59:12 --> Undefined variable $jumlah2
in APPPATH\Views\home.php on line 23.
 1 APPPATH\Views\home.php(23): CodeIgniter\Debug\Exceptions->errorHandler(2, 'Undefined variable $jumlah2', 'APPPATH\\Views\\home.php', 23)
 2 SYSTEMPATH\View\View.php(213): include('APPPATH\\Views\\home.php')
 3 SYSTEMPATH\View\View.php(216): CodeIgniter\View\View->CodeIgniter\View\{closure}()
 4 SYSTEMPATH\Common.php(1184): CodeIgniter\View\View->render('home', [], true)
 5 APPPATH\Controllers\Home.php(25): view('home', [...])
 6 SYSTEMPATH\CodeIgniter.php(934): App\Controllers\Home->index()
 7 SYSTEMPATH\CodeIgniter.php(499): CodeIgniter\CodeIgniter->runController(Object(App\Controllers\Home))
 8 SYSTEMPATH\CodeIgniter.php(368): CodeIgniter\CodeIgniter->handleRequest(null, Object(Config\Cache), false)
 9 FCPATH\index.php(67): CodeIgniter\CodeIgniter->run()
10 SYSTEMPATH\Commands\Server\rewrite.php(47): require_once('FCPATH\\index.php')
CRITICAL - 2023-06-29 04:59:15 --> Undefined variable $jumlah2
in APPPATH\Views\home.php on line 23.
 1 APPPATH\Views\home.php(23): CodeIgniter\Debug\Exceptions->errorHandler(2, 'Undefined variable $jumlah2', 'APPPATH\\Views\\home.php', 23)
 2 SYSTEMPATH\View\View.php(213): include('APPPATH\\Views\\home.php')
 3 SYSTEMPATH\View\View.php(216): CodeIgniter\View\View->CodeIgniter\View\{closure}()
 4 SYSTEMPATH\Common.php(1184): CodeIgniter\View\View->render('home', [], true)
 5 APPPATH\Controllers\Home.php(25): view('home', [...])
 6 SYSTEMPATH\CodeIgniter.php(934): App\Controllers\Home->index()
 7 SYSTEMPATH\CodeIgniter.php(499): CodeIgniter\CodeIgniter->runController(Object(App\Controllers\Home))
 8 SYSTEMPATH\CodeIgniter.php(368): CodeIgniter\CodeIgniter->handleRequest(null, Object(Config\Cache), false)
 9 FCPATH\index.php(67): CodeIgniter\CodeIgniter->run()
10 SYSTEMPATH\Commands\Server\rewrite.php(47): require_once('FCPATH\\index.php')
INFO - 2023-06-29 04:59:32 --> Session: Class initialized using 'CodeIgniter\Session\Handlers\FileHandler' driver.
INFO - 2023-06-29 04:59:51 --> Session: Class initialized using 'CodeIgniter\Session\Handlers\FileHandler' driver.
INFO - 2023-06-29 04:59:59 --> Session: Class initialized using 'CodeIgniter\Session\Handlers\FileHandler' driver.
INFO - 2023-06-29 05:01:43 --> Session: Class initialized using 'CodeIgniter\Session\Handlers\FileHandler' driver.
CRITICAL - 2023-06-29 05:01:45 --> "authMiddleware" filter must have a matching alias defined.
in SYSTEMPATH\Filters\Filters.php on line 340.
 1 SYSTEMPATH\Filters\Filters.php(340): CodeIgniter\Filters\Exceptions\FilterException::forNoAlias('authMiddleware')
 2 SYSTEMPATH\CodeIgniter.php(466): CodeIgniter\Filters\Filters->enableFilter('authMiddleware', 'before')
 3 SYSTEMPATH\CodeIgniter.php(368): CodeIgniter\CodeIgniter->handleRequest(null, Object(Config\Cache), false)
 4 FCPATH\index.php(67): CodeIgniter\CodeIgniter->run()
 5 SYSTEMPATH\Commands\Server\rewrite.php(47): require_once('FCPATH\\index.php')
INFO - 2023-06-29 05:01:49 --> Session: Class initialized using 'CodeIgniter\Session\Handlers\FileHandler' driver.
INFO - 2023-06-29 05:03:38 --> Session: Class initialized using 'CodeIgniter\Session\Handlers\FileHandler' driver.
CRITICAL - 2023-06-29 05:03:40 --> Class "Config\AuthMiddleware" not found
in SYSTEMPATH\Filters\Filters.php on line 166.
 1 SYSTEMPATH\CodeIgniter.php(473): CodeIgniter\Filters\Filters->run('job', 'before')
 2 SYSTEMPATH\CodeIgniter.php(368): CodeIgniter\CodeIgniter->handleRequest(null, Object(Config\Cache), false)
 3 FCPATH\index.php(67): CodeIgniter\CodeIgniter->run()
 4 SYSTEMPATH\Commands\Server\rewrite.php(47): require_once('FCPATH\\index.php')
CRITICAL - 2023-06-29 05:05:15 --> Class "Config\AuthMiddleware" not found
in SYSTEMPATH\Filters\Filters.php on line 166.
 1 SYSTEMPATH\CodeIgniter.php(473): CodeIgniter\Filters\Filters->run('job', 'before')
 2 SYSTEMPATH\CodeIgniter.php(368): CodeIgniter\CodeIgniter->handleRequest(null, Object(Config\Cache), false)
 3 FCPATH\index.php(67): CodeIgniter\CodeIgniter->run()
 4 SYSTEMPATH\Commands\Server\rewrite.php(47): require_once('FCPATH\\index.php')
CRITICAL - 2023-06-29 05:07:54 --> Class "Config\AuthMiddleware" not found
in SYSTEMPATH\Filters\Filters.php on line 166.
 1 SYSTEMPATH\CodeIgniter.php(473): CodeIgniter\Filters\Filters->run('job', 'before')
 2 SYSTEMPATH\CodeIgniter.php(368): CodeIgniter\CodeIgniter->handleRequest(null, Object(Config\Cache), false)
 3 FCPATH\index.php(67): CodeIgniter\CodeIgniter->run()
 4 SYSTEMPATH\Commands\Server\rewrite.php(47): require_once('FCPATH\\index.php')
INFO - 2023-06-29 05:07:56 --> Session: Class initialized using 'CodeIgniter\Session\Handlers\FileHandler' driver.
CRITICAL - 2023-06-29 05:07:58 --> Class "Config\AuthMiddleware" not found
in SYSTEMPATH\Filters\Filters.php on line 166.
 1 SYSTEMPATH\CodeIgniter.php(473): CodeIgniter\Filters\Filters->run('job', 'before')
 2 SYSTEMPATH\CodeIgniter.php(368): CodeIgniter\CodeIgniter->handleRequest(null, Object(Config\Cache), false)
 3 FCPATH\index.php(67): CodeIgniter\CodeIgniter->run()
 4 SYSTEMPATH\Commands\Server\rewrite.php(47): require_once('FCPATH\\index.php')
INFO - 2023-06-29 05:08:43 --> Session: Class initialized using 'CodeIgniter\Session\Handlers\FileHandler' driver.
INFO - 2023-06-29 05:14:57 --> Session: Class initialized using 'CodeIgniter\Session\Handlers\FileHandler' driver.
WARNING - 2023-06-29 05:14:57 --> Session: Sessions is enabled, and one exists.Please don't $session->start();
CRITICAL - 2023-06-29 05:14:57 --> Invalid file: "jobs/index.php"
in SYSTEMPATH\Exceptions\FrameworkException.php on line 33.
 1 SYSTEMPATH\View\View.php(201): CodeIgniter\Exceptions\FrameworkException::forInvalidFile('jobs/index.php')
 2 SYSTEMPATH\Common.php(1184): CodeIgniter\View\View->render('jobs/index', [], true)
 3 APPPATH\Controllers\Job.php(36): view('jobs/index', [...])
 4 SYSTEMPATH\CodeIgniter.php(934): App\Controllers\Job->index()
 5 SYSTEMPATH\CodeIgniter.php(499): CodeIgniter\CodeIgniter->runController(Object(App\Controllers\Job))
 6 SYSTEMPATH\CodeIgniter.php(368): CodeIgniter\CodeIgniter->handleRequest(null, Object(Config\Cache), false)
 7 FCPATH\index.php(67): CodeIgniter\CodeIgniter->run()
 8 SYSTEMPATH\Commands\Server\rewrite.php(47): require_once('FCPATH\\index.php')
INFO - 2023-06-29 05:16:22 --> Session: Class initialized using 'CodeIgniter\Session\Handlers\FileHandler' driver.
WARNING - 2023-06-29 05:16:22 --> Session: Sessions is enabled, and one exists.Please don't $session->start();
CRITICAL - 2023-06-29 05:16:22 --> Invalid file: "jobs/index.php"
in SYSTEMPATH\Exceptions\FrameworkException.php on line 33.
 1 SYSTEMPATH\View\View.php(201): CodeIgniter\Exceptions\FrameworkException::forInvalidFile('jobs/index.php')
 2 SYSTEMPATH\Common.php(1184): CodeIgniter\View\View->render('jobs/index', [], true)
 3 APPPATH\Controllers\Job.php(36): view('jobs/index', [...])
 4 SYSTEMPATH\CodeIgniter.php(934): App\Controllers\Job->index()
 5 SYSTEMPATH\CodeIgniter.php(499): CodeIgniter\CodeIgniter->runController(Object(App\Controllers\Job))
 6 SYSTEMPATH\CodeIgniter.php(368): CodeIgniter\CodeIgniter->handleRequest(null, Object(Config\Cache), false)
 7 FCPATH\index.php(67): CodeIgniter\CodeIgniter->run()
 8 SYSTEMPATH\Commands\Server\rewrite.php(47): require_once('FCPATH\\index.php')
INFO - 2023-06-29 05:18:06 --> Session: Class initialized using 'CodeIgniter\Session\Handlers\FileHandler' driver.
WARNING - 2023-06-29 05:18:06 --> Session: Sessions is enabled, and one exists.Please don't $session->start();
CRITICAL - 2023-06-29 05:18:06 --> Invalid file: "jobs/index.php"
in SYSTEMPATH\Exceptions\FrameworkException.php on line 33.
 1 SYSTEMPATH\View\View.php(201): CodeIgniter\Exceptions\FrameworkException::forInvalidFile('jobs/index.php')
 2 SYSTEMPATH\Common.php(1184): CodeIgniter\View\View->render('jobs/index', [], true)
 3 APPPATH\Controllers\Job.php(36): view('jobs/index', [...])
 4 SYSTEMPATH\CodeIgniter.php(934): App\Controllers\Job->index()
 5 SYSTEMPATH\CodeIgniter.php(499): CodeIgniter\CodeIgniter->runController(Object(App\Controllers\Job))
 6 SYSTEMPATH\CodeIgniter.php(368): CodeIgniter\CodeIgniter->handleRequest(null, Object(Config\Cache), false)
 7 FCPATH\index.php(67): CodeIgniter\CodeIgniter->run()
 8 SYSTEMPATH\Commands\Server\rewrite.php(47): require_once('FCPATH\\index.php')
INFO - 2023-06-29 05:18:37 --> Session: Class initialized using 'CodeIgniter\Session\Handlers\FileHandler' driver.
WARNING - 2023-06-29 05:18:37 --> Session: Sessions is enabled, and one exists.Please don't $session->start();
CRITICAL - 2023-06-29 05:18:37 --> Invalid file: "jobs/index.php"
in SYSTEMPATH\Exceptions\FrameworkException.php on line 33.
 1 SYSTEMPATH\View\View.php(201): CodeIgniter\Exceptions\FrameworkException::forInvalidFile('jobs/index.php')
 2 SYSTEMPATH\Common.php(1184): CodeIgniter\View\View->render('jobs/index', [], true)
 3 APPPATH\Controllers\Job.php(36): view('jobs/index', [...])
 4 SYSTEMPATH\CodeIgniter.php(934): App\Controllers\Job->index()
 5 SYSTEMPATH\CodeIgniter.php(499): CodeIgniter\CodeIgniter->runController(Object(App\Controllers\Job))
 6 SYSTEMPATH\CodeIgniter.php(368): CodeIgniter\CodeIgniter->handleRequest(null, Object(Config\Cache), false)
 7 FCPATH\index.php(67): CodeIgniter\CodeIgniter->run()
 8 SYSTEMPATH\Commands\Server\rewrite.php(47): require_once('FCPATH\\index.php')
INFO - 2023-06-29 05:19:06 --> Session: Class initialized using 'CodeIgniter\Session\Handlers\FileHandler' driver.
WARNING - 2023-06-29 05:19:06 --> Session: Sessions is enabled, and one exists.Please don't $session->start();
CRITICAL - 2023-06-29 05:19:06 --> Invalid file: "jobs/index.php"
in SYSTEMPATH\Exceptions\FrameworkException.php on line 33.
 1 SYSTEMPATH\View\View.php(201): CodeIgniter\Exceptions\FrameworkException::forInvalidFile('jobs/index.php')
 2 SYSTEMPATH\Common.php(1184): CodeIgniter\View\View->render('jobs/index', [], true)
 3 APPPATH\Controllers\Job.php(36): view('jobs/index', [...])
 4 SYSTEMPATH\CodeIgniter.php(934): App\Controllers\Job->index()
 5 SYSTEMPATH\CodeIgniter.php(499): CodeIgniter\CodeIgniter->runController(Object(App\Controllers\Job))
 6 SYSTEMPATH\CodeIgniter.php(368): CodeIgniter\CodeIgniter->handleRequest(null, Object(Config\Cache), false)
 7 FCPATH\index.php(67): CodeIgniter\CodeIgniter->run()
 8 SYSTEMPATH\Commands\Server\rewrite.php(47): require_once('FCPATH\\index.php')
INFO - 2023-06-29 05:19:50 --> Session: Class initialized using 'CodeIgniter\Session\Handlers\FileHandler' driver.
WARNING - 2023-06-29 05:19:50 --> Session: Sessions is enabled, and one exists.Please don't $session->start();
CRITICAL - 2023-06-29 05:19:50 --> Undefined variable $job
in APPPATH\Views\umkmdata\index.php on line 36.
 1 APPPATH\Views\umkmdata\index.php(36): CodeIgniter\Debug\Exceptions->errorHandler(2, 'Undefined variable $job', 'APPPATH\\Views\\umkmdata\\index.php', 36)
 2 SYSTEMPATH\View\View.php(213): include('APPPATH\\Views\\umkmdata\\index.php')
 3 SYSTEMPATH\View\View.php(216): CodeIgniter\View\View->CodeIgniter\View\{closure}()
 4 SYSTEMPATH\Common.php(1184): CodeIgniter\View\View->render('umkmdata/index', [], true)
 5 APPPATH\Controllers\Job.php(36): view('umkmdata/index', [...])
 6 SYSTEMPATH\CodeIgniter.php(934): App\Controllers\Job->index()
 7 SYSTEMPATH\CodeIgniter.php(499): CodeIgniter\CodeIgniter->runController(Object(App\Controllers\Job))
 8 SYSTEMPATH\CodeIgniter.php(368): CodeIgniter\CodeIgniter->handleRequest(null, Object(Config\Cache), false)
 9 FCPATH\index.php(67): CodeIgniter\CodeIgniter->run()
10 SYSTEMPATH\Commands\Server\rewrite.php(47): require_once('FCPATH\\index.php')
INFO - 2023-06-29 05:20:40 --> Session: Class initialized using 'CodeIgniter\Session\Handlers\FileHandler' driver.
WARNING - 2023-06-29 05:20:40 --> Session: Sessions is enabled, and one exists.Please don't $session->start();
CRITICAL - 2023-06-29 05:20:40 --> Undefined variable $umkm
in APPPATH\Views\umkmdata\index.php on line 36.
 1 APPPATH\Views\umkmdata\index.php(36): CodeIgniter\Debug\Exceptions->errorHandler(2, 'Undefined variable $umkm', 'APPPATH\\Views\\umkmdata\\index.php', 36)
 2 SYSTEMPATH\View\View.php(213): include('APPPATH\\Views\\umkmdata\\index.php')
 3 SYSTEMPATH\View\View.php(216): CodeIgniter\View\View->CodeIgniter\View\{closure}()
 4 SYSTEMPATH\Common.php(1184): CodeIgniter\View\View->render('umkmdata/index', [], true)
 5 APPPATH\Controllers\Job.php(36): view('umkmdata/index', [...])
 6 SYSTEMPATH\CodeIgniter.php(934): App\Controllers\Job->index()
 7 SYSTEMPATH\CodeIgniter.php(499): CodeIgniter\CodeIgniter->runController(Object(App\Controllers\Job))
 8 SYSTEMPATH\CodeIgniter.php(368): CodeIgniter\CodeIgniter->handleRequest(null, Object(Config\Cache), false)
 9 FCPATH\index.php(67): CodeIgniter\CodeIgniter->run()
10 SYSTEMPATH\Commands\Server\rewrite.php(47): require_once('FCPATH\\index.php')
INFO - 2023-06-29 05:22:07 --> Session: Class initialized using 'CodeIgniter\Session\Handlers\FileHandler' driver.
WARNING - 2023-06-29 05:22:08 --> Session: Sessions is enabled, and one exists.Please don't $session->start();
CRITICAL - 2023-06-29 05:22:08 --> Undefined variable $umkm
in APPPATH\Views\umkmdata\index.php on line 36.
 1 APPPATH\Views\umkmdata\index.php(36): CodeIgniter\Debug\Exceptions->errorHandler(2, 'Undefined variable $umkm', 'APPPATH\\Views\\umkmdata\\index.php', 36)
 2 SYSTEMPATH\View\View.php(213): include('APPPATH\\Views\\umkmdata\\index.php')
 3 SYSTEMPATH\View\View.php(216): CodeIgniter\View\View->CodeIgniter\View\{closure}()
 4 SYSTEMPATH\Common.php(1184): CodeIgniter\View\View->render('umkmdata/index', [], true)
 5 APPPATH\Controllers\Job.php(36): view('umkmdata/index', [...])
 6 SYSTEMPATH\CodeIgniter.php(934): App\Controllers\Job->index()
 7 SYSTEMPATH\CodeIgniter.php(499): CodeIgniter\CodeIgniter->runController(Object(App\Controllers\Job))
 8 SYSTEMPATH\CodeIgniter.php(368): CodeIgniter\CodeIgniter->handleRequest(null, Object(Config\Cache), false)
 9 FCPATH\index.php(67): CodeIgniter\CodeIgniter->run()
10 SYSTEMPATH\Commands\Server\rewrite.php(47): require_once('FCPATH\\index.php')
INFO - 2023-06-29 05:23:45 --> Session: Class initialized using 'CodeIgniter\Session\Handlers\FileHandler' driver.
WARNING - 2023-06-29 05:23:45 --> Session: Sessions is enabled, and one exists.Please don't $session->start();
CRITICAL - 2023-06-29 05:23:45 --> Undefined variable $umkm
in APPPATH\Views\umkmdata\index.php on line 36.
 1 APPPATH\Views\umkmdata\index.php(36): CodeIgniter\Debug\Exceptions->errorHandler(2, 'Undefined variable $umkm', 'APPPATH\\Views\\umkmdata\\index.php', 36)
 2 SYSTEMPATH\View\View.php(213): include('APPPATH\\Views\\umkmdata\\index.php')
 3 SYSTEMPATH\View\View.php(216): CodeIgniter\View\View->CodeIgniter\View\{closure}()
 4 SYSTEMPATH\Common.php(1184): CodeIgniter\View\View->render('umkmdata/index', [], true)
 5 APPPATH\Controllers\Job.php(36): view('umkmdata/index', [...])
 6 SYSTEMPATH\CodeIgniter.php(934): App\Controllers\Job->index()
 7 SYSTEMPATH\CodeIgniter.php(499): CodeIgniter\CodeIgniter->runController(Object(App\Controllers\Job))
 8 SYSTEMPATH\CodeIgniter.php(368): CodeIgniter\CodeIgniter->handleRequest(null, Object(Config\Cache), false)
 9 FCPATH\index.php(67): CodeIgniter\CodeIgniter->run()
10 SYSTEMPATH\Commands\Server\rewrite.php(47): require_once('FCPATH\\index.php')
INFO - 2023-06-29 05:23:47 --> Session: Class initialized using 'CodeIgniter\Session\Handlers\FileHandler' driver.
WARNING - 2023-06-29 05:23:47 --> Session: Sessions is enabled, and one exists.Please don't $session->start();
CRITICAL - 2023-06-29 05:23:47 --> Undefined variable $umkm
in APPPATH\Views\umkmdata\index.php on line 36.
 1 APPPATH\Views\umkmdata\index.php(36): CodeIgniter\Debug\Exceptions->errorHandler(2, 'Undefined variable $umkm', 'APPPATH\\Views\\umkmdata\\index.php', 36)
 2 SYSTEMPATH\View\View.php(213): include('APPPATH\\Views\\umkmdata\\index.php')
 3 SYSTEMPATH\View\View.php(216): CodeIgniter\View\View->CodeIgniter\View\{closure}()
 4 SYSTEMPATH\Common.php(1184): CodeIgniter\View\View->render('umkmdata/index', [], true)
 5 APPPATH\Controllers\Job.php(36): view('umkmdata/index', [...])
 6 SYSTEMPATH\CodeIgniter.php(934): App\Controllers\Job->index()
 7 SYSTEMPATH\CodeIgniter.php(499): CodeIgniter\CodeIgniter->runController(Object(App\Controllers\Job))
 8 SYSTEMPATH\CodeIgniter.php(368): CodeIgniter\CodeIgniter->handleRequest(null, Object(Config\Cache), false)
 9 FCPATH\index.php(67): CodeIgniter\CodeIgniter->run()
10 SYSTEMPATH\Commands\Server\rewrite.php(47): require_once('FCPATH\\index.php')
INFO - 2023-06-29 05:24:01 --> Session: Class initialized using 'CodeIgniter\Session\Handlers\FileHandler' driver.
WARNING - 2023-06-29 05:24:01 --> Session: Sessions is enabled, and one exists.Please don't $session->start();
CRITICAL - 2023-06-29 05:24:01 --> Undefined variable $job
in APPPATH\Views\umkmdata\index.php on line 36.
 1 APPPATH\Views\umkmdata\index.php(36): CodeIgniter\Debug\Exceptions->errorHandler(2, 'Undefined variable $job', 'APPPATH\\Views\\umkmdata\\index.php', 36)
 2 SYSTEMPATH\View\View.php(213): include('APPPATH\\Views\\umkmdata\\index.php')
 3 SYSTEMPATH\View\View.php(216): CodeIgniter\View\View->CodeIgniter\View\{closure}()
 4 SYSTEMPATH\Common.php(1184): CodeIgniter\View\View->render('umkmdata/index', [], true)
 5 APPPATH\Controllers\Job.php(36): view('umkmdata/index', [...])
 6 SYSTEMPATH\CodeIgniter.php(934): App\Controllers\Job->index()
 7 SYSTEMPATH\CodeIgniter.php(499): CodeIgniter\CodeIgniter->runController(Object(App\Controllers\Job))
 8 SYSTEMPATH\CodeIgniter.php(368): CodeIgniter\CodeIgniter->handleRequest(null, Object(Config\Cache), false)
 9 FCPATH\index.php(67): CodeIgniter\CodeIgniter->run()
10 SYSTEMPATH\Commands\Server\rewrite.php(47): require_once('FCPATH\\index.php')
INFO - 2023-06-29 05:24:32 --> Session: Class initialized using 'CodeIgniter\Session\Handlers\FileHandler' driver.
WARNING - 2023-06-29 05:24:32 --> Session: Sessions is enabled, and one exists.Please don't $session->start();
CRITICAL - 2023-06-29 05:24:32 --> Undefined variable $umkm
in APPPATH\Views\umkmdata\index.php on line 36.
 1 APPPATH\Views\umkmdata\index.php(36): CodeIgniter\Debug\Exceptions->errorHandler(2, 'Undefined variable $umkm', 'APPPATH\\Views\\umkmdata\\index.php', 36)
 2 SYSTEMPATH\View\View.php(213): include('APPPATH\\Views\\umkmdata\\index.php')
 3 SYSTEMPATH\View\View.php(216): CodeIgniter\View\View->CodeIgniter\View\{closure}()
 4 SYSTEMPATH\Common.php(1184): CodeIgniter\View\View->render('umkmdata/index', [], true)
 5 APPPATH\Controllers\Job.php(36): view('umkmdata/index', [...])
 6 SYSTEMPATH\CodeIgniter.php(934): App\Controllers\Job->index()
 7 SYSTEMPATH\CodeIgniter.php(499): CodeIgniter\CodeIgniter->runController(Object(App\Controllers\Job))
 8 SYSTEMPATH\CodeIgniter.php(368): CodeIgniter\CodeIgniter->handleRequest(null, Object(Config\Cache), false)
 9 FCPATH\index.php(67): CodeIgniter\CodeIgniter->run()
10 SYSTEMPATH\Commands\Server\rewrite.php(47): require_once('FCPATH\\index.php')
INFO - 2023-06-29 05:25:48 --> Session: Class initialized using 'CodeIgniter\Session\Handlers\FileHandler' driver.
WARNING - 2023-06-29 05:25:48 --> Session: Sessions is enabled, and one exists.Please don't $session->start();
CRITICAL - 2023-06-29 05:25:48 --> Undefined variable $pager
in APPPATH\Views\umkmdata\index.php on line 74.
 1 APPPATH\Views\umkmdata\index.php(74): CodeIgniter\Debug\Exceptions->errorHandler(2, 'Undefined variable $pager', 'APPPATH\\Views\\umkmdata\\index.php', 74)
 2 SYSTEMPATH\View\View.php(213): include('APPPATH\\Views\\umkmdata\\index.php')
 3 SYSTEMPATH\View\View.php(216): CodeIgniter\View\View->CodeIgniter\View\{closure}()
 4 SYSTEMPATH\Common.php(1184): CodeIgniter\View\View->render('umkmdata/index', [], true)
 5 APPPATH\Controllers\Job.php(36): view('umkmdata/index', [...])
 6 SYSTEMPATH\CodeIgniter.php(934): App\Controllers\Job->index()
 7 SYSTEMPATH\CodeIgniter.php(499): CodeIgniter\CodeIgniter->runController(Object(App\Controllers\Job))
 8 SYSTEMPATH\CodeIgniter.php(368): CodeIgniter\CodeIgniter->handleRequest(null, Object(Config\Cache), false)
 9 FCPATH\index.php(67): CodeIgniter\CodeIgniter->run()
10 SYSTEMPATH\Commands\Server\rewrite.php(47): require_once('FCPATH\\index.php')
INFO - 2023-06-29 05:26:02 --> Session: Class initialized using 'CodeIgniter\Session\Handlers\FileHandler' driver.
WARNING - 2023-06-29 05:26:02 --> Session: Sessions is enabled, and one exists.Please don't $session->start();
INFO - 2023-06-29 05:31:03 --> Session: Class initialized using 'CodeIgniter\Session\Handlers\FileHandler' driver.
WARNING - 2023-06-29 05:31:03 --> Session: Sessions is enabled, and one exists.Please don't $session->start();
INFO - 2023-06-29 05:32:50 --> Session: Class initialized using 'CodeIgniter\Session\Handlers\FileHandler' driver.
WARNING - 2023-06-29 05:32:50 --> Session: Sessions is enabled, and one exists.Please don't $session->start();
INFO - 2023-06-29 05:33:16 --> Session: Class initialized using 'CodeIgniter\Session\Handlers\FileHandler' driver.
INFO - 2023-06-29 05:33:18 --> Session: Class initialized using 'CodeIgniter\Session\Handlers\FileHandler' driver.
WARNING - 2023-06-29 05:33:18 --> Session: Sessions is enabled, and one exists.Please don't $session->start();
INFO - 2023-06-29 05:36:51 --> Session: Class initialized using 'CodeIgniter\Session\Handlers\FileHandler' driver.
WARNING - 2023-06-29 05:36:52 --> Session: Sessions is enabled, and one exists.Please don't $session->start();
INFO - 2023-06-29 05:37:29 --> Session: Class initialized using 'CodeIgniter\Session\Handlers\FileHandler' driver.
WARNING - 2023-06-29 05:37:29 --> Session: Sessions is enabled, and one exists.Please don't $session->start();
INFO - 2023-06-29 05:40:35 --> Session: Class initialized using 'CodeIgniter\Session\Handlers\FileHandler' driver.
WARNING - 2023-06-29 05:40:35 --> Session: Sessions is enabled, and one exists.Please don't $session->start();
INFO - 2023-06-29 05:40:39 --> Session: Class initialized using 'CodeIgniter\Session\Handlers\FileHandler' driver.
INFO - 2023-06-29 05:40:46 --> Session: Class initialized using 'CodeIgniter\Session\Handlers\FileHandler' driver.
WARNING - 2023-06-29 05:40:46 --> Session: Sessions is enabled, and one exists.Please don't $session->start();
INFO - 2023-06-29 05:40:52 --> Session: Class initialized using 'CodeIgniter\Session\Handlers\FileHandler' driver.
WARNING - 2023-06-29 05:40:52 --> Session: Sessions is enabled, and one exists.Please don't $session->start();
INFO - 2023-06-29 05:40:57 --> Session: Class initialized using 'CodeIgniter\Session\Handlers\FileHandler' driver.
WARNING - 2023-06-29 05:40:57 --> Session: Sessions is enabled, and one exists.Please don't $session->start();
CRITICAL - 2023-06-29 05:40:57 --> Invalid file: "/jobs/edit.php"
in SYSTEMPATH\Exceptions\FrameworkException.php on line 33.
 1 SYSTEMPATH\View\View.php(201): CodeIgniter\Exceptions\FrameworkException::forInvalidFile('/jobs/edit.php')
 2 SYSTEMPATH\Common.php(1184): CodeIgniter\View\View->render('/jobs/edit', [], true)
 3 APPPATH\Controllers\Job.php(128): view('/jobs/edit', [...])
 4 SYSTEMPATH\CodeIgniter.php(934): App\Controllers\Job->edit('1')
 5 SYSTEMPATH\CodeIgniter.php(499): CodeIgniter\CodeIgniter->runController(Object(App\Controllers\Job))
 6 SYSTEMPATH\CodeIgniter.php(368): CodeIgniter\CodeIgniter->handleRequest(null, Object(Config\Cache), false)
 7 FCPATH\index.php(67): CodeIgniter\CodeIgniter->run()
 8 SYSTEMPATH\Commands\Server\rewrite.php(47): require_once('FCPATH\\index.php')
INFO - 2023-06-29 05:41:01 --> Session: Class initialized using 'CodeIgniter\Session\Handlers\FileHandler' driver.
WARNING - 2023-06-29 05:41:01 --> Session: Sessions is enabled, and one exists.Please don't $session->start();
INFO - 2023-06-29 05:41:20 --> Session: Class initialized using 'CodeIgniter\Session\Handlers\FileHandler' driver.
WARNING - 2023-06-29 05:41:20 --> Session: Sessions is enabled, and one exists.Please don't $session->start();
INFO - 2023-06-29 05:58:55 --> Session: Class initialized using 'CodeIgniter\Session\Handlers\FileHandler' driver.
WARNING - 2023-06-29 05:58:55 --> Session: Sessions is enabled, and one exists.Please don't $session->start();
INFO - 2023-06-29 05:59:05 --> Session: Class initialized using 'CodeIgniter\Session\Handlers\FileHandler' driver.
WARNING - 2023-06-29 05:59:05 --> Session: Sessions is enabled, and one exists.Please don't $session->start();
INFO - 2023-06-29 06:07:39 --> Session: Class initialized using 'CodeIgniter\Session\Handlers\FileHandler' driver.
WARNING - 2023-06-29 06:07:39 --> Session: Sessions is enabled, and one exists.Please don't $session->start();
INFO - 2023-06-29 06:08:48 --> Session: Class initialized using 'CodeIgniter\Session\Handlers\FileHandler' driver.
WARNING - 2023-06-29 06:08:48 --> Session: Sessions is enabled, and one exists.Please don't $session->start();
INFO - 2023-06-29 06:09:28 --> Session: Class initialized using 'CodeIgniter\Session\Handlers\FileHandler' driver.
WARNING - 2023-06-29 06:09:28 --> Session: Sessions is enabled, and one exists.Please don't $session->start();
INFO - 2023-06-29 06:10:38 --> Session: Class initialized using 'CodeIgniter\Session\Handlers\FileHandler' driver.
WARNING - 2023-06-29 06:10:38 --> Session: Sessions is enabled, and one exists.Please don't $session->start();
INFO - 2023-06-29 06:11:54 --> Session: Class initialized using 'CodeIgniter\Session\Handlers\FileHandler' driver.
WARNING - 2023-06-29 06:11:54 --> Session: Sessions is enabled, and one exists.Please don't $session->start();
INFO - 2023-06-29 06:12:00 --> Session: Class initialized using 'CodeIgniter\Session\Handlers\FileHandler' driver.
WARNING - 2023-06-29 06:12:00 --> Session: Sessions is enabled, and one exists.Please don't $session->start();
INFO - 2023-06-29 06:21:51 --> Session: Class initialized using 'CodeIgniter\Session\Handlers\FileHandler' driver.
WARNING - 2023-06-29 06:21:51 --> Session: Sessions is enabled, and one exists.Please don't $session->start();
CRITICAL - 2023-06-29 06:21:51 --> Invalid file: "jobs/upload.php"
in SYSTEMPATH\Exceptions\FrameworkException.php on line 33.
 1 SYSTEMPATH\View\View.php(201): CodeIgniter\Exceptions\FrameworkException::forInvalidFile('jobs/upload.php')
 2 SYSTEMPATH\Common.php(1184): CodeIgniter\View\View->render('jobs/upload', [], true)
 3 APPPATH\Controllers\Job.php(61): view('jobs/upload', [...])
 4 SYSTEMPATH\CodeIgniter.php(934): App\Controllers\Job->create()
 5 SYSTEMPATH\CodeIgniter.php(499): CodeIgniter\CodeIgniter->runController(Object(App\Controllers\Job))
 6 SYSTEMPATH\CodeIgniter.php(368): CodeIgniter\CodeIgniter->handleRequest(null, Object(Config\Cache), false)
 7 FCPATH\index.php(67): CodeIgniter\CodeIgniter->run()
 8 SYSTEMPATH\Commands\Server\rewrite.php(47): require_once('FCPATH\\index.php')
INFO - 2023-06-29 06:21:56 --> Session: Class initialized using 'CodeIgniter\Session\Handlers\FileHandler' driver.
WARNING - 2023-06-29 06:21:56 --> Session: Sessions is enabled, and one exists.Please don't $session->start();
INFO - 2023-06-29 06:22:23 --> Session: Class initialized using 'CodeIgniter\Session\Handlers\FileHandler' driver.
WARNING - 2023-06-29 06:22:23 --> Session: Sessions is enabled, and one exists.Please don't $session->start();
CRITICAL - 2023-06-29 06:22:23 --> Invalid file: "umkm/upload.php"
in SYSTEMPATH\Exceptions\FrameworkException.php on line 33.
 1 SYSTEMPATH\View\View.php(201): CodeIgniter\Exceptions\FrameworkException::forInvalidFile('umkm/upload.php')
 2 SYSTEMPATH\Common.php(1184): CodeIgniter\View\View->render('umkm/upload', [], true)
 3 APPPATH\Controllers\Job.php(61): view('umkm/upload', [...])
 4 SYSTEMPATH\CodeIgniter.php(934): App\Controllers\Job->create()
 5 SYSTEMPATH\CodeIgniter.php(499): CodeIgniter\CodeIgniter->runController(Object(App\Controllers\Job))
 6 SYSTEMPATH\CodeIgniter.php(368): CodeIgniter\CodeIgniter->handleRequest(null, Object(Config\Cache), false)
 7 FCPATH\index.php(67): CodeIgniter\CodeIgniter->run()
 8 SYSTEMPATH\Commands\Server\rewrite.php(47): require_once('FCPATH\\index.php')
INFO - 2023-06-29 06:23:59 --> Session: Class initialized using 'CodeIgniter\Session\Handlers\FileHandler' driver.
WARNING - 2023-06-29 06:24:00 --> Session: Sessions is enabled, and one exists.Please don't $session->start();
INFO - 2023-06-29 06:27:04 --> Session: Class initialized using 'CodeIgniter\Session\Handlers\FileHandler' driver.
WARNING - 2023-06-29 06:27:04 --> Session: Sessions is enabled, and one exists.Please don't $session->start();
INFO - 2023-06-29 06:27:53 --> Session: Class initialized using 'CodeIgniter\Session\Handlers\FileHandler' driver.
WARNING - 2023-06-29 06:27:53 --> Session: Sessions is enabled, and one exists.Please don't $session->start();
INFO - 2023-06-29 06:32:51 --> Session: Class initialized using 'CodeIgniter\Session\Handlers\FileHandler' driver.
WARNING - 2023-06-29 06:32:51 --> Session: Sessions is enabled, and one exists.Please don't $session->start();
INFO - 2023-06-29 06:38:04 --> Session: Class initialized using 'CodeIgniter\Session\Handlers\FileHandler' driver.
WARNING - 2023-06-29 06:38:04 --> Session: Sessions is enabled, and one exists.Please don't $session->start();
INFO - 2023-06-29 06:44:03 --> Session: Class initialized using 'CodeIgniter\Session\Handlers\FileHandler' driver.
WARNING - 2023-06-29 06:44:03 --> Session: Sessions is enabled, and one exists.Please don't $session->start();
INFO - 2023-06-29 06:50:21 --> Session: Class initialized using 'CodeIgniter\Session\Handlers\FileHandler' driver.
WARNING - 2023-06-29 06:50:21 --> Session: Sessions is enabled, and one exists.Please don't $session->start();
INFO - 2023-06-29 06:51:41 --> Session: Class initialized using 'CodeIgniter\Session\Handlers\FileHandler' driver.
WARNING - 2023-06-29 06:51:41 --> Session: Sessions is enabled, and one exists.Please don't $session->start();
INFO - 2023-06-29 06:51:41 --> Session: Class initialized using 'CodeIgniter\Session\Handlers\FileHandler' driver.
WARNING - 2023-06-29 06:51:41 --> Session: Sessions is enabled, and one exists.Please don't $session->start();
INFO - 2023-06-29 06:52:00 --> Session: Class initialized using 'CodeIgniter\Session\Handlers\FileHandler' driver.
WARNING - 2023-06-29 06:52:00 --> Session: Sessions is enabled, and one exists.Please don't $session->start();
INFO - 2023-06-29 06:52:00 --> Session: Class initialized using 'CodeIgniter\Session\Handlers\FileHandler' driver.
WARNING - 2023-06-29 06:52:00 --> Session: Sessions is enabled, and one exists.Please don't $session->start();
INFO - 2023-06-29 06:53:24 --> Session: Class initialized using 'CodeIgniter\Session\Handlers\FileHandler' driver.
WARNING - 2023-06-29 06:53:24 --> Session: Sessions is enabled, and one exists.Please don't $session->start();
INFO - 2023-06-29 06:53:24 --> Session: Class initialized using 'CodeIgniter\Session\Handlers\FileHandler' driver.
WARNING - 2023-06-29 06:53:24 --> Session: Sessions is enabled, and one exists.Please don't $session->start();
INFO - 2023-06-29 06:53:27 --> Session: Class initialized using 'CodeIgniter\Session\Handlers\FileHandler' driver.
WARNING - 2023-06-29 06:53:27 --> Session: Sessions is enabled, and one exists.Please don't $session->start();
INFO - 2023-06-29 06:53:55 --> Session: Class initialized using 'CodeIgniter\Session\Handlers\FileHandler' driver.
WARNING - 2023-06-29 06:53:56 --> Session: Sessions is enabled, and one exists.Please don't $session->start();
INFO - 2023-06-29 06:53:56 --> Session: Class initialized using 'CodeIgniter\Session\Handlers\FileHandler' driver.
WARNING - 2023-06-29 06:53:56 --> Session: Sessions is enabled, and one exists.Please don't $session->start();
INFO - 2023-06-29 06:54:39 --> Session: Class initialized using 'CodeIgniter\Session\Handlers\FileHandler' driver.
WARNING - 2023-06-29 06:54:39 --> Session: Sessions is enabled, and one exists.Please don't $session->start();
INFO - 2023-06-29 07:03:27 --> Session: Class initialized using 'CodeIgniter\Session\Handlers\FileHandler' driver.
WARNING - 2023-06-29 07:03:28 --> Session: Sessions is enabled, and one exists.Please don't $session->start();
CRITICAL - 2023-06-29 07:03:28 --> Invalid file: "/jobs/edit.php"
in SYSTEMPATH\Exceptions\FrameworkException.php on line 33.
 1 SYSTEMPATH\View\View.php(201): CodeIgniter\Exceptions\FrameworkException::forInvalidFile('/jobs/edit.php')
 2 SYSTEMPATH\Common.php(1184): CodeIgniter\View\View->render('/jobs/edit', [], true)
 3 APPPATH\Controllers\Job.php(149): view('/jobs/edit', [...])
 4 SYSTEMPATH\CodeIgniter.php(934): App\Controllers\Job->edit('1')
 5 SYSTEMPATH\CodeIgniter.php(499): CodeIgniter\CodeIgniter->runController(Object(App\Controllers\Job))
 6 SYSTEMPATH\CodeIgniter.php(368): CodeIgniter\CodeIgniter->handleRequest(null, Object(Config\Cache), false)
 7 FCPATH\index.php(67): CodeIgniter\CodeIgniter->run()
 8 SYSTEMPATH\Commands\Server\rewrite.php(47): require_once('FCPATH\\index.php')
INFO - 2023-06-29 07:03:31 --> Session: Class initialized using 'CodeIgniter\Session\Handlers\FileHandler' driver.
WARNING - 2023-06-29 07:03:31 --> Session: Sessions is enabled, and one exists.Please don't $session->start();
INFO - 2023-06-29 07:03:34 --> Session: Class initialized using 'CodeIgniter\Session\Handlers\FileHandler' driver.
WARNING - 2023-06-29 07:03:34 --> Session: Sessions is enabled, and one exists.Please don't $session->start();
INFO - 2023-06-29 07:03:36 --> Session: Class initialized using 'CodeIgniter\Session\Handlers\FileHandler' driver.
WARNING - 2023-06-29 07:03:36 --> Session: Sessions is enabled, and one exists.Please don't $session->start();
INFO - 2023-06-29 07:18:14 --> Session: Class initialized using 'CodeIgniter\Session\Handlers\FileHandler' driver.
WARNING - 2023-06-29 07:18:14 --> Session: Sessions is enabled, and one exists.Please don't $session->start();
INFO - 2023-06-29 07:18:35 --> Session: Class initialized using 'CodeIgniter\Session\Handlers\FileHandler' driver.
WARNING - 2023-06-29 07:18:35 --> Session: Sessions is enabled, and one exists.Please don't $session->start();
INFO - 2023-06-29 07:19:02 --> Session: Class initialized using 'CodeIgniter\Session\Handlers\FileHandler' driver.
WARNING - 2023-06-29 07:19:02 --> Session: Sessions is enabled, and one exists.Please don't $session->start();
INFO - 2023-06-29 07:19:21 --> Session: Class initialized using 'CodeIgniter\Session\Handlers\FileHandler' driver.
WARNING - 2023-06-29 07:19:21 --> Session: Sessions is enabled, and one exists.Please don't $session->start();
INFO - 2023-06-29 07:19:21 --> Session: Class initialized using 'CodeIgniter\Session\Handlers\FileHandler' driver.
WARNING - 2023-06-29 07:19:21 --> Session: Sessions is enabled, and one exists.Please don't $session->start();
INFO - 2023-06-29 07:19:34 --> Session: Class initialized using 'CodeIgniter\Session\Handlers\FileHandler' driver.
WARNING - 2023-06-29 07:19:34 --> Session: Sessions is enabled, and one exists.Please don't $session->start();
INFO - 2023-06-29 07:19:34 --> Session: Class initialized using 'CodeIgniter\Session\Handlers\FileHandler' driver.
WARNING - 2023-06-29 07:19:34 --> Session: Sessions is enabled, and one exists.Please don't $session->start();
INFO - 2023-06-29 07:21:03 --> Session: Class initialized using 'CodeIgniter\Session\Handlers\FileHandler' driver.
WARNING - 2023-06-29 07:21:03 --> Session: Sessions is enabled, and one exists.Please don't $session->start();
INFO - 2023-06-29 07:21:10 --> Session: Class initialized using 'CodeIgniter\Session\Handlers\FileHandler' driver.
WARNING - 2023-06-29 07:21:10 --> Session: Sessions is enabled, and one exists.Please don't $session->start();
INFO - 2023-06-29 07:21:11 --> Session: Class initialized using 'CodeIgniter\Session\Handlers\FileHandler' driver.
WARNING - 2023-06-29 07:21:11 --> Session: Sessions is enabled, and one exists.Please don't $session->start();
INFO - 2023-06-29 07:21:14 --> Session: Class initialized using 'CodeIgniter\Session\Handlers\FileHandler' driver.
WARNING - 2023-06-29 07:21:14 --> Session: Sessions is enabled, and one exists.Please don't $session->start();
INFO - 2023-06-29 07:21:20 --> Session: Class initialized using 'CodeIgniter\Session\Handlers\FileHandler' driver.
WARNING - 2023-06-29 07:21:20 --> Session: Sessions is enabled, and one exists.Please don't $session->start();
INFO - 2023-06-29 07:21:20 --> Session: Class initialized using 'CodeIgniter\Session\Handlers\FileHandler' driver.
WARNING - 2023-06-29 07:21:21 --> Session: Sessions is enabled, and one exists.Please don't $session->start();
INFO - 2023-06-29 07:21:24 --> Session: Class initialized using 'CodeIgniter\Session\Handlers\FileHandler' driver.
WARNING - 2023-06-29 07:21:24 --> Session: Sessions is enabled, and one exists.Please don't $session->start();
INFO - 2023-06-29 07:21:41 --> Session: Class initialized using 'CodeIgniter\Session\Handlers\FileHandler' driver.
WARNING - 2023-06-29 07:21:41 --> Session: Sessions is enabled, and one exists.Please don't $session->start();
INFO - 2023-06-29 07:21:41 --> Session: Class initialized using 'CodeIgniter\Session\Handlers\FileHandler' driver.
WARNING - 2023-06-29 07:21:41 --> Session: Sessions is enabled, and one exists.Please don't $session->start();
INFO - 2023-06-29 07:30:50 --> Session: Class initialized using 'CodeIgniter\Session\Handlers\FileHandler' driver.
WARNING - 2023-06-29 07:30:50 --> Session: Sessions is enabled, and one exists.Please don't $session->start();
CRITICAL - 2023-06-29 07:30:50 --> Cannot access offset of type string on string
in APPPATH\Views\umkmdata\edit.php on line 71.
 1 SYSTEMPATH\View\View.php(213): include()
 2 SYSTEMPATH\View\View.php(216): CodeIgniter\View\View->CodeIgniter\View\{closure}()
 3 SYSTEMPATH\Common.php(1184): CodeIgniter\View\View->render('umkmdata/edit', [], true)
 4 APPPATH\Controllers\Job.php(149): view('umkmdata/edit', [...])
 5 SYSTEMPATH\CodeIgniter.php(934): App\Controllers\Job->edit('1')
 6 SYSTEMPATH\CodeIgniter.php(499): CodeIgniter\CodeIgniter->runController(Object(App\Controllers\Job))
 7 SYSTEMPATH\CodeIgniter.php(368): CodeIgniter\CodeIgniter->handleRequest(null, Object(Config\Cache), false)
 8 FCPATH\index.php(67): CodeIgniter\CodeIgniter->run()
 9 SYSTEMPATH\Commands\Server\rewrite.php(47): require_once('FCPATH\\index.php')
INFO - 2023-06-29 07:31:24 --> Session: Class initialized using 'CodeIgniter\Session\Handlers\FileHandler' driver.
WARNING - 2023-06-29 07:31:24 --> Session: Sessions is enabled, and one exists.Please don't $session->start();
INFO - 2023-06-29 07:32:16 --> Session: Class initialized using 'CodeIgniter\Session\Handlers\FileHandler' driver.
WARNING - 2023-06-29 07:32:16 --> Session: Sessions is enabled, and one exists.Please don't $session->start();
CRITICAL - 2023-06-29 07:32:16 --> Cannot access offset of type string on string
in APPPATH\Views\umkmdata\edit.php on line 70.
 1 SYSTEMPATH\View\View.php(213): include()
 2 SYSTEMPATH\View\View.php(216): CodeIgniter\View\View->CodeIgniter\View\{closure}()
 3 SYSTEMPATH\Common.php(1184): CodeIgniter\View\View->render('umkmdata/edit', [], true)
 4 APPPATH\Controllers\Job.php(149): view('umkmdata/edit', [...])
 5 SYSTEMPATH\CodeIgniter.php(934): App\Controllers\Job->edit('1')
 6 SYSTEMPATH\CodeIgniter.php(499): CodeIgniter\CodeIgniter->runController(Object(App\Controllers\Job))
 7 SYSTEMPATH\CodeIgniter.php(368): CodeIgniter\CodeIgniter->handleRequest(null, Object(Config\Cache), false)
 8 FCPATH\index.php(67): CodeIgniter\CodeIgniter->run()
 9 SYSTEMPATH\Commands\Server\rewrite.php(47): require_once('FCPATH\\index.php')
INFO - 2023-06-29 07:34:06 --> Session: Class initialized using 'CodeIgniter\Session\Handlers\FileHandler' driver.
WARNING - 2023-06-29 07:34:06 --> Session: Sessions is enabled, and one exists.Please don't $session->start();
INFO - 2023-06-29 07:35:17 --> Session: Class initialized using 'CodeIgniter\Session\Handlers\FileHandler' driver.
WARNING - 2023-06-29 07:35:17 --> Session: Sessions is enabled, and one exists.Please don't $session->start();
INFO - 2023-06-29 07:35:17 --> Session: Class initialized using 'CodeIgniter\Session\Handlers\FileHandler' driver.
WARNING - 2023-06-29 07:35:17 --> Session: Sessions is enabled, and one exists.Please don't $session->start();
INFO - 2023-06-29 07:35:23 --> Session: Class initialized using 'CodeIgniter\Session\Handlers\FileHandler' driver.
WARNING - 2023-06-29 07:35:23 --> Session: Sessions is enabled, and one exists.Please don't $session->start();
INFO - 2023-06-29 07:35:44 --> Session: Class initialized using 'CodeIgniter\Session\Handlers\FileHandler' driver.
WARNING - 2023-06-29 07:35:44 --> Session: Sessions is enabled, and one exists.Please don't $session->start();
INFO - 2023-06-29 07:35:44 --> Session: Class initialized using 'CodeIgniter\Session\Handlers\FileHandler' driver.
WARNING - 2023-06-29 07:35:44 --> Session: Sessions is enabled, and one exists.Please don't $session->start();
INFO - 2023-06-29 07:48:54 --> Session: Class initialized using 'CodeIgniter\Session\Handlers\FileHandler' driver.
WARNING - 2023-06-29 07:48:54 --> Session: Sessions is enabled, and one exists.Please don't $session->start();
INFO - 2023-06-29 07:49:19 --> Session: Class initialized using 'CodeIgniter\Session\Handlers\FileHandler' driver.
WARNING - 2023-06-29 07:49:19 --> Session: Sessions is enabled, and one exists.Please don't $session->start();
INFO - 2023-06-29 07:49:38 --> Session: Class initialized using 'CodeIgniter\Session\Handlers\FileHandler' driver.
WARNING - 2023-06-29 07:49:38 --> Session: Sessions is enabled, and one exists.Please don't $session->start();
INFO - 2023-06-29 07:50:01 --> Session: Class initialized using 'CodeIgniter\Session\Handlers\FileHandler' driver.
WARNING - 2023-06-29 07:50:01 --> Session: Sessions is enabled, and one exists.Please don't $session->start();
INFO - 2023-06-29 07:50:16 --> Session: Class initialized using 'CodeIgniter\Session\Handlers\FileHandler' driver.
INFO - 2023-06-29 07:50:25 --> Session: Class initialized using 'CodeIgniter\Session\Handlers\FileHandler' driver.
WARNING - 2023-06-29 07:50:25 --> Session: Sessions is enabled, and one exists.Please don't $session->start();
INFO - 2023-06-29 08:05:09 --> Session: Class initialized using 'CodeIgniter\Session\Handlers\FileHandler' driver.
WARNING - 2023-06-29 08:05:10 --> Session: Sessions is enabled, and one exists.Please don't $session->start();
CRITICAL - 2023-06-29 08:05:10 --> CodeIgniter\Database\BaseBuilder::like(): Argument #2 ($match) must be of type string, array given, called in C:\xampp\htdocs\projekbis\system\Model.php on line 840
in SYSTEMPATH\Database\BaseBuilder.php on line 984.
 1 SYSTEMPATH\Model.php(840): CodeIgniter\Database\BaseBuilder->like('nama', [...])
 2 APPPATH\Models\UmkmDataModel.php(57): CodeIgniter\Model->__call('like', [...])
 3 APPPATH\Controllers\Job.php(32): App\Models\UmkmDataModel->searchData([...])
 4 SYSTEMPATH\CodeIgniter.php(934): App\Controllers\Job->index()
 5 SYSTEMPATH\CodeIgniter.php(499): CodeIgniter\CodeIgniter->runController(Object(App\Controllers\Job))
 6 SYSTEMPATH\CodeIgniter.php(368): CodeIgniter\CodeIgniter->handleRequest(null, Object(Config\Cache), false)
 7 FCPATH\index.php(67): CodeIgniter\CodeIgniter->run()
 8 SYSTEMPATH\Commands\Server\rewrite.php(47): require_once('FCPATH\\index.php')
INFO - 2023-06-29 08:09:20 --> Session: Class initialized using 'CodeIgniter\Session\Handlers\FileHandler' driver.
WARNING - 2023-06-29 08:09:20 --> Session: Sessions is enabled, and one exists.Please don't $session->start();
CRITICAL - 2023-06-29 08:09:20 --> explode(): Argument #2 ($string) must be of type string, array given
in APPPATH\Models\UmkmDataModel.php on line 57.
 1 APPPATH\Models\UmkmDataModel.php(57): explode(' ', [...])
 2 APPPATH\Controllers\Job.php(32): App\Models\UmkmDataModel->searchData([...])
 3 SYSTEMPATH\CodeIgniter.php(934): App\Controllers\Job->index()
 4 SYSTEMPATH\CodeIgniter.php(499): CodeIgniter\CodeIgniter->runController(Object(App\Controllers\Job))
 5 SYSTEMPATH\CodeIgniter.php(368): CodeIgniter\CodeIgniter->handleRequest(null, Object(Config\Cache), false)
 6 FCPATH\index.php(67): CodeIgniter\CodeIgniter->run()
 7 SYSTEMPATH\Commands\Server\rewrite.php(47): require_once('FCPATH\\index.php')
INFO - 2023-06-29 08:10:31 --> Session: Class initialized using 'CodeIgniter\Session\Handlers\FileHandler' driver.
WARNING - 2023-06-29 08:10:31 --> Session: Sessions is enabled, and one exists.Please don't $session->start();
CRITICAL - 2023-06-29 08:10:31 --> Array to string conversion
in APPPATH\Views\umkmdata\index.php on line 13.
 1 APPPATH\Views\umkmdata\index.php(13): CodeIgniter\Debug\Exceptions->errorHandler(2, 'Array to string conversion', 'APPPATH\\Views\\umkmdata\\index.php', 13)
 2 SYSTEMPATH\View\View.php(213): include('APPPATH\\Views\\umkmdata\\index.php')
 3 SYSTEMPATH\View\View.php(216): CodeIgniter\View\View->CodeIgniter\View\{closure}()
 4 SYSTEMPATH\Common.php(1184): CodeIgniter\View\View->render('umkmdata/index', [], true)
 5 APPPATH\Controllers\Job.php(43): view('umkmdata/index', [...])
 6 SYSTEMPATH\CodeIgniter.php(934): App\Controllers\Job->index()
 7 SYSTEMPATH\CodeIgniter.php(499): CodeIgniter\CodeIgniter->runController(Object(App\Controllers\Job))
 8 SYSTEMPATH\CodeIgniter.php(368): CodeIgniter\CodeIgniter->handleRequest(null, Object(Config\Cache), false)
 9 FCPATH\index.php(67): CodeIgniter\CodeIgniter->run()
10 SYSTEMPATH\Commands\Server\rewrite.php(47): require_once('FCPATH\\index.php')
INFO - 2023-06-29 08:12:08 --> Session: Class initialized using 'CodeIgniter\Session\Handlers\FileHandler' driver.
WARNING - 2023-06-29 08:12:08 --> Session: Sessions is enabled, and one exists.Please don't $session->start();
INFO - 2023-06-29 08:12:27 --> Session: Class initialized using 'CodeIgniter\Session\Handlers\FileHandler' driver.
WARNING - 2023-06-29 08:12:27 --> Session: Sessions is enabled, and one exists.Please don't $session->start();
INFO - 2023-06-29 08:13:28 --> Session: Class initialized using 'CodeIgniter\Session\Handlers\FileHandler' driver.
WARNING - 2023-06-29 08:13:28 --> Session: Sessions is enabled, and one exists.Please don't $session->start();
INFO - 2023-06-29 08:13:32 --> Session: Class initialized using 'CodeIgniter\Session\Handlers\FileHandler' driver.
WARNING - 2023-06-29 08:13:32 --> Session: Sessions is enabled, and one exists.Please don't $session->start();
INFO - 2023-06-29 08:14:14 --> Session: Class initialized using 'CodeIgniter\Session\Handlers\FileHandler' driver.
WARNING - 2023-06-29 08:14:14 --> Session: Sessions is enabled, and one exists.Please don't $session->start();
INFO - 2023-06-29 08:14:19 --> Session: Class initialized using 'CodeIgniter\Session\Handlers\FileHandler' driver.
WARNING - 2023-06-29 08:14:19 --> Session: Sessions is enabled, and one exists.Please don't $session->start();
INFO - 2023-06-29 08:14:51 --> Session: Class initialized using 'CodeIgniter\Session\Handlers\FileHandler' driver.
WARNING - 2023-06-29 08:14:51 --> Session: Sessions is enabled, and one exists.Please don't $session->start();
INFO - 2023-06-29 08:14:55 --> Session: Class initialized using 'CodeIgniter\Session\Handlers\FileHandler' driver.
WARNING - 2023-06-29 08:14:55 --> Session: Sessions is enabled, and one exists.Please don't $session->start();
CRITICAL - 2023-06-29 08:14:55 --> Cannot access offset of type string on string
in APPPATH\Controllers\Job.php on line 31.
 1 SYSTEMPATH\CodeIgniter.php(934): App\Controllers\Job->index()
 2 SYSTEMPATH\CodeIgniter.php(499): CodeIgniter\CodeIgniter->runController(Object(App\Controllers\Job))
 3 SYSTEMPATH\CodeIgniter.php(368): CodeIgniter\CodeIgniter->handleRequest(null, Object(Config\Cache), false)
 4 FCPATH\index.php(67): CodeIgniter\CodeIgniter->run()
 5 SYSTEMPATH\Commands\Server\rewrite.php(47): require_once('FCPATH\\index.php')
INFO - 2023-06-29 08:17:36 --> Session: Class initialized using 'CodeIgniter\Session\Handlers\FileHandler' driver.
WARNING - 2023-06-29 08:17:36 --> Session: Sessions is enabled, and one exists.Please don't $session->start();
CRITICAL - 2023-06-29 08:17:36 --> Array to string conversion
in APPPATH\Views\umkmdata\index.php on line 14.
 1 APPPATH\Views\umkmdata\index.php(14): CodeIgniter\Debug\Exceptions->errorHandler(2, 'Array to string conversion', 'APPPATH\\Views\\umkmdata\\index.php', 14)
 2 SYSTEMPATH\View\View.php(213): include('APPPATH\\Views\\umkmdata\\index.php')
 3 SYSTEMPATH\View\View.php(216): CodeIgniter\View\View->CodeIgniter\View\{closure}()
 4 SYSTEMPATH\Common.php(1184): CodeIgniter\View\View->render('umkmdata/index', [], true)
 5 APPPATH\Controllers\Job.php(43): view('umkmdata/index', [...])
 6 SYSTEMPATH\CodeIgniter.php(934): App\Controllers\Job->index()
 7 SYSTEMPATH\CodeIgniter.php(499): CodeIgniter\CodeIgniter->runController(Object(App\Controllers\Job))
 8 SYSTEMPATH\CodeIgniter.php(368): CodeIgniter\CodeIgniter->handleRequest(null, Object(Config\Cache), false)
 9 FCPATH\index.php(67): CodeIgniter\CodeIgniter->run()
10 SYSTEMPATH\Commands\Server\rewrite.php(47): require_once('FCPATH\\index.php')
INFO - 2023-06-29 08:18:33 --> Session: Class initialized using 'CodeIgniter\Session\Handlers\FileHandler' driver.
WARNING - 2023-06-29 08:18:33 --> Session: Sessions is enabled, and one exists.Please don't $session->start();
CRITICAL - 2023-06-29 08:18:34 --> htmlspecialchars(): Argument #1 ($string) must be of type string, array given
in APPPATH\Views\umkmdata\index.php on line 14.
 1 APPPATH\Views\umkmdata\index.php(14): htmlspecialchars([...], 3, 'UTF-8')
 2 SYSTEMPATH\View\View.php(213): include('APPPATH\\Views\\umkmdata\\index.php')
 3 SYSTEMPATH\View\View.php(216): CodeIgniter\View\View->CodeIgniter\View\{closure}()
 4 SYSTEMPATH\Common.php(1184): CodeIgniter\View\View->render('umkmdata/index', [], true)
 5 APPPATH\Controllers\Job.php(43): view('umkmdata/index', [...])
 6 SYSTEMPATH\CodeIgniter.php(934): App\Controllers\Job->index()
 7 SYSTEMPATH\CodeIgniter.php(499): CodeIgniter\CodeIgniter->runController(Object(App\Controllers\Job))
 8 SYSTEMPATH\CodeIgniter.php(368): CodeIgniter\CodeIgniter->handleRequest(null, Object(Config\Cache), false)
 9 FCPATH\index.php(67): CodeIgniter\CodeIgniter->run()
10 SYSTEMPATH\Commands\Server\rewrite.php(47): require_once('FCPATH\\index.php')
INFO - 2023-06-29 08:18:59 --> Session: Class initialized using 'CodeIgniter\Session\Handlers\FileHandler' driver.
WARNING - 2023-06-29 08:18:59 --> Session: Sessions is enabled, and one exists.Please don't $session->start();
CRITICAL - 2023-06-29 08:18:59 --> Array to string conversion
in APPPATH\Views\umkmdata\index.php on line 14.
 1 APPPATH\Views\umkmdata\index.php(14): CodeIgniter\Debug\Exceptions->errorHandler(2, 'Array to string conversion', 'APPPATH\\Views\\umkmdata\\index.php', 14)
 2 SYSTEMPATH\View\View.php(213): include('APPPATH\\Views\\umkmdata\\index.php')
 3 SYSTEMPATH\View\View.php(216): CodeIgniter\View\View->CodeIgniter\View\{closure}()
 4 SYSTEMPATH\Common.php(1184): CodeIgniter\View\View->render('umkmdata/index', [], true)
 5 APPPATH\Controllers\Job.php(43): view('umkmdata/index', [...])
 6 SYSTEMPATH\CodeIgniter.php(934): App\Controllers\Job->index()
 7 SYSTEMPATH\CodeIgniter.php(499): CodeIgniter\CodeIgniter->runController(Object(App\Controllers\Job))
 8 SYSTEMPATH\CodeIgniter.php(368): CodeIgniter\CodeIgniter->handleRequest(null, Object(Config\Cache), false)
 9 FCPATH\index.php(67): CodeIgniter\CodeIgniter->run()
10 SYSTEMPATH\Commands\Server\rewrite.php(47): require_once('FCPATH\\index.php')
INFO - 2023-06-29 08:19:29 --> Session: Class initialized using 'CodeIgniter\Session\Handlers\FileHandler' driver.
WARNING - 2023-06-29 08:19:29 --> Session: Sessions is enabled, and one exists.Please don't $session->start();
INFO - 2023-06-29 08:24:08 --> Session: Class initialized using 'CodeIgniter\Session\Handlers\FileHandler' driver.
WARNING - 2023-06-29 08:24:08 --> Session: Sessions is enabled, and one exists.Please don't $session->start();
CRITICAL - 2023-06-29 08:24:08 --> Call to a member function findAll() on array
in APPPATH\Controllers\Job.php on line 34.
 1 SYSTEMPATH\CodeIgniter.php(934): App\Controllers\Job->index()
 2 SYSTEMPATH\CodeIgniter.php(499): CodeIgniter\CodeIgniter->runController(Object(App\Controllers\Job))
 3 SYSTEMPATH\CodeIgniter.php(368): CodeIgniter\CodeIgniter->handleRequest(null, Object(Config\Cache), false)
 4 FCPATH\index.php(67): CodeIgniter\CodeIgniter->run()
 5 SYSTEMPATH\Commands\Server\rewrite.php(47): require_once('FCPATH\\index.php')
INFO - 2023-06-29 08:24:55 --> Session: Class initialized using 'CodeIgniter\Session\Handlers\FileHandler' driver.
WARNING - 2023-06-29 08:24:55 --> Session: Sessions is enabled, and one exists.Please don't $session->start();
CRITICAL - 2023-06-29 08:24:55 --> Undefined variable $search
in APPPATH\Views\umkmdata\index.php on line 13.
 1 APPPATH\Views\umkmdata\index.php(13): CodeIgniter\Debug\Exceptions->errorHandler(2, 'Undefined variable $search', 'APPPATH\\Views\\umkmdata\\index.php', 13)
 2 SYSTEMPATH\View\View.php(213): include('APPPATH\\Views\\umkmdata\\index.php')
 3 SYSTEMPATH\View\View.php(216): CodeIgniter\View\View->CodeIgniter\View\{closure}()
 4 SYSTEMPATH\Common.php(1184): CodeIgniter\View\View->render('umkmdata/index', [], true)
 5 APPPATH\Controllers\Job.php(48): view('umkmdata/index', [...])
 6 SYSTEMPATH\CodeIgniter.php(934): App\Controllers\Job->index()
 7 SYSTEMPATH\CodeIgniter.php(499): CodeIgniter\CodeIgniter->runController(Object(App\Controllers\Job))
 8 SYSTEMPATH\CodeIgniter.php(368): CodeIgniter\CodeIgniter->handleRequest(null, Object(Config\Cache), false)
 9 FCPATH\index.php(67): CodeIgniter\CodeIgniter->run()
10 SYSTEMPATH\Commands\Server\rewrite.php(47): require_once('FCPATH\\index.php')
INFO - 2023-06-29 08:24:58 --> Session: Class initialized using 'CodeIgniter\Session\Handlers\FileHandler' driver.
WARNING - 2023-06-29 08:24:58 --> Session: Sessions is enabled, and one exists.Please don't $session->start();
CRITICAL - 2023-06-29 08:24:58 --> Undefined variable $search
in APPPATH\Views\umkmdata\index.php on line 13.
 1 APPPATH\Views\umkmdata\index.php(13): CodeIgniter\Debug\Exceptions->errorHandler(2, 'Undefined variable $search', 'APPPATH\\Views\\umkmdata\\index.php', 13)
 2 SYSTEMPATH\View\View.php(213): include('APPPATH\\Views\\umkmdata\\index.php')
 3 SYSTEMPATH\View\View.php(216): CodeIgniter\View\View->CodeIgniter\View\{closure}()
 4 SYSTEMPATH\Common.php(1184): CodeIgniter\View\View->render('umkmdata/index', [], true)
 5 APPPATH\Controllers\Job.php(48): view('umkmdata/index', [...])
 6 SYSTEMPATH\CodeIgniter.php(934): App\Controllers\Job->index()
 7 SYSTEMPATH\CodeIgniter.php(499): CodeIgniter\CodeIgniter->runController(Object(App\Controllers\Job))
 8 SYSTEMPATH\CodeIgniter.php(368): CodeIgniter\CodeIgniter->handleRequest(null, Object(Config\Cache), false)
 9 FCPATH\index.php(67): CodeIgniter\CodeIgniter->run()
10 SYSTEMPATH\Commands\Server\rewrite.php(47): require_once('FCPATH\\index.php')
INFO - 2023-06-29 08:25:34 --> Session: Class initialized using 'CodeIgniter\Session\Handlers\FileHandler' driver.
WARNING - 2023-06-29 08:25:34 --> Session: Sessions is enabled, and one exists.Please don't $session->start();
INFO - 2023-06-29 08:25:43 --> Session: Class initialized using 'CodeIgniter\Session\Handlers\FileHandler' driver.
WARNING - 2023-06-29 08:25:43 --> Session: Sessions is enabled, and one exists.Please don't $session->start();
CRITICAL - 2023-06-29 08:25:43 --> Call to a member function like() on array
in APPPATH\Controllers\Job.php on line 36.
 1 SYSTEMPATH\CodeIgniter.php(934): App\Controllers\Job->index()
 2 SYSTEMPATH\CodeIgniter.php(499): CodeIgniter\CodeIgniter->runController(Object(App\Controllers\Job))
 3 SYSTEMPATH\CodeIgniter.php(368): CodeIgniter\CodeIgniter->handleRequest(null, Object(Config\Cache), false)
 4 FCPATH\index.php(67): CodeIgniter\CodeIgniter->run()
 5 SYSTEMPATH\Commands\Server\rewrite.php(47): require_once('FCPATH\\index.php')
INFO - 2023-06-29 08:29:52 --> Session: Class initialized using 'CodeIgniter\Session\Handlers\FileHandler' driver.
WARNING - 2023-06-29 08:29:52 --> Session: Sessions is enabled, and one exists.Please don't $session->start();
ERROR - 2023-06-29 08:29:52 --> mysqli_sql_exception: Unknown column 'name' in 'where clause' in C:\xampp\htdocs\projekbis\system\Database\MySQLi\Connection.php:295
Stack trace:
#0 C:\xampp\htdocs\projekbis\system\Database\MySQLi\Connection.php(295): mysqli->query('SELECT *\nFROM `...', 0)
#1 C:\xampp\htdocs\projekbis\system\Database\BaseConnection.php(691): CodeIgniter\Database\MySQLi\Connection->execute('SELECT *\nFROM `...')
#2 C:\xampp\htdocs\projekbis\system\Database\BaseConnection.php(605): CodeIgniter\Database\BaseConnection->simpleQuery('SELECT *\nFROM `...')
#3 C:\xampp\htdocs\projekbis\system\Database\BaseBuilder.php(1616): CodeIgniter\Database\BaseConnection->query('SELECT *\nFROM `...', Array, false)
#4 C:\xampp\htdocs\projekbis\system\Model.php(241): CodeIgniter\Database\BaseBuilder->get()
#5 C:\xampp\htdocs\projekbis\system\BaseModel.php(618): CodeIgniter\Model->doFindAll(0, 0)
#6 C:\xampp\htdocs\projekbis\app\Controllers\Job.php(37): CodeIgniter\BaseModel->findAll()
#7 C:\xampp\htdocs\projekbis\system\CodeIgniter.php(934): App\Controllers\Job->index()
#8 C:\xampp\htdocs\projekbis\system\CodeIgniter.php(499): CodeIgniter\CodeIgniter->runController(Object(App\Controllers\Job))
#9 C:\xampp\htdocs\projekbis\system\CodeIgniter.php(368): CodeIgniter\CodeIgniter->handleRequest(NULL, Object(Config\Cache), false)
#10 C:\xampp\htdocs\projekbis\public\index.php(67): CodeIgniter\CodeIgniter->run()
#11 C:\xampp\htdocs\projekbis\system\Commands\Server\rewrite.php(47): require_once('C:\\xampp\\htdocs...')
#12 {main}
CRITICAL - 2023-06-29 08:29:52 --> Unknown column 'name' in 'where clause'
in SYSTEMPATH\Database\BaseConnection.php on line 645.
 1 SYSTEMPATH\Database\BaseBuilder.php(1616): CodeIgniter\Database\BaseConnection->query('SELECT *
FROM `umkmdata`
WHERE `name` LIKE :name: ESCAPE \'!\'
OR  `nama` LIKE :nama: ESCAPE \'!\'', [...], false)
 2 SYSTEMPATH\Model.php(241): CodeIgniter\Database\BaseBuilder->get()
 3 SYSTEMPATH\BaseModel.php(618): CodeIgniter\Model->doFindAll(0, 0)
 4 APPPATH\Controllers\Job.php(37): CodeIgniter\BaseModel->findAll()
 5 SYSTEMPATH\CodeIgniter.php(934): App\Controllers\Job->index()
 6 SYSTEMPATH\CodeIgniter.php(499): CodeIgniter\CodeIgniter->runController(Object(App\Controllers\Job))
 7 SYSTEMPATH\CodeIgniter.php(368): CodeIgniter\CodeIgniter->handleRequest(null, Object(Config\Cache), false)
 8 FCPATH\index.php(67): CodeIgniter\CodeIgniter->run()
 9 SYSTEMPATH\Commands\Server\rewrite.php(47): require_once('FCPATH\\index.php')
INFO - 2023-06-29 08:30:06 --> Session: Class initialized using 'CodeIgniter\Session\Handlers\FileHandler' driver.
WARNING - 2023-06-29 08:30:06 --> Session: Sessions is enabled, and one exists.Please don't $session->start();
INFO - 2023-06-29 08:30:11 --> Session: Class initialized using 'CodeIgniter\Session\Handlers\FileHandler' driver.
WARNING - 2023-06-29 08:30:11 --> Session: Sessions is enabled, and one exists.Please don't $session->start();
INFO - 2023-06-29 08:30:25 --> Session: Class initialized using 'CodeIgniter\Session\Handlers\FileHandler' driver.
WARNING - 2023-06-29 08:30:25 --> Session: Sessions is enabled, and one exists.Please don't $session->start();
INFO - 2023-06-29 08:32:08 --> Session: Class initialized using 'CodeIgniter\Session\Handlers\FileHandler' driver.
WARNING - 2023-06-29 08:32:08 --> Session: Sessions is enabled, and one exists.Please don't $session->start();
INFO - 2023-06-29 08:32:51 --> Session: Class initialized using 'CodeIgniter\Session\Handlers\FileHandler' driver.
WARNING - 2023-06-29 08:32:51 --> Session: Sessions is enabled, and one exists.Please don't $session->start();
INFO - 2023-06-29 08:36:05 --> Session: Class initialized using 'CodeIgniter\Session\Handlers\FileHandler' driver.
WARNING - 2023-06-29 08:36:05 --> Session: Sessions is enabled, and one exists.Please don't $session->start();
INFO - 2023-06-29 08:36:08 --> Session: Class initialized using 'CodeIgniter\Session\Handlers\FileHandler' driver.
WARNING - 2023-06-29 08:36:08 --> Session: Sessions is enabled, and one exists.Please don't $session->start();
INFO - 2023-06-29 08:39:12 --> Session: Class initialized using 'CodeIgniter\Session\Handlers\FileHandler' driver.
WARNING - 2023-06-29 08:39:12 --> Session: Sessions is enabled, and one exists.Please don't $session->start();
INFO - 2023-06-29 08:39:14 --> Session: Class initialized using 'CodeIgniter\Session\Handlers\FileHandler' driver.
WARNING - 2023-06-29 08:39:14 --> Session: Sessions is enabled, and one exists.Please don't $session->start();
INFO - 2023-06-29 08:39:34 --> Session: Class initialized using 'CodeIgniter\Session\Handlers\FileHandler' driver.
WARNING - 2023-06-29 08:39:34 --> Session: Sessions is enabled, and one exists.Please don't $session->start();
INFO - 2023-06-29 08:58:00 --> Session: Class initialized using 'CodeIgniter\Session\Handlers\FileHandler' driver.
CRITICAL - 2023-06-29 08:58:00 --> Array and string offset access syntax with curly braces is no longer supported
in APPPATH\Controllers\Job.php on line 36.
 1 [internal function]: CodeIgniter\Debug\Exceptions->shutdownHandler()
INFO - 2023-06-29 08:59:32 --> Session: Class initialized using 'CodeIgniter\Session\Handlers\FileHandler' driver.
WARNING - 2023-06-29 08:59:32 --> Session: Sessions is enabled, and one exists.Please don't $session->start();
INFO - 2023-06-29 09:00:09 --> Session: Class initialized using 'CodeIgniter\Session\Handlers\FileHandler' driver.
WARNING - 2023-06-29 09:00:09 --> Session: Sessions is enabled, and one exists.Please don't $session->start();
CRITICAL - 2023-06-29 09:00:09 --> Call to a member function like() on array
in APPPATH\Controllers\Job.php on line 34.
 1 SYSTEMPATH\CodeIgniter.php(934): App\Controllers\Job->index()
 2 SYSTEMPATH\CodeIgniter.php(499): CodeIgniter\CodeIgniter->runController(Object(App\Controllers\Job))
 3 SYSTEMPATH\CodeIgniter.php(368): CodeIgniter\CodeIgniter->handleRequest(null, Object(Config\Cache), false)
 4 FCPATH\index.php(67): CodeIgniter\CodeIgniter->run()
 5 SYSTEMPATH\Commands\Server\rewrite.php(47): require_once('FCPATH\\index.php')
INFO - 2023-06-29 09:01:22 --> Session: Class initialized using 'CodeIgniter\Session\Handlers\FileHandler' driver.
WARNING - 2023-06-29 09:01:22 --> Session: Sessions is enabled, and one exists.Please don't $session->start();
INFO - 2023-06-29 09:01:30 --> Session: Class initialized using 'CodeIgniter\Session\Handlers\FileHandler' driver.
WARNING - 2023-06-29 09:01:30 --> Session: Sessions is enabled, and one exists.Please don't $session->start();
INFO - 2023-06-29 09:08:36 --> Session: Class initialized using 'CodeIgniter\Session\Handlers\FileHandler' driver.
WARNING - 2023-06-29 09:08:37 --> Session: Sessions is enabled, and one exists.Please don't $session->start();
INFO - 2023-06-29 09:08:43 --> Session: Class initialized using 'CodeIgniter\Session\Handlers\FileHandler' driver.
WARNING - 2023-06-29 09:08:43 --> Session: Sessions is enabled, and one exists.Please don't $session->start();
INFO - 2023-06-29 09:08:52 --> Session: Class initialized using 'CodeIgniter\Session\Handlers\FileHandler' driver.
WARNING - 2023-06-29 09:08:52 --> Session: Sessions is enabled, and one exists.Please don't $session->start();
INFO - 2023-06-29 09:08:54 --> Session: Class initialized using 'CodeIgniter\Session\Handlers\FileHandler' driver.
WARNING - 2023-06-29 09:08:54 --> Session: Sessions is enabled, and one exists.Please don't $session->start();
INFO - 2023-06-29 09:09:29 --> Session: Class initialized using 'CodeIgniter\Session\Handlers\FileHandler' driver.
WARNING - 2023-06-29 09:09:29 --> Session: Sessions is enabled, and one exists.Please don't $session->start();
INFO - 2023-06-29 09:09:36 --> Session: Class initialized using 'CodeIgniter\Session\Handlers\FileHandler' driver.
WARNING - 2023-06-29 09:09:36 --> Session: Sessions is enabled, and one exists.Please don't $session->start();
INFO - 2023-06-29 09:09:55 --> Session: Class initialized using 'CodeIgniter\Session\Handlers\FileHandler' driver.
WARNING - 2023-06-29 09:09:55 --> Session: Sessions is enabled, and one exists.Please don't $session->start();
INFO - 2023-06-29 09:10:04 --> Session: Class initialized using 'CodeIgniter\Session\Handlers\FileHandler' driver.
WARNING - 2023-06-29 09:10:04 --> Session: Sessions is enabled, and one exists.Please don't $session->start();
INFO - 2023-06-29 09:10:14 --> Session: Class initialized using 'CodeIgniter\Session\Handlers\FileHandler' driver.
WARNING - 2023-06-29 09:10:14 --> Session: Sessions is enabled, and one exists.Please don't $session->start();
INFO - 2023-06-29 09:10:19 --> Session: Class initialized using 'CodeIgniter\Session\Handlers\FileHandler' driver.
WARNING - 2023-06-29 09:10:19 --> Session: Sessions is enabled, and one exists.Please don't $session->start();
INFO - 2023-06-29 09:10:21 --> Session: Class initialized using 'CodeIgniter\Session\Handlers\FileHandler' driver.
WARNING - 2023-06-29 09:10:21 --> Session: Sessions is enabled, and one exists.Please don't $session->start();
INFO - 2023-06-29 09:13:35 --> Session: Class initialized using 'CodeIgniter\Session\Handlers\FileHandler' driver.
WARNING - 2023-06-29 09:13:35 --> Session: Sessions is enabled, and one exists.Please don't $session->start();
INFO - 2023-06-29 09:14:39 --> Session: Class initialized using 'CodeIgniter\Session\Handlers\FileHandler' driver.
WARNING - 2023-06-29 09:14:39 --> Session: Sessions is enabled, and one exists.Please don't $session->start();
INFO - 2023-06-29 09:15:44 --> Session: Class initialized using 'CodeIgniter\Session\Handlers\FileHandler' driver.
WARNING - 2023-06-29 09:15:44 --> Session: Sessions is enabled, and one exists.Please don't $session->start();
INFO - 2023-06-29 09:16:01 --> Session: Class initialized using 'CodeIgniter\Session\Handlers\FileHandler' driver.
WARNING - 2023-06-29 09:16:01 --> Session: Sessions is enabled, and one exists.Please don't $session->start();
INFO - 2023-06-29 09:17:31 --> Session: Class initialized using 'CodeIgniter\Session\Handlers\FileHandler' driver.
WARNING - 2023-06-29 09:17:31 --> Session: Sessions is enabled, and one exists.Please don't $session->start();
INFO - 2023-06-29 09:17:59 --> Session: Class initialized using 'CodeIgniter\Session\Handlers\FileHandler' driver.
WARNING - 2023-06-29 09:17:59 --> Session: Sessions is enabled, and one exists.Please don't $session->start();
INFO - 2023-06-29 09:18:12 --> Session: Class initialized using 'CodeIgniter\Session\Handlers\FileHandler' driver.
WARNING - 2023-06-29 09:18:12 --> Session: Sessions is enabled, and one exists.Please don't $session->start();
INFO - 2023-06-29 09:29:50 --> Session: Class initialized using 'CodeIgniter\Session\Handlers\FileHandler' driver.
WARNING - 2023-06-29 09:29:50 --> Session: Sessions is enabled, and one exists.Please don't $session->start();
INFO - 2023-06-29 09:29:52 --> Session: Class initialized using 'CodeIgniter\Session\Handlers\FileHandler' driver.
WARNING - 2023-06-29 09:29:52 --> Session: Sessions is enabled, and one exists.Please don't $session->start();
INFO - 2023-06-29 09:29:59 --> Session: Class initialized using 'CodeIgniter\Session\Handlers\FileHandler' driver.
WARNING - 2023-06-29 09:29:59 --> Session: Sessions is enabled, and one exists.Please don't $session->start();
INFO - 2023-06-29 09:30:37 --> Session: Class initialized using 'CodeIgniter\Session\Handlers\FileHandler' driver.
WARNING - 2023-06-29 09:30:37 --> Session: Sessions is enabled, and one exists.Please don't $session->start();
INFO - 2023-06-29 09:30:40 --> Session: Class initialized using 'CodeIgniter\Session\Handlers\FileHandler' driver.
WARNING - 2023-06-29 09:30:40 --> Session: Sessions is enabled, and one exists.Please don't $session->start();
INFO - 2023-06-29 09:30:44 --> Session: Class initialized using 'CodeIgniter\Session\Handlers\FileHandler' driver.
WARNING - 2023-06-29 09:30:44 --> Session: Sessions is enabled, and one exists.Please don't $session->start();
INFO - 2023-06-29 09:30:48 --> Session: Class initialized using 'CodeIgniter\Session\Handlers\FileHandler' driver.
WARNING - 2023-06-29 09:30:48 --> Session: Sessions is enabled, and one exists.Please don't $session->start();
INFO - 2023-06-29 09:30:53 --> Session: Class initialized using 'CodeIgniter\Session\Handlers\FileHandler' driver.
WARNING - 2023-06-29 09:30:53 --> Session: Sessions is enabled, and one exists.Please don't $session->start();
INFO - 2023-06-29 09:31:55 --> Session: Class initialized using 'CodeIgniter\Session\Handlers\FileHandler' driver.
WARNING - 2023-06-29 09:31:55 --> Session: Sessions is enabled, and one exists.Please don't $session->start();
INFO - 2023-06-29 09:31:58 --> Session: Class initialized using 'CodeIgniter\Session\Handlers\FileHandler' driver.
WARNING - 2023-06-29 09:31:58 --> Session: Sessions is enabled, and one exists.Please don't $session->start();
INFO - 2023-06-29 09:32:03 --> Session: Class initialized using 'CodeIgniter\Session\Handlers\FileHandler' driver.
WARNING - 2023-06-29 09:32:03 --> Session: Sessions is enabled, and one exists.Please don't $session->start();
INFO - 2023-06-29 09:32:14 --> Session: Class initialized using 'CodeIgniter\Session\Handlers\FileHandler' driver.
WARNING - 2023-06-29 09:32:14 --> Session: Sessions is enabled, and one exists.Please don't $session->start();
INFO - 2023-06-29 09:32:21 --> Session: Class initialized using 'CodeIgniter\Session\Handlers\FileHandler' driver.
WARNING - 2023-06-29 09:32:21 --> Session: Sessions is enabled, and one exists.Please don't $session->start();
INFO - 2023-06-29 09:32:39 --> Session: Class initialized using 'CodeIgniter\Session\Handlers\FileHandler' driver.
WARNING - 2023-06-29 09:32:39 --> Session: Sessions is enabled, and one exists.Please don't $session->start();
INFO - 2023-06-29 09:32:44 --> Session: Class initialized using 'CodeIgniter\Session\Handlers\FileHandler' driver.
WARNING - 2023-06-29 09:32:44 --> Session: Sessions is enabled, and one exists.Please don't $session->start();
INFO - 2023-06-29 09:33:04 --> Session: Class initialized using 'CodeIgniter\Session\Handlers\FileHandler' driver.
WARNING - 2023-06-29 09:33:04 --> Session: Sessions is enabled, and one exists.Please don't $session->start();
INFO - 2023-06-29 09:33:21 --> Session: Class initialized using 'CodeIgniter\Session\Handlers\FileHandler' driver.
WARNING - 2023-06-29 09:33:21 --> Session: Sessions is enabled, and one exists.Please don't $session->start();
INFO - 2023-06-29 09:33:28 --> Session: Class initialized using 'CodeIgniter\Session\Handlers\FileHandler' driver.
WARNING - 2023-06-29 09:33:28 --> Session: Sessions is enabled, and one exists.Please don't $session->start();
INFO - 2023-06-29 09:34:21 --> Session: Class initialized using 'CodeIgniter\Session\Handlers\FileHandler' driver.
WARNING - 2023-06-29 09:34:21 --> Session: Sessions is enabled, and one exists.Please don't $session->start();
INFO - 2023-06-29 09:34:59 --> Session: Class initialized using 'CodeIgniter\Session\Handlers\FileHandler' driver.
WARNING - 2023-06-29 09:34:59 --> Session: Sessions is enabled, and one exists.Please don't $session->start();
INFO - 2023-06-29 09:35:13 --> Session: Class initialized using 'CodeIgniter\Session\Handlers\FileHandler' driver.
WARNING - 2023-06-29 09:35:13 --> Session: Sessions is enabled, and one exists.Please don't $session->start();
INFO - 2023-06-29 09:35:17 --> Session: Class initialized using 'CodeIgniter\Session\Handlers\FileHandler' driver.
WARNING - 2023-06-29 09:35:17 --> Session: Sessions is enabled, and one exists.Please don't $session->start();
INFO - 2023-06-29 09:35:35 --> Session: Class initialized using 'CodeIgniter\Session\Handlers\FileHandler' driver.
WARNING - 2023-06-29 09:35:35 --> Session: Sessions is enabled, and one exists.Please don't $session->start();
INFO - 2023-06-29 09:35:40 --> Session: Class initialized using 'CodeIgniter\Session\Handlers\FileHandler' driver.
WARNING - 2023-06-29 09:35:40 --> Session: Sessions is enabled, and one exists.Please don't $session->start();
INFO - 2023-06-29 09:36:20 --> Session: Class initialized using 'CodeIgniter\Session\Handlers\FileHandler' driver.
WARNING - 2023-06-29 09:36:20 --> Session: Sessions is enabled, and one exists.Please don't $session->start();
INFO - 2023-06-29 09:36:25 --> Session: Class initialized using 'CodeIgniter\Session\Handlers\FileHandler' driver.
WARNING - 2023-06-29 09:36:25 --> Session: Sessions is enabled, and one exists.Please don't $session->start();
INFO - 2023-06-29 09:36:42 --> Session: Class initialized using 'CodeIgniter\Session\Handlers\FileHandler' driver.
WARNING - 2023-06-29 09:36:42 --> Session: Sessions is enabled, and one exists.Please don't $session->start();
INFO - 2023-06-29 09:36:44 --> Session: Class initialized using 'CodeIgniter\Session\Handlers\FileHandler' driver.
WARNING - 2023-06-29 09:36:44 --> Session: Sessions is enabled, and one exists.Please don't $session->start();
INFO - 2023-06-29 09:36:46 --> Session: Class initialized using 'CodeIgniter\Session\Handlers\FileHandler' driver.
WARNING - 2023-06-29 09:36:46 --> Session: Sessions is enabled, and one exists.Please don't $session->start();
INFO - 2023-06-29 09:36:56 --> Session: Class initialized using 'CodeIgniter\Session\Handlers\FileHandler' driver.
WARNING - 2023-06-29 09:36:56 --> Session: Sessions is enabled, and one exists.Please don't $session->start();
INFO - 2023-06-29 09:53:00 --> Session: Class initialized using 'CodeIgniter\Session\Handlers\FileHandler' driver.
WARNING - 2023-06-29 09:53:00 --> Session: Sessions is enabled, and one exists.Please don't $session->start();
CRITICAL - 2023-06-29 09:53:00 --> CodeIgniter\Database\BaseBuilder::like(): Argument #2 ($match) must be of type string, null given, called in C:\xampp\htdocs\projekbis\system\Model.php on line 840
in SYSTEMPATH\Database\BaseBuilder.php on line 984.
 1 SYSTEMPATH\Model.php(840): CodeIgniter\Database\BaseBuilder->like('nama', null)
 2 APPPATH\Models\UmkmDataModel.php(54): CodeIgniter\Model->__call('like', [...])
 3 APPPATH\Controllers\Job.php(40): App\Models\UmkmDataModel->caridata(null)
 4 SYSTEMPATH\CodeIgniter.php(934): App\Controllers\Job->index()
 5 SYSTEMPATH\CodeIgniter.php(499): CodeIgniter\CodeIgniter->runController(Object(App\Controllers\Job))
 6 SYSTEMPATH\CodeIgniter.php(368): CodeIgniter\CodeIgniter->handleRequest(null, Object(Config\Cache), false)
 7 FCPATH\index.php(67): CodeIgniter\CodeIgniter->run()
 8 SYSTEMPATH\Commands\Server\rewrite.php(47): require_once('FCPATH\\index.php')
INFO - 2023-06-29 09:56:18 --> Session: Class initialized using 'CodeIgniter\Session\Handlers\FileHandler' driver.
WARNING - 2023-06-29 09:56:18 --> Session: Sessions is enabled, and one exists.Please don't $session->start();
CRITICAL - 2023-06-29 09:56:18 --> CodeIgniter\Database\BaseBuilder::like(): Argument #2 ($match) must be of type string, null given, called in C:\xampp\htdocs\projekbis\system\Model.php on line 840
in SYSTEMPATH\Database\BaseBuilder.php on line 984.
 1 SYSTEMPATH\Model.php(840): CodeIgniter\Database\BaseBuilder->like('nama', null)
 2 APPPATH\Models\UmkmDataModel.php(55): CodeIgniter\Model->__call('like', [...])
 3 APPPATH\Controllers\Job.php(40): App\Models\UmkmDataModel->caridata(null)
 4 SYSTEMPATH\CodeIgniter.php(934): App\Controllers\Job->index()
 5 SYSTEMPATH\CodeIgniter.php(499): CodeIgniter\CodeIgniter->runController(Object(App\Controllers\Job))
 6 SYSTEMPATH\CodeIgniter.php(368): CodeIgniter\CodeIgniter->handleRequest(null, Object(Config\Cache), false)
 7 FCPATH\index.php(67): CodeIgniter\CodeIgniter->run()
 8 SYSTEMPATH\Commands\Server\rewrite.php(47): require_once('FCPATH\\index.php')
INFO - 2023-06-29 09:56:20 --> Session: Class initialized using 'CodeIgniter\Session\Handlers\FileHandler' driver.
WARNING - 2023-06-29 09:56:20 --> Session: Sessions is enabled, and one exists.Please don't $session->start();
CRITICAL - 2023-06-29 09:56:20 --> CodeIgniter\Database\BaseBuilder::like(): Argument #2 ($match) must be of type string, null given, called in C:\xampp\htdocs\projekbis\system\Model.php on line 840
in SYSTEMPATH\Database\BaseBuilder.php on line 984.
 1 SYSTEMPATH\Model.php(840): CodeIgniter\Database\BaseBuilder->like('nama', null)
 2 APPPATH\Models\UmkmDataModel.php(55): CodeIgniter\Model->__call('like', [...])
 3 APPPATH\Controllers\Job.php(40): App\Models\UmkmDataModel->caridata(null)
 4 SYSTEMPATH\CodeIgniter.php(934): App\Controllers\Job->index()
 5 SYSTEMPATH\CodeIgniter.php(499): CodeIgniter\CodeIgniter->runController(Object(App\Controllers\Job))
 6 SYSTEMPATH\CodeIgniter.php(368): CodeIgniter\CodeIgniter->handleRequest(null, Object(Config\Cache), false)
 7 FCPATH\index.php(67): CodeIgniter\CodeIgniter->run()
 8 SYSTEMPATH\Commands\Server\rewrite.php(47): require_once('FCPATH\\index.php')
INFO - 2023-06-29 09:59:01 --> Session: Class initialized using 'CodeIgniter\Session\Handlers\FileHandler' driver.
WARNING - 2023-06-29 09:59:01 --> Session: Sessions is enabled, and one exists.Please don't $session->start();
CRITICAL - 2023-06-29 09:59:01 --> CodeIgniter\Database\BaseBuilder::like(): Argument #2 ($match) must be of type string, null given, called in C:\xampp\htdocs\projekbis\system\Model.php on line 840
in SYSTEMPATH\Database\BaseBuilder.php on line 984.
 1 SYSTEMPATH\Model.php(840): CodeIgniter\Database\BaseBuilder->like('nama', null)
 2 APPPATH\Models\UmkmDataModel.php(55): CodeIgniter\Model->__call('like', [...])
 3 APPPATH\Controllers\Job.php(41): App\Models\UmkmDataModel->caridata(null)
 4 SYSTEMPATH\CodeIgniter.php(934): App\Controllers\Job->index()
 5 SYSTEMPATH\CodeIgniter.php(499): CodeIgniter\CodeIgniter->runController(Object(App\Controllers\Job))
 6 SYSTEMPATH\CodeIgniter.php(368): CodeIgniter\CodeIgniter->handleRequest(null, Object(Config\Cache), false)
 7 FCPATH\index.php(67): CodeIgniter\CodeIgniter->run()
 8 SYSTEMPATH\Commands\Server\rewrite.php(47): require_once('FCPATH\\index.php')
INFO - 2023-06-29 09:59:08 --> Session: Class initialized using 'CodeIgniter\Session\Handlers\FileHandler' driver.
WARNING - 2023-06-29 09:59:08 --> Session: Sessions is enabled, and one exists.Please don't $session->start();
CRITICAL - 2023-06-29 09:59:08 --> CodeIgniter\Database\BaseBuilder::like(): Argument #2 ($match) must be of type string, null given, called in C:\xampp\htdocs\projekbis\system\Model.php on line 840
in SYSTEMPATH\Database\BaseBuilder.php on line 984.
 1 SYSTEMPATH\Model.php(840): CodeIgniter\Database\BaseBuilder->like('nama', null)
 2 APPPATH\Models\UmkmDataModel.php(55): CodeIgniter\Model->__call('like', [...])
 3 APPPATH\Controllers\Job.php(41): App\Models\UmkmDataModel->caridata(null)
 4 SYSTEMPATH\CodeIgniter.php(934): App\Controllers\Job->index()
 5 SYSTEMPATH\CodeIgniter.php(499): CodeIgniter\CodeIgniter->runController(Object(App\Controllers\Job))
 6 SYSTEMPATH\CodeIgniter.php(368): CodeIgniter\CodeIgniter->handleRequest(null, Object(Config\Cache), false)
 7 FCPATH\index.php(67): CodeIgniter\CodeIgniter->run()
 8 SYSTEMPATH\Commands\Server\rewrite.php(47): require_once('FCPATH\\index.php')
INFO - 2023-06-29 09:59:09 --> Session: Class initialized using 'CodeIgniter\Session\Handlers\FileHandler' driver.
WARNING - 2023-06-29 09:59:09 --> Session: Sessions is enabled, and one exists.Please don't $session->start();
CRITICAL - 2023-06-29 09:59:09 --> CodeIgniter\Database\BaseBuilder::like(): Argument #2 ($match) must be of type string, null given, called in C:\xampp\htdocs\projekbis\system\Model.php on line 840
in SYSTEMPATH\Database\BaseBuilder.php on line 984.
 1 SYSTEMPATH\Model.php(840): CodeIgniter\Database\BaseBuilder->like('nama', null)
 2 APPPATH\Models\UmkmDataModel.php(55): CodeIgniter\Model->__call('like', [...])
 3 APPPATH\Controllers\Job.php(41): App\Models\UmkmDataModel->caridata(null)
 4 SYSTEMPATH\CodeIgniter.php(934): App\Controllers\Job->index()
 5 SYSTEMPATH\CodeIgniter.php(499): CodeIgniter\CodeIgniter->runController(Object(App\Controllers\Job))
 6 SYSTEMPATH\CodeIgniter.php(368): CodeIgniter\CodeIgniter->handleRequest(null, Object(Config\Cache), false)
 7 FCPATH\index.php(67): CodeIgniter\CodeIgniter->run()
 8 SYSTEMPATH\Commands\Server\rewrite.php(47): require_once('FCPATH\\index.php')
INFO - 2023-06-29 09:59:10 --> Session: Class initialized using 'CodeIgniter\Session\Handlers\FileHandler' driver.
WARNING - 2023-06-29 09:59:10 --> Session: Sessions is enabled, and one exists.Please don't $session->start();
CRITICAL - 2023-06-29 09:59:10 --> CodeIgniter\Database\BaseBuilder::like(): Argument #2 ($match) must be of type string, null given, called in C:\xampp\htdocs\projekbis\system\Model.php on line 840
in SYSTEMPATH\Database\BaseBuilder.php on line 984.
 1 SYSTEMPATH\Model.php(840): CodeIgniter\Database\BaseBuilder->like('nama', null)
 2 APPPATH\Models\UmkmDataModel.php(55): CodeIgniter\Model->__call('like', [...])
 3 APPPATH\Controllers\Job.php(41): App\Models\UmkmDataModel->caridata(null)
 4 SYSTEMPATH\CodeIgniter.php(934): App\Controllers\Job->index()
 5 SYSTEMPATH\CodeIgniter.php(499): CodeIgniter\CodeIgniter->runController(Object(App\Controllers\Job))
 6 SYSTEMPATH\CodeIgniter.php(368): CodeIgniter\CodeIgniter->handleRequest(null, Object(Config\Cache), false)
 7 FCPATH\index.php(67): CodeIgniter\CodeIgniter->run()
 8 SYSTEMPATH\Commands\Server\rewrite.php(47): require_once('FCPATH\\index.php')
INFO - 2023-06-29 09:59:10 --> Session: Class initialized using 'CodeIgniter\Session\Handlers\FileHandler' driver.
WARNING - 2023-06-29 09:59:10 --> Session: Sessions is enabled, and one exists.Please don't $session->start();
CRITICAL - 2023-06-29 09:59:10 --> CodeIgniter\Database\BaseBuilder::like(): Argument #2 ($match) must be of type string, null given, called in C:\xampp\htdocs\projekbis\system\Model.php on line 840
in SYSTEMPATH\Database\BaseBuilder.php on line 984.
 1 SYSTEMPATH\Model.php(840): CodeIgniter\Database\BaseBuilder->like('nama', null)
 2 APPPATH\Models\UmkmDataModel.php(55): CodeIgniter\Model->__call('like', [...])
 3 APPPATH\Controllers\Job.php(41): App\Models\UmkmDataModel->caridata(null)
 4 SYSTEMPATH\CodeIgniter.php(934): App\Controllers\Job->index()
 5 SYSTEMPATH\CodeIgniter.php(499): CodeIgniter\CodeIgniter->runController(Object(App\Controllers\Job))
 6 SYSTEMPATH\CodeIgniter.php(368): CodeIgniter\CodeIgniter->handleRequest(null, Object(Config\Cache), false)
 7 FCPATH\index.php(67): CodeIgniter\CodeIgniter->run()
 8 SYSTEMPATH\Commands\Server\rewrite.php(47): require_once('FCPATH\\index.php')
INFO - 2023-06-29 09:59:11 --> Session: Class initialized using 'CodeIgniter\Session\Handlers\FileHandler' driver.
WARNING - 2023-06-29 09:59:11 --> Session: Sessions is enabled, and one exists.Please don't $session->start();
CRITICAL - 2023-06-29 09:59:11 --> CodeIgniter\Database\BaseBuilder::like(): Argument #2 ($match) must be of type string, null given, called in C:\xampp\htdocs\projekbis\system\Model.php on line 840
in SYSTEMPATH\Database\BaseBuilder.php on line 984.
 1 SYSTEMPATH\Model.php(840): CodeIgniter\Database\BaseBuilder->like('nama', null)
 2 APPPATH\Models\UmkmDataModel.php(55): CodeIgniter\Model->__call('like', [...])
 3 APPPATH\Controllers\Job.php(41): App\Models\UmkmDataModel->caridata(null)
 4 SYSTEMPATH\CodeIgniter.php(934): App\Controllers\Job->index()
 5 SYSTEMPATH\CodeIgniter.php(499): CodeIgniter\CodeIgniter->runController(Object(App\Controllers\Job))
 6 SYSTEMPATH\CodeIgniter.php(368): CodeIgniter\CodeIgniter->handleRequest(null, Object(Config\Cache), false)
 7 FCPATH\index.php(67): CodeIgniter\CodeIgniter->run()
 8 SYSTEMPATH\Commands\Server\rewrite.php(47): require_once('FCPATH\\index.php')
INFO - 2023-06-29 09:59:11 --> Session: Class initialized using 'CodeIgniter\Session\Handlers\FileHandler' driver.
WARNING - 2023-06-29 09:59:11 --> Session: Sessions is enabled, and one exists.Please don't $session->start();
CRITICAL - 2023-06-29 09:59:11 --> CodeIgniter\Database\BaseBuilder::like(): Argument #2 ($match) must be of type string, null given, called in C:\xampp\htdocs\projekbis\system\Model.php on line 840
in SYSTEMPATH\Database\BaseBuilder.php on line 984.
 1 SYSTEMPATH\Model.php(840): CodeIgniter\Database\BaseBuilder->like('nama', null)
 2 APPPATH\Models\UmkmDataModel.php(55): CodeIgniter\Model->__call('like', [...])
 3 APPPATH\Controllers\Job.php(41): App\Models\UmkmDataModel->caridata(null)
 4 SYSTEMPATH\CodeIgniter.php(934): App\Controllers\Job->index()
 5 SYSTEMPATH\CodeIgniter.php(499): CodeIgniter\CodeIgniter->runController(Object(App\Controllers\Job))
 6 SYSTEMPATH\CodeIgniter.php(368): CodeIgniter\CodeIgniter->handleRequest(null, Object(Config\Cache), false)
 7 FCPATH\index.php(67): CodeIgniter\CodeIgniter->run()
 8 SYSTEMPATH\Commands\Server\rewrite.php(47): require_once('FCPATH\\index.php')
INFO - 2023-06-29 09:59:12 --> Session: Class initialized using 'CodeIgniter\Session\Handlers\FileHandler' driver.
WARNING - 2023-06-29 09:59:12 --> Session: Sessions is enabled, and one exists.Please don't $session->start();
CRITICAL - 2023-06-29 09:59:12 --> CodeIgniter\Database\BaseBuilder::like(): Argument #2 ($match) must be of type string, null given, called in C:\xampp\htdocs\projekbis\system\Model.php on line 840
in SYSTEMPATH\Database\BaseBuilder.php on line 984.
 1 SYSTEMPATH\Model.php(840): CodeIgniter\Database\BaseBuilder->like('nama', null)
 2 APPPATH\Models\UmkmDataModel.php(55): CodeIgniter\Model->__call('like', [...])
 3 APPPATH\Controllers\Job.php(41): App\Models\UmkmDataModel->caridata(null)
 4 SYSTEMPATH\CodeIgniter.php(934): App\Controllers\Job->index()
 5 SYSTEMPATH\CodeIgniter.php(499): CodeIgniter\CodeIgniter->runController(Object(App\Controllers\Job))
 6 SYSTEMPATH\CodeIgniter.php(368): CodeIgniter\CodeIgniter->handleRequest(null, Object(Config\Cache), false)
 7 FCPATH\index.php(67): CodeIgniter\CodeIgniter->run()
 8 SYSTEMPATH\Commands\Server\rewrite.php(47): require_once('FCPATH\\index.php')
INFO - 2023-06-29 09:59:12 --> Session: Class initialized using 'CodeIgniter\Session\Handlers\FileHandler' driver.
WARNING - 2023-06-29 09:59:12 --> Session: Sessions is enabled, and one exists.Please don't $session->start();
CRITICAL - 2023-06-29 09:59:12 --> CodeIgniter\Database\BaseBuilder::like(): Argument #2 ($match) must be of type string, null given, called in C:\xampp\htdocs\projekbis\system\Model.php on line 840
in SYSTEMPATH\Database\BaseBuilder.php on line 984.
 1 SYSTEMPATH\Model.php(840): CodeIgniter\Database\BaseBuilder->like('nama', null)
 2 APPPATH\Models\UmkmDataModel.php(55): CodeIgniter\Model->__call('like', [...])
 3 APPPATH\Controllers\Job.php(41): App\Models\UmkmDataModel->caridata(null)
 4 SYSTEMPATH\CodeIgniter.php(934): App\Controllers\Job->index()
 5 SYSTEMPATH\CodeIgniter.php(499): CodeIgniter\CodeIgniter->runController(Object(App\Controllers\Job))
 6 SYSTEMPATH\CodeIgniter.php(368): CodeIgniter\CodeIgniter->handleRequest(null, Object(Config\Cache), false)
 7 FCPATH\index.php(67): CodeIgniter\CodeIgniter->run()
 8 SYSTEMPATH\Commands\Server\rewrite.php(47): require_once('FCPATH\\index.php')
INFO - 2023-06-29 09:59:13 --> Session: Class initialized using 'CodeIgniter\Session\Handlers\FileHandler' driver.
WARNING - 2023-06-29 09:59:13 --> Session: Sessions is enabled, and one exists.Please don't $session->start();
CRITICAL - 2023-06-29 09:59:13 --> CodeIgniter\Database\BaseBuilder::like(): Argument #2 ($match) must be of type string, null given, called in C:\xampp\htdocs\projekbis\system\Model.php on line 840
in SYSTEMPATH\Database\BaseBuilder.php on line 984.
 1 SYSTEMPATH\Model.php(840): CodeIgniter\Database\BaseBuilder->like('nama', null)
 2 APPPATH\Models\UmkmDataModel.php(55): CodeIgniter\Model->__call('like', [...])
 3 APPPATH\Controllers\Job.php(41): App\Models\UmkmDataModel->caridata(null)
 4 SYSTEMPATH\CodeIgniter.php(934): App\Controllers\Job->index()
 5 SYSTEMPATH\CodeIgniter.php(499): CodeIgniter\CodeIgniter->runController(Object(App\Controllers\Job))
 6 SYSTEMPATH\CodeIgniter.php(368): CodeIgniter\CodeIgniter->handleRequest(null, Object(Config\Cache), false)
 7 FCPATH\index.php(67): CodeIgniter\CodeIgniter->run()
 8 SYSTEMPATH\Commands\Server\rewrite.php(47): require_once('FCPATH\\index.php')
INFO - 2023-06-29 09:59:17 --> Session: Class initialized using 'CodeIgniter\Session\Handlers\FileHandler' driver.
WARNING - 2023-06-29 09:59:17 --> Session: Sessions is enabled, and one exists.Please don't $session->start();
CRITICAL - 2023-06-29 09:59:17 --> CodeIgniter\Database\BaseBuilder::like(): Argument #2 ($match) must be of type string, null given, called in C:\xampp\htdocs\projekbis\system\Model.php on line 840
in SYSTEMPATH\Database\BaseBuilder.php on line 984.
 1 SYSTEMPATH\Model.php(840): CodeIgniter\Database\BaseBuilder->like('nama', null)
 2 APPPATH\Models\UmkmDataModel.php(55): CodeIgniter\Model->__call('like', [...])
 3 APPPATH\Controllers\Job.php(41): App\Models\UmkmDataModel->caridata(null)
 4 SYSTEMPATH\CodeIgniter.php(934): App\Controllers\Job->index()
 5 SYSTEMPATH\CodeIgniter.php(499): CodeIgniter\CodeIgniter->runController(Object(App\Controllers\Job))
 6 SYSTEMPATH\CodeIgniter.php(368): CodeIgniter\CodeIgniter->handleRequest(null, Object(Config\Cache), false)
 7 FCPATH\index.php(67): CodeIgniter\CodeIgniter->run()
 8 SYSTEMPATH\Commands\Server\rewrite.php(47): require_once('FCPATH\\index.php')
INFO - 2023-06-29 09:59:38 --> Session: Class initialized using 'CodeIgniter\Session\Handlers\FileHandler' driver.
WARNING - 2023-06-29 09:59:38 --> Session: Sessions is enabled, and one exists.Please don't $session->start();
CRITICAL - 2023-06-29 09:59:38 --> Call to undefined method App\Models\UmkmDataModel::caridata
in SYSTEMPATH\Model.php on line 842.
 1 APPPATH\Controllers\Job.php(41): CodeIgniter\Model->__call('caridata', [...])
 2 SYSTEMPATH\CodeIgniter.php(934): App\Controllers\Job->index()
 3 SYSTEMPATH\CodeIgniter.php(499): CodeIgniter\CodeIgniter->runController(Object(App\Controllers\Job))
 4 SYSTEMPATH\CodeIgniter.php(368): CodeIgniter\CodeIgniter->handleRequest(null, Object(Config\Cache), false)
 5 FCPATH\index.php(67): CodeIgniter\CodeIgniter->run()
 6 SYSTEMPATH\Commands\Server\rewrite.php(47): require_once('FCPATH\\index.php')
INFO - 2023-06-29 10:00:33 --> Session: Class initialized using 'CodeIgniter\Session\Handlers\FileHandler' driver.
WARNING - 2023-06-29 10:00:33 --> Session: Sessions is enabled, and one exists.Please don't $session->start();
CRITICAL - 2023-06-29 10:00:33 --> Call to a member function paginate() on string
in APPPATH\Controllers\Job.php on line 45.
 1 SYSTEMPATH\CodeIgniter.php(934): App\Controllers\Job->index()
 2 SYSTEMPATH\CodeIgniter.php(499): CodeIgniter\CodeIgniter->runController(Object(App\Controllers\Job))
 3 SYSTEMPATH\CodeIgniter.php(368): CodeIgniter\CodeIgniter->handleRequest(null, Object(Config\Cache), false)
 4 FCPATH\index.php(67): CodeIgniter\CodeIgniter->run()
 5 SYSTEMPATH\Commands\Server\rewrite.php(47): require_once('FCPATH\\index.php')
INFO - 2023-06-29 10:00:56 --> Session: Class initialized using 'CodeIgniter\Session\Handlers\FileHandler' driver.
WARNING - 2023-06-29 10:00:56 --> Session: Sessions is enabled, and one exists.Please don't $session->start();
INFO - 2023-06-29 10:20:58 --> Session: Class initialized using 'CodeIgniter\Session\Handlers\FileHandler' driver.
INFO - 2023-06-29 10:21:01 --> Session: Class initialized using 'CodeIgniter\Session\Handlers\FileHandler' driver.
INFO - 2023-06-29 10:21:53 --> Session: Class initialized using 'CodeIgniter\Session\Handlers\FileHandler' driver.
INFO - 2023-06-29 10:21:53 --> Session: Class initialized using 'CodeIgniter\Session\Handlers\FileHandler' driver.
INFO - 2023-06-29 10:21:59 --> Session: Class initialized using 'CodeIgniter\Session\Handlers\FileHandler' driver.
WARNING - 2023-06-29 10:21:59 --> Session: Sessions is enabled, and one exists.Please don't $session->start();
INFO - 2023-06-29 10:31:20 --> Session: Class initialized using 'CodeIgniter\Session\Handlers\FileHandler' driver.
INFO - 2023-06-29 10:31:20 --> Session: Class initialized using 'CodeIgniter\Session\Handlers\FileHandler' driver.
