INFO - 2023-06-30 06:05:30 --> Session: Class initialized using 'CodeIgniter\Session\Handlers\FileHandler' driver.
INFO - 2023-06-30 06:05:42 --> Session: Class initialized using 'CodeIgniter\Session\Handlers\FileHandler' driver.
INFO - 2023-06-30 06:05:42 --> Session: Class initialized using 'CodeIgniter\Session\Handlers\FileHandler' driver.
INFO - 2023-06-30 06:05:49 --> Session: Class initialized using 'CodeIgniter\Session\Handlers\FileHandler' driver.
INFO - 2023-06-30 06:05:49 --> Session: Class initialized using 'CodeIgniter\Session\Handlers\FileHandler' driver.
INFO - 2023-06-30 06:06:01 --> Session: Class initialized using 'CodeIgniter\Session\Handlers\FileHandler' driver.
WARNING - 2023-06-30 06:06:01 --> Session: Sessions is enabled, and one exists.Please don't $session->start();
INFO - 2023-06-30 06:06:27 --> Session: Class initialized using 'CodeIgniter\Session\Handlers\FileHandler' driver.
WARNING - 2023-06-30 06:06:27 --> Session: Sessions is enabled, and one exists.Please don't $session->start();
INFO - 2023-06-30 06:06:55 --> Session: Class initialized using 'CodeIgniter\Session\Handlers\FileHandler' driver.
WARNING - 2023-06-30 06:06:55 --> Session: Sessions is enabled, and one exists.Please don't $session->start();
INFO - 2023-06-30 06:06:59 --> Session: Class initialized using 'CodeIgniter\Session\Handlers\FileHandler' driver.
WARNING - 2023-06-30 06:06:59 --> Session: Sessions is enabled, and one exists.Please don't $session->start();
INFO - 2023-06-30 06:07:05 --> Session: Class initialized using 'CodeIgniter\Session\Handlers\FileHandler' driver.
WARNING - 2023-06-30 06:07:05 --> Session: Sessions is enabled, and one exists.Please don't $session->start();
INFO - 2023-06-30 06:07:16 --> Session: Class initialized using 'CodeIgniter\Session\Handlers\FileHandler' driver.
WARNING - 2023-06-30 06:07:16 --> Session: Sessions is enabled, and one exists.Please don't $session->start();
INFO - 2023-06-30 06:08:36 --> Session: Class initialized using 'CodeIgniter\Session\Handlers\FileHandler' driver.
WARNING - 2023-06-30 06:08:36 --> Session: Sessions is enabled, and one exists.Please don't $session->start();
INFO - 2023-06-30 06:10:08 --> Session: Class initialized using 'CodeIgniter\Session\Handlers\FileHandler' driver.
WARNING - 2023-06-30 06:10:08 --> Session: Sessions is enabled, and one exists.Please don't $session->start();
INFO - 2023-06-30 06:10:11 --> Session: Class initialized using 'CodeIgniter\Session\Handlers\FileHandler' driver.
WARNING - 2023-06-30 06:10:11 --> Session: Sessions is enabled, and one exists.Please don't $session->start();
INFO - 2023-06-30 06:10:16 --> Session: Class initialized using 'CodeIgniter\Session\Handlers\FileHandler' driver.
WARNING - 2023-06-30 06:10:16 --> Session: Sessions is enabled, and one exists.Please don't $session->start();
INFO - 2023-06-30 06:10:21 --> Session: Class initialized using 'CodeIgniter\Session\Handlers\FileHandler' driver.
WARNING - 2023-06-30 06:10:21 --> Session: Sessions is enabled, and one exists.Please don't $session->start();
INFO - 2023-06-30 06:10:29 --> Session: Class initialized using 'CodeIgniter\Session\Handlers\FileHandler' driver.
WARNING - 2023-06-30 06:10:29 --> Session: Sessions is enabled, and one exists.Please don't $session->start();
INFO - 2023-06-30 06:10:44 --> Session: Class initialized using 'CodeIgniter\Session\Handlers\FileHandler' driver.
WARNING - 2023-06-30 06:10:44 --> Session: Sessions is enabled, and one exists.Please don't $session->start();
INFO - 2023-06-30 06:11:24 --> Session: Class initialized using 'CodeIgniter\Session\Handlers\FileHandler' driver.
WARNING - 2023-06-30 06:11:24 --> Session: Sessions is enabled, and one exists.Please don't $session->start();
INFO - 2023-06-30 06:11:29 --> Session: Class initialized using 'CodeIgniter\Session\Handlers\FileHandler' driver.
WARNING - 2023-06-30 06:11:29 --> Session: Sessions is enabled, and one exists.Please don't $session->start();
INFO - 2023-06-30 06:11:34 --> Session: Class initialized using 'CodeIgniter\Session\Handlers\FileHandler' driver.
WARNING - 2023-06-30 06:11:34 --> Session: Sessions is enabled, and one exists.Please don't $session->start();
INFO - 2023-06-30 06:13:20 --> Session: Class initialized using 'CodeIgniter\Session\Handlers\FileHandler' driver.
WARNING - 2023-06-30 06:13:20 --> Session: Sessions is enabled, and one exists.Please don't $session->start();
INFO - 2023-06-30 06:13:24 --> Session: Class initialized using 'CodeIgniter\Session\Handlers\FileHandler' driver.
WARNING - 2023-06-30 06:13:24 --> Session: Sessions is enabled, and one exists.Please don't $session->start();
INFO - 2023-06-30 06:14:08 --> Session: Class initialized using 'CodeIgniter\Session\Handlers\FileHandler' driver.
WARNING - 2023-06-30 06:14:08 --> Session: Sessions is enabled, and one exists.Please don't $session->start();
INFO - 2023-06-30 06:14:11 --> Session: Class initialized using 'CodeIgniter\Session\Handlers\FileHandler' driver.
INFO - 2023-06-30 06:14:14 --> Session: Class initialized using 'CodeIgniter\Session\Handlers\FileHandler' driver.
WARNING - 2023-06-30 06:14:14 --> Session: Sessions is enabled, and one exists.Please don't $session->start();
INFO - 2023-06-30 06:14:19 --> Session: Class initialized using 'CodeIgniter\Session\Handlers\FileHandler' driver.
WARNING - 2023-06-30 06:14:19 --> Session: Sessions is enabled, and one exists.Please don't $session->start();
INFO - 2023-06-30 06:14:27 --> Session: Class initialized using 'CodeIgniter\Session\Handlers\FileHandler' driver.
WARNING - 2023-06-30 06:14:27 --> Session: Sessions is enabled, and one exists.Please don't $session->start();
INFO - 2023-06-30 06:14:54 --> Session: Class initialized using 'CodeIgniter\Session\Handlers\FileHandler' driver.
INFO - 2023-06-30 06:14:56 --> Session: Class initialized using 'CodeIgniter\Session\Handlers\FileHandler' driver.
WARNING - 2023-06-30 06:14:56 --> Session: Sessions is enabled, and one exists.Please don't $session->start();
INFO - 2023-06-30 06:15:03 --> Session: Class initialized using 'CodeIgniter\Session\Handlers\FileHandler' driver.
WARNING - 2023-06-30 06:15:03 --> Session: Sessions is enabled, and one exists.Please don't $session->start();
INFO - 2023-06-30 06:15:07 --> Session: Class initialized using 'CodeIgniter\Session\Handlers\FileHandler' driver.
WARNING - 2023-06-30 06:15:07 --> Session: Sessions is enabled, and one exists.Please don't $session->start();
INFO - 2023-06-30 06:16:31 --> Session: Class initialized using 'CodeIgniter\Session\Handlers\FileHandler' driver.
WARNING - 2023-06-30 06:16:31 --> Session: Sessions is enabled, and one exists.Please don't $session->start();
INFO - 2023-06-30 06:16:35 --> Session: Class initialized using 'CodeIgniter\Session\Handlers\FileHandler' driver.
WARNING - 2023-06-30 06:16:36 --> Session: Sessions is enabled, and one exists.Please don't $session->start();
INFO - 2023-06-30 06:16:50 --> Session: Class initialized using 'CodeIgniter\Session\Handlers\FileHandler' driver.
WARNING - 2023-06-30 06:16:50 --> Session: Sessions is enabled, and one exists.Please don't $session->start();
INFO - 2023-06-30 06:24:51 --> Session: Class initialized using 'CodeIgniter\Session\Handlers\FileHandler' driver.
WARNING - 2023-06-30 06:24:51 --> Session: Sessions is enabled, and one exists.Please don't $session->start();
INFO - 2023-06-30 06:25:03 --> Session: Class initialized using 'CodeIgniter\Session\Handlers\FileHandler' driver.
WARNING - 2023-06-30 06:25:03 --> Session: Sessions is enabled, and one exists.Please don't $session->start();
INFO - 2023-06-30 06:25:07 --> Session: Class initialized using 'CodeIgniter\Session\Handlers\FileHandler' driver.
WARNING - 2023-06-30 06:25:07 --> Session: Sessions is enabled, and one exists.Please don't $session->start();
INFO - 2023-06-30 06:25:51 --> Session: Class initialized using 'CodeIgniter\Session\Handlers\FileHandler' driver.
WARNING - 2023-06-30 06:25:51 --> Session: Sessions is enabled, and one exists.Please don't $session->start();
INFO - 2023-06-30 06:26:08 --> Session: Class initialized using 'CodeIgniter\Session\Handlers\FileHandler' driver.
WARNING - 2023-06-30 06:26:08 --> Session: Sessions is enabled, and one exists.Please don't $session->start();
INFO - 2023-06-30 06:26:11 --> Session: Class initialized using 'CodeIgniter\Session\Handlers\FileHandler' driver.
WARNING - 2023-06-30 06:26:11 --> Session: Sessions is enabled, and one exists.Please don't $session->start();
INFO - 2023-06-30 06:26:16 --> Session: Class initialized using 'CodeIgniter\Session\Handlers\FileHandler' driver.
WARNING - 2023-06-30 06:26:16 --> Session: Sessions is enabled, and one exists.Please don't $session->start();
INFO - 2023-06-30 06:26:49 --> Session: Class initialized using 'CodeIgniter\Session\Handlers\FileHandler' driver.
WARNING - 2023-06-30 06:26:49 --> Session: Sessions is enabled, and one exists.Please don't $session->start();
INFO - 2023-06-30 06:26:53 --> Session: Class initialized using 'CodeIgniter\Session\Handlers\FileHandler' driver.
WARNING - 2023-06-30 06:26:53 --> Session: Sessions is enabled, and one exists.Please don't $session->start();
INFO - 2023-06-30 06:26:56 --> Session: Class initialized using 'CodeIgniter\Session\Handlers\FileHandler' driver.
WARNING - 2023-06-30 06:26:56 --> Session: Sessions is enabled, and one exists.Please don't $session->start();
INFO - 2023-06-30 06:27:20 --> Session: Class initialized using 'CodeIgniter\Session\Handlers\FileHandler' driver.
WARNING - 2023-06-30 06:27:20 --> Session: Sessions is enabled, and one exists.Please don't $session->start();
INFO - 2023-06-30 06:27:27 --> Session: Class initialized using 'CodeIgniter\Session\Handlers\FileHandler' driver.
WARNING - 2023-06-30 06:27:27 --> Session: Sessions is enabled, and one exists.Please don't $session->start();
INFO - 2023-06-30 06:27:35 --> Session: Class initialized using 'CodeIgniter\Session\Handlers\FileHandler' driver.
WARNING - 2023-06-30 06:27:35 --> Session: Sessions is enabled, and one exists.Please don't $session->start();
INFO - 2023-06-30 06:30:04 --> Session: Class initialized using 'CodeIgniter\Session\Handlers\FileHandler' driver.
WARNING - 2023-06-30 06:30:04 --> Session: Sessions is enabled, and one exists.Please don't $session->start();
INFO - 2023-06-30 06:30:09 --> Session: Class initialized using 'CodeIgniter\Session\Handlers\FileHandler' driver.
WARNING - 2023-06-30 06:30:09 --> Session: Sessions is enabled, and one exists.Please don't $session->start();
INFO - 2023-06-30 06:30:29 --> Session: Class initialized using 'CodeIgniter\Session\Handlers\FileHandler' driver.
WARNING - 2023-06-30 06:30:29 --> Session: Sessions is enabled, and one exists.Please don't $session->start();
INFO - 2023-06-30 06:30:37 --> Session: Class initialized using 'CodeIgniter\Session\Handlers\FileHandler' driver.
WARNING - 2023-06-30 06:30:37 --> Session: Sessions is enabled, and one exists.Please don't $session->start();
INFO - 2023-06-30 06:30:54 --> Session: Class initialized using 'CodeIgniter\Session\Handlers\FileHandler' driver.
WARNING - 2023-06-30 06:30:54 --> Session: Sessions is enabled, and one exists.Please don't $session->start();
INFO - 2023-06-30 06:31:05 --> Session: Class initialized using 'CodeIgniter\Session\Handlers\FileHandler' driver.
WARNING - 2023-06-30 06:31:05 --> Session: Sessions is enabled, and one exists.Please don't $session->start();
INFO - 2023-06-30 06:31:28 --> Session: Class initialized using 'CodeIgniter\Session\Handlers\FileHandler' driver.
WARNING - 2023-06-30 06:31:29 --> Session: Sessions is enabled, and one exists.Please don't $session->start();
INFO - 2023-06-30 06:32:14 --> Session: Class initialized using 'CodeIgniter\Session\Handlers\FileHandler' driver.
WARNING - 2023-06-30 06:32:14 --> Session: Sessions is enabled, and one exists.Please don't $session->start();
INFO - 2023-06-30 06:32:20 --> Session: Class initialized using 'CodeIgniter\Session\Handlers\FileHandler' driver.
WARNING - 2023-06-30 06:32:20 --> Session: Sessions is enabled, and one exists.Please don't $session->start();
INFO - 2023-06-30 06:32:26 --> Session: Class initialized using 'CodeIgniter\Session\Handlers\FileHandler' driver.
WARNING - 2023-06-30 06:32:26 --> Session: Sessions is enabled, and one exists.Please don't $session->start();
INFO - 2023-06-30 06:48:07 --> Session: Class initialized using 'CodeIgniter\Session\Handlers\FileHandler' driver.
INFO - 2023-06-30 06:48:07 --> Session: Class initialized using 'CodeIgniter\Session\Handlers\FileHandler' driver.
INFO - 2023-06-30 06:50:08 --> Session: Class initialized using 'CodeIgniter\Session\Handlers\FileHandler' driver.
INFO - 2023-06-30 06:50:09 --> Session: Class initialized using 'CodeIgniter\Session\Handlers\FileHandler' driver.
INFO - 2023-06-30 06:50:16 --> Session: Class initialized using 'CodeIgniter\Session\Handlers\FileHandler' driver.
WARNING - 2023-06-30 06:50:16 --> Session: Sessions is enabled, and one exists.Please don't $session->start();
INFO - 2023-06-30 06:50:28 --> Session: Class initialized using 'CodeIgniter\Session\Handlers\FileHandler' driver.
WARNING - 2023-06-30 06:50:28 --> Session: Sessions is enabled, and one exists.Please don't $session->start();
INFO - 2023-06-30 06:53:23 --> Session: Class initialized using 'CodeIgniter\Session\Handlers\FileHandler' driver.
WARNING - 2023-06-30 06:53:23 --> Session: Sessions is enabled, and one exists.Please don't $session->start();
INFO - 2023-06-30 07:45:28 --> Session: Class initialized using 'CodeIgniter\Session\Handlers\FileHandler' driver.
INFO - 2023-06-30 07:48:20 --> Session: Class initialized using 'CodeIgniter\Session\Handlers\FileHandler' driver.
INFO - 2023-06-30 07:48:56 --> Session: Class initialized using 'CodeIgniter\Session\Handlers\FileHandler' driver.
INFO - 2023-06-30 08:00:08 --> Session: Class initialized using 'CodeIgniter\Session\Handlers\FileHandler' driver.
INFO - 2023-06-30 08:32:34 --> Session: Class initialized using 'CodeIgniter\Session\Handlers\FileHandler' driver.
CRITICAL - 2023-06-30 09:11:27 --> Undefined variable $thread_per_kategori
in APPPATH\Views\home.php on line 57.
 1 APPPATH\Views\home.php(57): CodeIgniter\Debug\Exceptions->errorHandler(2, 'Undefined variable $thread_per_kategori', 'APPPATH\\Views\\home.php', 57)
 2 SYSTEMPATH\View\View.php(213): include('APPPATH\\Views\\home.php')
 3 SYSTEMPATH\View\View.php(216): CodeIgniter\View\View->CodeIgniter\View\{closure}()
 4 SYSTEMPATH\Common.php(1184): CodeIgniter\View\View->render('home', [], true)
 5 APPPATH\Controllers\Home.php(34): view('home', [...])
 6 SYSTEMPATH\CodeIgniter.php(934): App\Controllers\Home->index()
 7 SYSTEMPATH\CodeIgniter.php(499): CodeIgniter\CodeIgniter->runController(Object(App\Controllers\Home))
 8 SYSTEMPATH\CodeIgniter.php(368): CodeIgniter\CodeIgniter->handleRequest(null, Object(Config\Cache), false)
 9 FCPATH\index.php(67): CodeIgniter\CodeIgniter->run()
10 SYSTEMPATH\Commands\Server\rewrite.php(47): require_once('FCPATH\\index.php')
INFO - 2023-06-30 09:14:42 --> Session: Class initialized using 'CodeIgniter\Session\Handlers\FileHandler' driver.
INFO - 2023-06-30 09:16:21 --> Session: Class initialized using 'CodeIgniter\Session\Handlers\FileHandler' driver.
INFO - 2023-06-30 09:16:43 --> Session: Class initialized using 'CodeIgniter\Session\Handlers\FileHandler' driver.
INFO - 2023-06-30 09:17:33 --> Session: Class initialized using 'CodeIgniter\Session\Handlers\FileHandler' driver.
CRITICAL - 2023-06-30 09:19:18 --> Undefined variable $thread_per_kategori
in APPPATH\Views\home.php on line 107.
 1 APPPATH\Views\home.php(107): CodeIgniter\Debug\Exceptions->errorHandler(2, 'Undefined variable $thread_per_kategori', 'APPPATH\\Views\\home.php', 107)
 2 SYSTEMPATH\View\View.php(213): include('APPPATH\\Views\\home.php')
 3 SYSTEMPATH\View\View.php(216): CodeIgniter\View\View->CodeIgniter\View\{closure}()
 4 SYSTEMPATH\Common.php(1184): CodeIgniter\View\View->render('home', [], true)
 5 APPPATH\Controllers\Home.php(34): view('home', [...])
 6 SYSTEMPATH\CodeIgniter.php(934): App\Controllers\Home->index()
 7 SYSTEMPATH\CodeIgniter.php(499): CodeIgniter\CodeIgniter->runController(Object(App\Controllers\Home))
 8 SYSTEMPATH\CodeIgniter.php(368): CodeIgniter\CodeIgniter->handleRequest(null, Object(Config\Cache), false)
 9 FCPATH\index.php(67): CodeIgniter\CodeIgniter->run()
10 SYSTEMPATH\Commands\Server\rewrite.php(47): require_once('FCPATH\\index.php')
CRITICAL - 2023-06-30 09:20:39 --> Call to a member function getResult() on array
in APPPATH\Views\home.php on line 107.
 1 SYSTEMPATH\View\View.php(213): include()
 2 SYSTEMPATH\View\View.php(216): CodeIgniter\View\View->CodeIgniter\View\{closure}()
 3 SYSTEMPATH\Common.php(1184): CodeIgniter\View\View->render('home', [], true)
 4 APPPATH\Controllers\Home.php(35): view('home', [...])
 5 SYSTEMPATH\CodeIgniter.php(934): App\Controllers\Home->index()
 6 SYSTEMPATH\CodeIgniter.php(499): CodeIgniter\CodeIgniter->runController(Object(App\Controllers\Home))
 7 SYSTEMPATH\CodeIgniter.php(368): CodeIgniter\CodeIgniter->handleRequest(null, Object(Config\Cache), false)
 8 FCPATH\index.php(67): CodeIgniter\CodeIgniter->run()
 9 SYSTEMPATH\Commands\Server\rewrite.php(47): require_once('FCPATH\\index.php')
CRITICAL - 2023-06-30 09:25:13 --> Attempt to read property "jumlah" on array
in APPPATH\Views\home.php on line 108.
 1 APPPATH\Views\home.php(108): CodeIgniter\Debug\Exceptions->errorHandler(2, 'Attempt to read property "jumlah" on array', 'APPPATH\\Views\\home.php', 108)
 2 SYSTEMPATH\View\View.php(213): include('APPPATH\\Views\\home.php')
 3 SYSTEMPATH\View\View.php(216): CodeIgniter\View\View->CodeIgniter\View\{closure}()
 4 SYSTEMPATH\Common.php(1184): CodeIgniter\View\View->render('home', [], true)
 5 APPPATH\Controllers\Home.php(35): view('home', [...])
 6 SYSTEMPATH\CodeIgniter.php(934): App\Controllers\Home->index()
 7 SYSTEMPATH\CodeIgniter.php(499): CodeIgniter\CodeIgniter->runController(Object(App\Controllers\Home))
 8 SYSTEMPATH\CodeIgniter.php(368): CodeIgniter\CodeIgniter->handleRequest(null, Object(Config\Cache), false)
 9 FCPATH\index.php(67): CodeIgniter\CodeIgniter->run()
10 SYSTEMPATH\Commands\Server\rewrite.php(47): require_once('FCPATH\\index.php')
CRITICAL - 2023-06-30 09:27:20 --> Undefined property: mysqli::$jumlah
in APPPATH\Views\home.php on line 108.
 1 APPPATH\Views\home.php(108): CodeIgniter\Debug\Exceptions->errorHandler(2, 'Undefined property: mysqli::$jumlah', 'APPPATH\\Views\\home.php', 108)
 2 SYSTEMPATH\View\View.php(213): include('APPPATH\\Views\\home.php')
 3 SYSTEMPATH\View\View.php(216): CodeIgniter\View\View->CodeIgniter\View\{closure}()
 4 SYSTEMPATH\Common.php(1184): CodeIgniter\View\View->render('home', [], true)
 5 APPPATH\Controllers\Home.php(35): view('home', [...])
 6 SYSTEMPATH\CodeIgniter.php(934): App\Controllers\Home->index()
 7 SYSTEMPATH\CodeIgniter.php(499): CodeIgniter\CodeIgniter->runController(Object(App\Controllers\Home))
 8 SYSTEMPATH\CodeIgniter.php(368): CodeIgniter\CodeIgniter->handleRequest(null, Object(Config\Cache), false)
 9 FCPATH\index.php(67): CodeIgniter\CodeIgniter->run()
10 SYSTEMPATH\Commands\Server\rewrite.php(47): require_once('FCPATH\\index.php')
INFO - 2023-06-30 09:28:12 --> Session: Class initialized using 'CodeIgniter\Session\Handlers\FileHandler' driver.
INFO - 2023-06-30 09:29:33 --> Session: Class initialized using 'CodeIgniter\Session\Handlers\FileHandler' driver.
INFO - 2023-06-30 09:30:34 --> Session: Class initialized using 'CodeIgniter\Session\Handlers\FileHandler' driver.
INFO - 2023-06-30 09:32:35 --> Session: Class initialized using 'CodeIgniter\Session\Handlers\FileHandler' driver.
INFO - 2023-06-30 09:33:01 --> Session: Class initialized using 'CodeIgniter\Session\Handlers\FileHandler' driver.
INFO - 2023-06-30 09:33:13 --> Session: Class initialized using 'CodeIgniter\Session\Handlers\FileHandler' driver.
INFO - 2023-06-30 09:33:41 --> Session: Class initialized using 'CodeIgniter\Session\Handlers\FileHandler' driver.
INFO - 2023-06-30 09:34:01 --> Session: Class initialized using 'CodeIgniter\Session\Handlers\FileHandler' driver.
INFO - 2023-06-30 09:34:17 --> Session: Class initialized using 'CodeIgniter\Session\Handlers\FileHandler' driver.
INFO - 2023-06-30 09:34:38 --> Session: Class initialized using 'CodeIgniter\Session\Handlers\FileHandler' driver.
INFO - 2023-06-30 09:34:53 --> Session: Class initialized using 'CodeIgniter\Session\Handlers\FileHandler' driver.
INFO - 2023-06-30 09:35:26 --> Session: Class initialized using 'CodeIgniter\Session\Handlers\FileHandler' driver.
INFO - 2023-06-30 09:35:38 --> Session: Class initialized using 'CodeIgniter\Session\Handlers\FileHandler' driver.
INFO - 2023-06-30 09:36:34 --> Session: Class initialized using 'CodeIgniter\Session\Handlers\FileHandler' driver.
INFO - 2023-06-30 09:37:02 --> Session: Class initialized using 'CodeIgniter\Session\Handlers\FileHandler' driver.
WARNING - 2023-06-30 09:37:02 --> Session: Sessions is enabled, and one exists.Please don't $session->start();
INFO - 2023-06-30 09:37:08 --> Session: Class initialized using 'CodeIgniter\Session\Handlers\FileHandler' driver.
WARNING - 2023-06-30 09:37:08 --> Session: Sessions is enabled, and one exists.Please don't $session->start();
INFO - 2023-06-30 09:37:41 --> Session: Class initialized using 'CodeIgniter\Session\Handlers\FileHandler' driver.
WARNING - 2023-06-30 09:37:41 --> Session: Sessions is enabled, and one exists.Please don't $session->start();
INFO - 2023-06-30 09:37:41 --> Session: Class initialized using 'CodeIgniter\Session\Handlers\FileHandler' driver.
WARNING - 2023-06-30 09:37:41 --> Session: Sessions is enabled, and one exists.Please don't $session->start();
INFO - 2023-06-30 09:37:50 --> Session: Class initialized using 'CodeIgniter\Session\Handlers\FileHandler' driver.
INFO - 2023-06-30 09:37:55 --> Session: Class initialized using 'CodeIgniter\Session\Handlers\FileHandler' driver.
WARNING - 2023-06-30 09:37:56 --> Session: Sessions is enabled, and one exists.Please don't $session->start();
INFO - 2023-06-30 09:38:00 --> Session: Class initialized using 'CodeIgniter\Session\Handlers\FileHandler' driver.
WARNING - 2023-06-30 09:38:00 --> Session: Sessions is enabled, and one exists.Please don't $session->start();
INFO - 2023-06-30 09:38:08 --> Session: Class initialized using 'CodeIgniter\Session\Handlers\FileHandler' driver.
WARNING - 2023-06-30 09:38:08 --> Session: Sessions is enabled, and one exists.Please don't $session->start();
INFO - 2023-06-30 09:38:08 --> Session: Class initialized using 'CodeIgniter\Session\Handlers\FileHandler' driver.
WARNING - 2023-06-30 09:38:08 --> Session: Sessions is enabled, and one exists.Please don't $session->start();
INFO - 2023-06-30 09:38:12 --> Session: Class initialized using 'CodeIgniter\Session\Handlers\FileHandler' driver.
INFO - 2023-06-30 09:38:18 --> Session: Class initialized using 'CodeIgniter\Session\Handlers\FileHandler' driver.
WARNING - 2023-06-30 09:38:18 --> Session: Sessions is enabled, and one exists.Please don't $session->start();
INFO - 2023-06-30 09:38:21 --> Session: Class initialized using 'CodeIgniter\Session\Handlers\FileHandler' driver.
INFO - 2023-06-30 09:38:44 --> Session: Class initialized using 'CodeIgniter\Session\Handlers\FileHandler' driver.
INFO - 2023-06-30 09:43:09 --> Session: Class initialized using 'CodeIgniter\Session\Handlers\FileHandler' driver.
INFO - 2023-06-30 09:43:27 --> Session: Class initialized using 'CodeIgniter\Session\Handlers\FileHandler' driver.
INFO - 2023-06-30 09:45:23 --> Session: Class initialized using 'CodeIgniter\Session\Handlers\FileHandler' driver.
INFO - 2023-06-30 09:45:47 --> Session: Class initialized using 'CodeIgniter\Session\Handlers\FileHandler' driver.
INFO - 2023-06-30 09:46:26 --> Session: Class initialized using 'CodeIgniter\Session\Handlers\FileHandler' driver.
INFO - 2023-06-30 09:48:05 --> Session: Class initialized using 'CodeIgniter\Session\Handlers\FileHandler' driver.
INFO - 2023-06-30 09:49:44 --> Session: Class initialized using 'CodeIgniter\Session\Handlers\FileHandler' driver.
INFO - 2023-06-30 09:49:56 --> Session: Class initialized using 'CodeIgniter\Session\Handlers\FileHandler' driver.
INFO - 2023-06-30 09:50:03 --> Session: Class initialized using 'CodeIgniter\Session\Handlers\FileHandler' driver.
INFO - 2023-06-30 09:50:42 --> Session: Class initialized using 'CodeIgniter\Session\Handlers\FileHandler' driver.
INFO - 2023-06-30 09:51:34 --> Session: Class initialized using 'CodeIgniter\Session\Handlers\FileHandler' driver.
INFO - 2023-06-30 09:56:43 --> Session: Class initialized using 'CodeIgniter\Session\Handlers\FileHandler' driver.
INFO - 2023-06-30 09:57:05 --> Session: Class initialized using 'CodeIgniter\Session\Handlers\FileHandler' driver.
INFO - 2023-06-30 09:58:24 --> Session: Class initialized using 'CodeIgniter\Session\Handlers\FileHandler' driver.
INFO - 2023-06-30 09:58:34 --> Session: Class initialized using 'CodeIgniter\Session\Handlers\FileHandler' driver.
INFO - 2023-06-30 10:02:37 --> Session: Class initialized using 'CodeIgniter\Session\Handlers\FileHandler' driver.
CRITICAL - 2023-06-30 10:08:11 --> Undefined variable $tahun_lahir_user
in APPPATH\Views\home.php on line 117.
 1 APPPATH\Views\home.php(117): CodeIgniter\Debug\Exceptions->errorHandler(2, 'Undefined variable $tahun_lahir_user', 'APPPATH\\Views\\home.php', 117)
 2 SYSTEMPATH\View\View.php(213): include('APPPATH\\Views\\home.php')
 3 SYSTEMPATH\View\View.php(216): CodeIgniter\View\View->CodeIgniter\View\{closure}()
 4 SYSTEMPATH\Common.php(1184): CodeIgniter\View\View->render('home', [], true)
 5 APPPATH\Controllers\Home.php(43): view('home', [...])
 6 SYSTEMPATH\CodeIgniter.php(934): App\Controllers\Home->index()
 7 SYSTEMPATH\CodeIgniter.php(499): CodeIgniter\CodeIgniter->runController(Object(App\Controllers\Home))
 8 SYSTEMPATH\CodeIgniter.php(368): CodeIgniter\CodeIgniter->handleRequest(null, Object(Config\Cache), false)
 9 FCPATH\index.php(67): CodeIgniter\CodeIgniter->run()
10 SYSTEMPATH\Commands\Server\rewrite.php(47): require_once('FCPATH\\index.php')
CRITICAL - 2023-06-30 10:10:03 --> Undefined variable $tahun_lahir_user
in APPPATH\Views\home.php on line 117.
 1 APPPATH\Views\home.php(117): CodeIgniter\Debug\Exceptions->errorHandler(2, 'Undefined variable $tahun_lahir_user', 'APPPATH\\Views\\home.php', 117)
 2 SYSTEMPATH\View\View.php(213): include('APPPATH\\Views\\home.php')
 3 SYSTEMPATH\View\View.php(216): CodeIgniter\View\View->CodeIgniter\View\{closure}()
 4 SYSTEMPATH\Common.php(1184): CodeIgniter\View\View->render('home', [], true)
 5 APPPATH\Controllers\Home.php(43): view('home', [...])
 6 SYSTEMPATH\CodeIgniter.php(934): App\Controllers\Home->index()
 7 SYSTEMPATH\CodeIgniter.php(499): CodeIgniter\CodeIgniter->runController(Object(App\Controllers\Home))
 8 SYSTEMPATH\CodeIgniter.php(368): CodeIgniter\CodeIgniter->handleRequest(null, Object(Config\Cache), false)
 9 FCPATH\index.php(67): CodeIgniter\CodeIgniter->run()
10 SYSTEMPATH\Commands\Server\rewrite.php(47): require_once('FCPATH\\index.php')
INFO - 2023-06-30 10:11:05 --> Session: Class initialized using 'CodeIgniter\Session\Handlers\FileHandler' driver.
INFO - 2023-06-30 10:11:53 --> Session: Class initialized using 'CodeIgniter\Session\Handlers\FileHandler' driver.
CRITICAL - 2023-06-30 10:13:46 --> Undefined array key "tahun_lahir"
in APPPATH\Views\home.php on line 137.
 1 APPPATH\Views\home.php(137): CodeIgniter\Debug\Exceptions->errorHandler(2, 'Undefined array key "tahun_lahir"', 'APPPATH\\Views\\home.php', 137)
 2 SYSTEMPATH\View\View.php(213): include('APPPATH\\Views\\home.php')
 3 SYSTEMPATH\View\View.php(216): CodeIgniter\View\View->CodeIgniter\View\{closure}()
 4 SYSTEMPATH\Common.php(1184): CodeIgniter\View\View->render('home', [], true)
 5 APPPATH\Controllers\Home.php(43): view('home', [...])
 6 SYSTEMPATH\CodeIgniter.php(934): App\Controllers\Home->index()
 7 SYSTEMPATH\CodeIgniter.php(499): CodeIgniter\CodeIgniter->runController(Object(App\Controllers\Home))
 8 SYSTEMPATH\CodeIgniter.php(368): CodeIgniter\CodeIgniter->handleRequest(null, Object(Config\Cache), false)
 9 FCPATH\index.php(67): CodeIgniter\CodeIgniter->run()
10 SYSTEMPATH\Commands\Server\rewrite.php(47): require_once('FCPATH\\index.php')
CRITICAL - 2023-06-30 10:14:18 --> Undefined array key "tahun_lahir_user"
in APPPATH\Views\home.php on line 137.
 1 APPPATH\Views\home.php(137): CodeIgniter\Debug\Exceptions->errorHandler(2, 'Undefined array key "tahun_lahir_user"', 'APPPATH\\Views\\home.php', 137)
 2 SYSTEMPATH\View\View.php(213): include('APPPATH\\Views\\home.php')
 3 SYSTEMPATH\View\View.php(216): CodeIgniter\View\View->CodeIgniter\View\{closure}()
 4 SYSTEMPATH\Common.php(1184): CodeIgniter\View\View->render('home', [], true)
 5 APPPATH\Controllers\Home.php(43): view('home', [...])
 6 SYSTEMPATH\CodeIgniter.php(934): App\Controllers\Home->index()
 7 SYSTEMPATH\CodeIgniter.php(499): CodeIgniter\CodeIgniter->runController(Object(App\Controllers\Home))
 8 SYSTEMPATH\CodeIgniter.php(368): CodeIgniter\CodeIgniter->handleRequest(null, Object(Config\Cache), false)
 9 FCPATH\index.php(67): CodeIgniter\CodeIgniter->run()
10 SYSTEMPATH\Commands\Server\rewrite.php(47): require_once('FCPATH\\index.php')
INFO - 2023-06-30 10:15:45 --> Session: Class initialized using 'CodeIgniter\Session\Handlers\FileHandler' driver.
INFO - 2023-06-30 10:18:05 --> Session: Class initialized using 'CodeIgniter\Session\Handlers\FileHandler' driver.
INFO - 2023-06-30 10:18:36 --> Session: Class initialized using 'CodeIgniter\Session\Handlers\FileHandler' driver.
INFO - 2023-06-30 10:19:57 --> Session: Class initialized using 'CodeIgniter\Session\Handlers\FileHandler' driver.
CRITICAL - 2023-06-30 10:22:15 --> Undefined variable $label_tahun_lahir
in APPPATH\Views\home.php on line 137.
 1 APPPATH\Views\home.php(137): CodeIgniter\Debug\Exceptions->errorHandler(2, 'Undefined variable $label_tahun_lahir', 'APPPATH\\Views\\home.php', 137)
 2 SYSTEMPATH\View\View.php(213): include('APPPATH\\Views\\home.php')
 3 SYSTEMPATH\View\View.php(216): CodeIgniter\View\View->CodeIgniter\View\{closure}()
 4 SYSTEMPATH\Common.php(1184): CodeIgniter\View\View->render('home', [], true)
 5 APPPATH\Controllers\Home.php(43): view('home', [...])
 6 SYSTEMPATH\CodeIgniter.php(934): App\Controllers\Home->index()
 7 SYSTEMPATH\CodeIgniter.php(499): CodeIgniter\CodeIgniter->runController(Object(App\Controllers\Home))
 8 SYSTEMPATH\CodeIgniter.php(368): CodeIgniter\CodeIgniter->handleRequest(null, Object(Config\Cache), false)
 9 FCPATH\index.php(67): CodeIgniter\CodeIgniter->run()
10 SYSTEMPATH\Commands\Server\rewrite.php(47): require_once('FCPATH\\index.php')
CRITICAL - 2023-06-30 10:23:45 --> Undefined variable $jumlah_makanan_nonmakanan
in APPPATH\Views\home.php on line 137.
 1 APPPATH\Views\home.php(137): CodeIgniter\Debug\Exceptions->errorHandler(2, 'Undefined variable $jumlah_makanan_nonmakanan', 'APPPATH\\Views\\home.php', 137)
 2 SYSTEMPATH\View\View.php(213): include('APPPATH\\Views\\home.php')
 3 SYSTEMPATH\View\View.php(216): CodeIgniter\View\View->CodeIgniter\View\{closure}()
 4 SYSTEMPATH\Common.php(1184): CodeIgniter\View\View->render('home', [], true)
 5 APPPATH\Controllers\Home.php(43): view('home', [...])
 6 SYSTEMPATH\CodeIgniter.php(934): App\Controllers\Home->index()
 7 SYSTEMPATH\CodeIgniter.php(499): CodeIgniter\CodeIgniter->runController(Object(App\Controllers\Home))
 8 SYSTEMPATH\CodeIgniter.php(368): CodeIgniter\CodeIgniter->handleRequest(null, Object(Config\Cache), false)
 9 FCPATH\index.php(67): CodeIgniter\CodeIgniter->run()
10 SYSTEMPATH\Commands\Server\rewrite.php(47): require_once('FCPATH\\index.php')
CRITICAL - 2023-06-30 10:24:01 --> Undefined variable $jumlah_makanan_nonmakanan
in APPPATH\Views\home.php on line 137.
 1 APPPATH\Views\home.php(137): CodeIgniter\Debug\Exceptions->errorHandler(2, 'Undefined variable $jumlah_makanan_nonmakanan', 'APPPATH\\Views\\home.php', 137)
 2 SYSTEMPATH\View\View.php(213): include('APPPATH\\Views\\home.php')
 3 SYSTEMPATH\View\View.php(216): CodeIgniter\View\View->CodeIgniter\View\{closure}()
 4 SYSTEMPATH\Common.php(1184): CodeIgniter\View\View->render('home', [], true)
 5 APPPATH\Controllers\Home.php(43): view('home', [...])
 6 SYSTEMPATH\CodeIgniter.php(934): App\Controllers\Home->index()
 7 SYSTEMPATH\CodeIgniter.php(499): CodeIgniter\CodeIgniter->runController(Object(App\Controllers\Home))
 8 SYSTEMPATH\CodeIgniter.php(368): CodeIgniter\CodeIgniter->handleRequest(null, Object(Config\Cache), false)
 9 FCPATH\index.php(67): CodeIgniter\CodeIgniter->run()
10 SYSTEMPATH\Commands\Server\rewrite.php(47): require_once('FCPATH\\index.php')
INFO - 2023-06-30 10:24:11 --> Session: Class initialized using 'CodeIgniter\Session\Handlers\FileHandler' driver.
INFO - 2023-06-30 10:24:28 --> Session: Class initialized using 'CodeIgniter\Session\Handlers\FileHandler' driver.
INFO - 2023-06-30 10:24:49 --> Session: Class initialized using 'CodeIgniter\Session\Handlers\FileHandler' driver.
WARNING - 2023-06-30 10:24:49 --> Session: Sessions is enabled, and one exists.Please don't $session->start();
INFO - 2023-06-30 10:24:54 --> Session: Class initialized using 'CodeIgniter\Session\Handlers\FileHandler' driver.
WARNING - 2023-06-30 10:24:54 --> Session: Sessions is enabled, and one exists.Please don't $session->start();
INFO - 2023-06-30 10:25:23 --> Session: Class initialized using 'CodeIgniter\Session\Handlers\FileHandler' driver.
WARNING - 2023-06-30 10:25:23 --> Session: Sessions is enabled, and one exists.Please don't $session->start();
INFO - 2023-06-30 10:25:23 --> Session: Class initialized using 'CodeIgniter\Session\Handlers\FileHandler' driver.
WARNING - 2023-06-30 10:25:23 --> Session: Sessions is enabled, and one exists.Please don't $session->start();
INFO - 2023-06-30 10:25:30 --> Session: Class initialized using 'CodeIgniter\Session\Handlers\FileHandler' driver.
INFO - 2023-06-30 10:27:09 --> Session: Class initialized using 'CodeIgniter\Session\Handlers\FileHandler' driver.
INFO - 2023-06-30 10:29:32 --> Session: Class initialized using 'CodeIgniter\Session\Handlers\FileHandler' driver.
INFO - 2023-06-30 10:32:17 --> Session: Class initialized using 'CodeIgniter\Session\Handlers\FileHandler' driver.
INFO - 2023-06-30 10:32:33 --> Session: Class initialized using 'CodeIgniter\Session\Handlers\FileHandler' driver.
INFO - 2023-06-30 10:32:36 --> Session: Class initialized using 'CodeIgniter\Session\Handlers\FileHandler' driver.
INFO - 2023-06-30 10:32:49 --> Session: Class initialized using 'CodeIgniter\Session\Handlers\FileHandler' driver.
INFO - 2023-06-30 10:33:08 --> Session: Class initialized using 'CodeIgniter\Session\Handlers\FileHandler' driver.
INFO - 2023-06-30 10:33:16 --> Session: Class initialized using 'CodeIgniter\Session\Handlers\FileHandler' driver.
INFO - 2023-06-30 10:33:23 --> Session: Class initialized using 'CodeIgniter\Session\Handlers\FileHandler' driver.
INFO - 2023-06-30 10:34:22 --> Session: Class initialized using 'CodeIgniter\Session\Handlers\FileHandler' driver.
INFO - 2023-06-30 10:34:28 --> Session: Class initialized using 'CodeIgniter\Session\Handlers\FileHandler' driver.
INFO - 2023-06-30 10:34:53 --> Session: Class initialized using 'CodeIgniter\Session\Handlers\FileHandler' driver.
INFO - 2023-06-30 10:35:10 --> Session: Class initialized using 'CodeIgniter\Session\Handlers\FileHandler' driver.
INFO - 2023-06-30 10:36:00 --> Session: Class initialized using 'CodeIgniter\Session\Handlers\FileHandler' driver.
INFO - 2023-06-30 10:37:12 --> Session: Class initialized using 'CodeIgniter\Session\Handlers\FileHandler' driver.
INFO - 2023-06-30 10:37:29 --> Session: Class initialized using 'CodeIgniter\Session\Handlers\FileHandler' driver.
INFO - 2023-06-30 10:38:14 --> Session: Class initialized using 'CodeIgniter\Session\Handlers\FileHandler' driver.
INFO - 2023-06-30 10:40:16 --> Session: Class initialized using 'CodeIgniter\Session\Handlers\FileHandler' driver.
INFO - 2023-06-30 10:42:31 --> Session: Class initialized using 'CodeIgniter\Session\Handlers\FileHandler' driver.
INFO - 2023-06-30 10:43:22 --> Session: Class initialized using 'CodeIgniter\Session\Handlers\FileHandler' driver.
INFO - 2023-06-30 10:43:54 --> Session: Class initialized using 'CodeIgniter\Session\Handlers\FileHandler' driver.
INFO - 2023-06-30 10:44:33 --> Session: Class initialized using 'CodeIgniter\Session\Handlers\FileHandler' driver.
INFO - 2023-06-30 10:45:11 --> Session: Class initialized using 'CodeIgniter\Session\Handlers\FileHandler' driver.
INFO - 2023-06-30 10:45:27 --> Session: Class initialized using 'CodeIgniter\Session\Handlers\FileHandler' driver.
INFO - 2023-06-30 10:47:25 --> Session: Class initialized using 'CodeIgniter\Session\Handlers\FileHandler' driver.
INFO - 2023-06-30 10:49:30 --> Session: Class initialized using 'CodeIgniter\Session\Handlers\FileHandler' driver.
INFO - 2023-06-30 10:49:57 --> Session: Class initialized using 'CodeIgniter\Session\Handlers\FileHandler' driver.
INFO - 2023-06-30 10:50:13 --> Session: Class initialized using 'CodeIgniter\Session\Handlers\FileHandler' driver.
INFO - 2023-06-30 10:50:30 --> Session: Class initialized using 'CodeIgniter\Session\Handlers\FileHandler' driver.
INFO - 2023-06-30 10:50:38 --> Session: Class initialized using 'CodeIgniter\Session\Handlers\FileHandler' driver.
INFO - 2023-06-30 10:50:39 --> Session: Class initialized using 'CodeIgniter\Session\Handlers\FileHandler' driver.
WARNING - 2023-06-30 10:50:39 --> Session: Sessions is enabled, and one exists.Please don't $session->start();
INFO - 2023-06-30 10:51:00 --> Session: Class initialized using 'CodeIgniter\Session\Handlers\FileHandler' driver.
INFO - 2023-06-30 10:51:00 --> Session: Class initialized using 'CodeIgniter\Session\Handlers\FileHandler' driver.
INFO - 2023-06-30 10:51:30 --> Session: Class initialized using 'CodeIgniter\Session\Handlers\FileHandler' driver.
INFO - 2023-06-30 10:51:31 --> Session: Class initialized using 'CodeIgniter\Session\Handlers\FileHandler' driver.
INFO - 2023-06-30 10:51:39 --> Session: Class initialized using 'CodeIgniter\Session\Handlers\FileHandler' driver.
WARNING - 2023-06-30 10:51:39 --> Session: Sessions is enabled, and one exists.Please don't $session->start();
INFO - 2023-06-30 10:52:55 --> Session: Class initialized using 'CodeIgniter\Session\Handlers\FileHandler' driver.
WARNING - 2023-06-30 10:52:55 --> Session: Sessions is enabled, and one exists.Please don't $session->start();
INFO - 2023-06-30 10:53:22 --> Session: Class initialized using 'CodeIgniter\Session\Handlers\FileHandler' driver.
INFO - 2023-06-30 10:53:25 --> Session: Class initialized using 'CodeIgniter\Session\Handlers\FileHandler' driver.
WARNING - 2023-06-30 10:53:25 --> Session: Sessions is enabled, and one exists.Please don't $session->start();
INFO - 2023-06-30 10:53:37 --> Session: Class initialized using 'CodeIgniter\Session\Handlers\FileHandler' driver.
INFO - 2023-06-30 10:54:05 --> Session: Class initialized using 'CodeIgniter\Session\Handlers\FileHandler' driver.
WARNING - 2023-06-30 10:54:05 --> Session: Sessions is enabled, and one exists.Please don't $session->start();
INFO - 2023-06-30 10:54:09 --> Session: Class initialized using 'CodeIgniter\Session\Handlers\FileHandler' driver.
INFO - 2023-06-30 10:54:10 --> Session: Class initialized using 'CodeIgniter\Session\Handlers\FileHandler' driver.
WARNING - 2023-06-30 10:54:10 --> Session: Sessions is enabled, and one exists.Please don't $session->start();
INFO - 2023-06-30 10:57:21 --> Session: Class initialized using 'CodeIgniter\Session\Handlers\FileHandler' driver.
INFO - 2023-06-30 13:25:32 --> Session: Class initialized using 'CodeIgniter\Session\Handlers\FileHandler' driver.
INFO - 2023-06-30 13:25:40 --> Session: Class initialized using 'CodeIgniter\Session\Handlers\FileHandler' driver.
INFO - 2023-06-30 13:25:40 --> Session: Class initialized using 'CodeIgniter\Session\Handlers\FileHandler' driver.
INFO - 2023-06-30 13:25:47 --> Session: Class initialized using 'CodeIgniter\Session\Handlers\FileHandler' driver.
INFO - 2023-06-30 13:25:48 --> Session: Class initialized using 'CodeIgniter\Session\Handlers\FileHandler' driver.
INFO - 2023-06-30 13:25:52 --> Session: Class initialized using 'CodeIgniter\Session\Handlers\FileHandler' driver.
WARNING - 2023-06-30 13:25:52 --> Session: Sessions is enabled, and one exists.Please don't $session->start();
INFO - 2023-06-30 13:26:01 --> Session: Class initialized using 'CodeIgniter\Session\Handlers\FileHandler' driver.
WARNING - 2023-06-30 13:26:01 --> Session: Sessions is enabled, and one exists.Please don't $session->start();
ERROR - 2023-06-30 13:26:01 --> mysqli_sql_exception: Unknown column 'umkmdata' in 'field list' in C:\xampp\htdocs\projekbis\system\Database\MySQLi\Connection.php:295
Stack trace:
#0 C:\xampp\htdocs\projekbis\system\Database\MySQLi\Connection.php(295): mysqli->query('SELECT `umkmdat...', 0)
#1 C:\xampp\htdocs\projekbis\system\Database\BaseConnection.php(691): CodeIgniter\Database\MySQLi\Connection->execute('SELECT `umkmdat...')
#2 C:\xampp\htdocs\projekbis\system\Database\BaseConnection.php(605): CodeIgniter\Database\BaseConnection->simpleQuery('SELECT `umkmdat...')
#3 C:\xampp\htdocs\projekbis\system\Database\BaseBuilder.php(1616): CodeIgniter\Database\BaseConnection->query('SELECT `umkmdat...', Array, false)
#4 C:\xampp\htdocs\projekbis\system\Model.php(241): CodeIgniter\Database\BaseBuilder->get()
#5 C:\xampp\htdocs\projekbis\system\BaseModel.php(618): CodeIgniter\Model->doFindAll(0, 0)
#6 C:\xampp\htdocs\projekbis\app\Models\UmkmDataModel.php(60): CodeIgniter\BaseModel->findAll()
#7 C:\xampp\htdocs\projekbis\app\Controllers\Job.php(241): App\Models\UmkmDataModel->getPDFData()
#8 C:\xampp\htdocs\projekbis\system\CodeIgniter.php(934): App\Controllers\Job->showAllPDF()
#9 C:\xampp\htdocs\projekbis\system\CodeIgniter.php(499): CodeIgniter\CodeIgniter->runController(Object(App\Controllers\Job))
#10 C:\xampp\htdocs\projekbis\system\CodeIgniter.php(368): CodeIgniter\CodeIgniter->handleRequest(NULL, Object(Config\Cache), false)
#11 C:\xampp\htdocs\projekbis\public\index.php(67): CodeIgniter\CodeIgniter->run()
#12 C:\xampp\htdocs\projekbis\system\Commands\Server\rewrite.php(47): require_once('C:\\xampp\\htdocs...')
#13 {main}
CRITICAL - 2023-06-30 13:26:01 --> Unknown column 'umkmdata' in 'field list'
in SYSTEMPATH\Database\BaseConnection.php on line 645.
 1 SYSTEMPATH\Database\BaseBuilder.php(1616): CodeIgniter\Database\BaseConnection->query('SELECT `umkmdata`
FROM `umkmdata`', [], false)
 2 SYSTEMPATH\Model.php(241): CodeIgniter\Database\BaseBuilder->get()
 3 SYSTEMPATH\BaseModel.php(618): CodeIgniter\Model->doFindAll(0, 0)
 4 APPPATH\Models\UmkmDataModel.php(60): CodeIgniter\BaseModel->findAll()
 5 APPPATH\Controllers\Job.php(241): App\Models\UmkmDataModel->getPDFData()
 6 SYSTEMPATH\CodeIgniter.php(934): App\Controllers\Job->showAllPDF()
 7 SYSTEMPATH\CodeIgniter.php(499): CodeIgniter\CodeIgniter->runController(Object(App\Controllers\Job))
 8 SYSTEMPATH\CodeIgniter.php(368): CodeIgniter\CodeIgniter->handleRequest(null, Object(Config\Cache), false)
 9 FCPATH\index.php(67): CodeIgniter\CodeIgniter->run()
10 SYSTEMPATH\Commands\Server\rewrite.php(47): require_once('FCPATH\\index.php')
INFO - 2023-06-30 13:28:31 --> Session: Class initialized using 'CodeIgniter\Session\Handlers\FileHandler' driver.
WARNING - 2023-06-30 13:28:31 --> Session: Sessions is enabled, and one exists.Please don't $session->start();
INFO - 2023-06-30 13:28:43 --> Session: Class initialized using 'CodeIgniter\Session\Handlers\FileHandler' driver.
WARNING - 2023-06-30 13:28:43 --> Session: Sessions is enabled, and one exists.Please don't $session->start();
CRITICAL - 2023-06-30 13:28:43 --> Undefined array key "umkmdata"
in APPPATH\Controllers\Job.php on line 245.
 1 APPPATH\Controllers\Job.php(245): CodeIgniter\Debug\Exceptions->errorHandler(2, 'Undefined array key "umkmdata"', 'APPPATH\\Controllers\\Job.php', 245)
 2 SYSTEMPATH\CodeIgniter.php(934): App\Controllers\Job->showAllPDF()
 3 SYSTEMPATH\CodeIgniter.php(499): CodeIgniter\CodeIgniter->runController(Object(App\Controllers\Job))
 4 SYSTEMPATH\CodeIgniter.php(368): CodeIgniter\CodeIgniter->handleRequest(null, Object(Config\Cache), false)
 5 FCPATH\index.php(67): CodeIgniter\CodeIgniter->run()
 6 SYSTEMPATH\Commands\Server\rewrite.php(47): require_once('FCPATH\\index.php')
INFO - 2023-06-30 13:29:08 --> Session: Class initialized using 'CodeIgniter\Session\Handlers\FileHandler' driver.
WARNING - 2023-06-30 13:29:09 --> Session: Sessions is enabled, and one exists.Please don't $session->start();
INFO - 2023-06-30 13:32:01 --> Session: Class initialized using 'CodeIgniter\Session\Handlers\FileHandler' driver.
WARNING - 2023-06-30 13:32:02 --> Session: Sessions is enabled, and one exists.Please don't $session->start();
INFO - 2023-06-30 13:33:01 --> Session: Class initialized using 'CodeIgniter\Session\Handlers\FileHandler' driver.
WARNING - 2023-06-30 13:33:01 --> Session: Sessions is enabled, and one exists.Please don't $session->start();
INFO - 2023-06-30 13:44:28 --> Session: Class initialized using 'CodeIgniter\Session\Handlers\FileHandler' driver.
WARNING - 2023-06-30 13:44:28 --> Session: Sessions is enabled, and one exists.Please don't $session->start();
INFO - 2023-06-30 13:44:39 --> Session: Class initialized using 'CodeIgniter\Session\Handlers\FileHandler' driver.
WARNING - 2023-06-30 13:44:39 --> Session: Sessions is enabled, and one exists.Please don't $session->start();
INFO - 2023-06-30 13:44:44 --> Session: Class initialized using 'CodeIgniter\Session\Handlers\FileHandler' driver.
WARNING - 2023-06-30 13:44:44 --> Session: Sessions is enabled, and one exists.Please don't $session->start();
CRITICAL - 2023-06-30 13:44:44 --> Invalid file: "view.php"
in SYSTEMPATH\Exceptions\FrameworkException.php on line 33.
 1 SYSTEMPATH\View\View.php(201): CodeIgniter\Exceptions\FrameworkException::forInvalidFile('view.php')
 2 SYSTEMPATH\Common.php(1184): CodeIgniter\View\View->render('view', [], true)
 3 APPPATH\Controllers\Job.php(242): view('view')
 4 SYSTEMPATH\CodeIgniter.php(934): App\Controllers\Job->viewpdf()
 5 SYSTEMPATH\CodeIgniter.php(499): CodeIgniter\CodeIgniter->runController(Object(App\Controllers\Job))
 6 SYSTEMPATH\CodeIgniter.php(368): CodeIgniter\CodeIgniter->handleRequest(null, Object(Config\Cache), false)
 7 FCPATH\index.php(67): CodeIgniter\CodeIgniter->run()
 8 SYSTEMPATH\Commands\Server\rewrite.php(47): require_once('FCPATH\\index.php')
INFO - 2023-06-30 13:45:23 --> Session: Class initialized using 'CodeIgniter\Session\Handlers\FileHandler' driver.
WARNING - 2023-06-30 13:45:23 --> Session: Sessions is enabled, and one exists.Please don't $session->start();
INFO - 2023-06-30 13:45:42 --> Session: Class initialized using 'CodeIgniter\Session\Handlers\FileHandler' driver.
WARNING - 2023-06-30 13:45:42 --> Session: Sessions is enabled, and one exists.Please don't $session->start();
INFO - 2023-06-30 13:45:53 --> Session: Class initialized using 'CodeIgniter\Session\Handlers\FileHandler' driver.
WARNING - 2023-06-30 13:45:53 --> Session: Sessions is enabled, and one exists.Please don't $session->start();
INFO - 2023-06-30 13:48:35 --> Session: Class initialized using 'CodeIgniter\Session\Handlers\FileHandler' driver.
WARNING - 2023-06-30 13:48:35 --> Session: Sessions is enabled, and one exists.Please don't $session->start();
INFO - 2023-06-30 13:48:41 --> Session: Class initialized using 'CodeIgniter\Session\Handlers\FileHandler' driver.
WARNING - 2023-06-30 13:48:41 --> Session: Sessions is enabled, and one exists.Please don't $session->start();
INFO - 2023-06-30 13:48:55 --> Session: Class initialized using 'CodeIgniter\Session\Handlers\FileHandler' driver.
WARNING - 2023-06-30 13:48:55 --> Session: Sessions is enabled, and one exists.Please don't $session->start();
INFO - 2023-06-30 13:51:31 --> Session: Class initialized using 'CodeIgniter\Session\Handlers\FileHandler' driver.
WARNING - 2023-06-30 13:51:31 --> Session: Sessions is enabled, and one exists.Please don't $session->start();
INFO - 2023-06-30 13:51:39 --> Session: Class initialized using 'CodeIgniter\Session\Handlers\FileHandler' driver.
WARNING - 2023-06-30 13:51:39 --> Session: Sessions is enabled, and one exists.Please don't $session->start();
INFO - 2023-06-30 13:51:48 --> Session: Class initialized using 'CodeIgniter\Session\Handlers\FileHandler' driver.
WARNING - 2023-06-30 13:51:48 --> Session: Sessions is enabled, and one exists.Please don't $session->start();
INFO - 2023-06-30 13:58:34 --> Session: Class initialized using 'CodeIgniter\Session\Handlers\FileHandler' driver.
WARNING - 2023-06-30 13:58:34 --> Session: Sessions is enabled, and one exists.Please don't $session->start();
INFO - 2023-06-30 14:02:34 --> Session: Class initialized using 'CodeIgniter\Session\Handlers\FileHandler' driver.
WARNING - 2023-06-30 14:02:34 --> Session: Sessions is enabled, and one exists.Please don't $session->start();
INFO - 2023-06-30 14:02:40 --> Session: Class initialized using 'CodeIgniter\Session\Handlers\FileHandler' driver.
WARNING - 2023-06-30 14:02:40 --> Session: Sessions is enabled, and one exists.Please don't $session->start();
INFO - 2023-06-30 14:05:53 --> Session: Class initialized using 'CodeIgniter\Session\Handlers\FileHandler' driver.
WARNING - 2023-06-30 14:05:53 --> Session: Sessions is enabled, and one exists.Please don't $session->start();
INFO - 2023-06-30 14:06:01 --> Session: Class initialized using 'CodeIgniter\Session\Handlers\FileHandler' driver.
WARNING - 2023-06-30 14:06:01 --> Session: Sessions is enabled, and one exists.Please don't $session->start();
INFO - 2023-06-30 14:08:10 --> Session: Class initialized using 'CodeIgniter\Session\Handlers\FileHandler' driver.
WARNING - 2023-06-30 14:08:10 --> Session: Sessions is enabled, and one exists.Please don't $session->start();
INFO - 2023-06-30 14:08:12 --> Session: Class initialized using 'CodeIgniter\Session\Handlers\FileHandler' driver.
WARNING - 2023-06-30 14:08:12 --> Session: Sessions is enabled, and one exists.Please don't $session->start();
INFO - 2023-06-30 14:08:19 --> Session: Class initialized using 'CodeIgniter\Session\Handlers\FileHandler' driver.
WARNING - 2023-06-30 14:08:19 --> Session: Sessions is enabled, and one exists.Please don't $session->start();
INFO - 2023-06-30 14:08:28 --> Session: Class initialized using 'CodeIgniter\Session\Handlers\FileHandler' driver.
WARNING - 2023-06-30 14:08:28 --> Session: Sessions is enabled, and one exists.Please don't $session->start();
INFO - 2023-06-30 14:09:24 --> Session: Class initialized using 'CodeIgniter\Session\Handlers\FileHandler' driver.
WARNING - 2023-06-30 14:09:24 --> Session: Sessions is enabled, and one exists.Please don't $session->start();
INFO - 2023-06-30 14:09:26 --> Session: Class initialized using 'CodeIgniter\Session\Handlers\FileHandler' driver.
WARNING - 2023-06-30 14:09:26 --> Session: Sessions is enabled, and one exists.Please don't $session->start();
INFO - 2023-06-30 14:09:31 --> Session: Class initialized using 'CodeIgniter\Session\Handlers\FileHandler' driver.
WARNING - 2023-06-30 14:09:31 --> Session: Sessions is enabled, and one exists.Please don't $session->start();
INFO - 2023-06-30 14:10:14 --> Session: Class initialized using 'CodeIgniter\Session\Handlers\FileHandler' driver.
WARNING - 2023-06-30 14:10:14 --> Session: Sessions is enabled, and one exists.Please don't $session->start();
INFO - 2023-06-30 14:10:15 --> Session: Class initialized using 'CodeIgniter\Session\Handlers\FileHandler' driver.
WARNING - 2023-06-30 14:10:16 --> Session: Sessions is enabled, and one exists.Please don't $session->start();
INFO - 2023-06-30 14:10:20 --> Session: Class initialized using 'CodeIgniter\Session\Handlers\FileHandler' driver.
WARNING - 2023-06-30 14:10:20 --> Session: Sessions is enabled, and one exists.Please don't $session->start();
INFO - 2023-06-30 14:10:21 --> Session: Class initialized using 'CodeIgniter\Session\Handlers\FileHandler' driver.
WARNING - 2023-06-30 14:10:21 --> Session: Sessions is enabled, and one exists.Please don't $session->start();
INFO - 2023-06-30 14:19:04 --> Session: Class initialized using 'CodeIgniter\Session\Handlers\FileHandler' driver.
WARNING - 2023-06-30 14:19:04 --> Session: Sessions is enabled, and one exists.Please don't $session->start();
INFO - 2023-06-30 14:19:12 --> Session: Class initialized using 'CodeIgniter\Session\Handlers\FileHandler' driver.
WARNING - 2023-06-30 14:19:12 --> Session: Sessions is enabled, and one exists.Please don't $session->start();
INFO - 2023-06-30 14:22:17 --> Session: Class initialized using 'CodeIgniter\Session\Handlers\FileHandler' driver.
WARNING - 2023-06-30 14:22:17 --> Session: Sessions is enabled, and one exists.Please don't $session->start();
INFO - 2023-06-30 14:22:20 --> Session: Class initialized using 'CodeIgniter\Session\Handlers\FileHandler' driver.
WARNING - 2023-06-30 14:22:20 --> Session: Sessions is enabled, and one exists.Please don't $session->start();
INFO - 2023-06-30 14:23:47 --> Session: Class initialized using 'CodeIgniter\Session\Handlers\FileHandler' driver.
WARNING - 2023-06-30 14:23:47 --> Session: Sessions is enabled, and one exists.Please don't $session->start();
INFO - 2023-06-30 14:23:50 --> Session: Class initialized using 'CodeIgniter\Session\Handlers\FileHandler' driver.
WARNING - 2023-06-30 14:23:50 --> Session: Sessions is enabled, and one exists.Please don't $session->start();
INFO - 2023-06-30 14:27:39 --> Session: Class initialized using 'CodeIgniter\Session\Handlers\FileHandler' driver.
WARNING - 2023-06-30 14:27:39 --> Session: Sessions is enabled, and one exists.Please don't $session->start();
INFO - 2023-06-30 14:33:20 --> Session: Class initialized using 'CodeIgniter\Session\Handlers\FileHandler' driver.
WARNING - 2023-06-30 14:33:20 --> Session: Sessions is enabled, and one exists.Please don't $session->start();
INFO - 2023-06-30 14:33:22 --> Session: Class initialized using 'CodeIgniter\Session\Handlers\FileHandler' driver.
WARNING - 2023-06-30 14:33:22 --> Session: Sessions is enabled, and one exists.Please don't $session->start();
INFO - 2023-06-30 14:40:17 --> Session: Class initialized using 'CodeIgniter\Session\Handlers\FileHandler' driver.
WARNING - 2023-06-30 14:40:17 --> Session: Sessions is enabled, and one exists.Please don't $session->start();
INFO - 2023-06-30 14:41:16 --> Session: Class initialized using 'CodeIgniter\Session\Handlers\FileHandler' driver.
WARNING - 2023-06-30 14:41:16 --> Session: Sessions is enabled, and one exists.Please don't $session->start();
INFO - 2023-06-30 14:41:18 --> Session: Class initialized using 'CodeIgniter\Session\Handlers\FileHandler' driver.
WARNING - 2023-06-30 14:41:18 --> Session: Sessions is enabled, and one exists.Please don't $session->start();
INFO - 2023-06-30 14:41:26 --> Session: Class initialized using 'CodeIgniter\Session\Handlers\FileHandler' driver.
WARNING - 2023-06-30 14:41:27 --> Session: Sessions is enabled, and one exists.Please don't $session->start();
INFO - 2023-06-30 14:41:38 --> Session: Class initialized using 'CodeIgniter\Session\Handlers\FileHandler' driver.
WARNING - 2023-06-30 14:41:38 --> Session: Sessions is enabled, and one exists.Please don't $session->start();
INFO - 2023-06-30 14:42:02 --> Session: Class initialized using 'CodeIgniter\Session\Handlers\FileHandler' driver.
WARNING - 2023-06-30 14:42:02 --> Session: Sessions is enabled, and one exists.Please don't $session->start();
INFO - 2023-06-30 14:42:08 --> Session: Class initialized using 'CodeIgniter\Session\Handlers\FileHandler' driver.
WARNING - 2023-06-30 14:42:08 --> Session: Sessions is enabled, and one exists.Please don't $session->start();
INFO - 2023-06-30 14:44:05 --> Session: Class initialized using 'CodeIgniter\Session\Handlers\FileHandler' driver.
WARNING - 2023-06-30 14:44:05 --> Session: Sessions is enabled, and one exists.Please don't $session->start();
INFO - 2023-06-30 14:44:27 --> Session: Class initialized using 'CodeIgniter\Session\Handlers\FileHandler' driver.
WARNING - 2023-06-30 14:44:27 --> Session: Sessions is enabled, and one exists.Please don't $session->start();
INFO - 2023-06-30 14:45:14 --> Session: Class initialized using 'CodeIgniter\Session\Handlers\FileHandler' driver.
WARNING - 2023-06-30 14:45:14 --> Session: Sessions is enabled, and one exists.Please don't $session->start();
INFO - 2023-06-30 14:46:34 --> Session: Class initialized using 'CodeIgniter\Session\Handlers\FileHandler' driver.
WARNING - 2023-06-30 14:46:34 --> Session: Sessions is enabled, and one exists.Please don't $session->start();
INFO - 2023-06-30 14:46:40 --> Session: Class initialized using 'CodeIgniter\Session\Handlers\FileHandler' driver.
WARNING - 2023-06-30 14:46:40 --> Session: Sessions is enabled, and one exists.Please don't $session->start();
INFO - 2023-06-30 14:46:41 --> Session: Class initialized using 'CodeIgniter\Session\Handlers\FileHandler' driver.
WARNING - 2023-06-30 14:46:41 --> Session: Sessions is enabled, and one exists.Please don't $session->start();
INFO - 2023-06-30 14:49:25 --> Session: Class initialized using 'CodeIgniter\Session\Handlers\FileHandler' driver.
WARNING - 2023-06-30 14:49:25 --> Session: Sessions is enabled, and one exists.Please don't $session->start();
INFO - 2023-06-30 14:49:28 --> Session: Class initialized using 'CodeIgniter\Session\Handlers\FileHandler' driver.
WARNING - 2023-06-30 14:49:28 --> Session: Sessions is enabled, and one exists.Please don't $session->start();
INFO - 2023-06-30 14:49:42 --> Session: Class initialized using 'CodeIgniter\Session\Handlers\FileHandler' driver.
WARNING - 2023-06-30 14:49:42 --> Session: Sessions is enabled, and one exists.Please don't $session->start();
INFO - 2023-06-30 14:49:53 --> Session: Class initialized using 'CodeIgniter\Session\Handlers\FileHandler' driver.
WARNING - 2023-06-30 14:49:54 --> Session: Sessions is enabled, and one exists.Please don't $session->start();
INFO - 2023-06-30 14:49:57 --> Session: Class initialized using 'CodeIgniter\Session\Handlers\FileHandler' driver.
WARNING - 2023-06-30 14:49:57 --> Session: Sessions is enabled, and one exists.Please don't $session->start();
INFO - 2023-06-30 14:50:25 --> Session: Class initialized using 'CodeIgniter\Session\Handlers\FileHandler' driver.
WARNING - 2023-06-30 14:50:25 --> Session: Sessions is enabled, and one exists.Please don't $session->start();
INFO - 2023-06-30 14:50:27 --> Session: Class initialized using 'CodeIgniter\Session\Handlers\FileHandler' driver.
WARNING - 2023-06-30 14:50:27 --> Session: Sessions is enabled, and one exists.Please don't $session->start();
INFO - 2023-06-30 14:50:33 --> Session: Class initialized using 'CodeIgniter\Session\Handlers\FileHandler' driver.
WARNING - 2023-06-30 14:50:33 --> Session: Sessions is enabled, and one exists.Please don't $session->start();
INFO - 2023-06-30 14:51:09 --> Session: Class initialized using 'CodeIgniter\Session\Handlers\FileHandler' driver.
WARNING - 2023-06-30 14:51:09 --> Session: Sessions is enabled, and one exists.Please don't $session->start();
INFO - 2023-06-30 14:51:14 --> Session: Class initialized using 'CodeIgniter\Session\Handlers\FileHandler' driver.
WARNING - 2023-06-30 14:51:14 --> Session: Sessions is enabled, and one exists.Please don't $session->start();
INFO - 2023-06-30 14:51:45 --> Session: Class initialized using 'CodeIgniter\Session\Handlers\FileHandler' driver.
WARNING - 2023-06-30 14:51:45 --> Session: Sessions is enabled, and one exists.Please don't $session->start();
INFO - 2023-06-30 14:52:28 --> Session: Class initialized using 'CodeIgniter\Session\Handlers\FileHandler' driver.
WARNING - 2023-06-30 14:52:28 --> Session: Sessions is enabled, and one exists.Please don't $session->start();
INFO - 2023-06-30 14:52:36 --> Session: Class initialized using 'CodeIgniter\Session\Handlers\FileHandler' driver.
WARNING - 2023-06-30 14:52:36 --> Session: Sessions is enabled, and one exists.Please don't $session->start();
INFO - 2023-06-30 14:52:39 --> Session: Class initialized using 'CodeIgniter\Session\Handlers\FileHandler' driver.
WARNING - 2023-06-30 14:52:39 --> Session: Sessions is enabled, and one exists.Please don't $session->start();
INFO - 2023-06-30 14:52:43 --> Session: Class initialized using 'CodeIgniter\Session\Handlers\FileHandler' driver.
WARNING - 2023-06-30 14:52:43 --> Session: Sessions is enabled, and one exists.Please don't $session->start();
INFO - 2023-06-30 14:53:00 --> Session: Class initialized using 'CodeIgniter\Session\Handlers\FileHandler' driver.
WARNING - 2023-06-30 14:53:00 --> Session: Sessions is enabled, and one exists.Please don't $session->start();
INFO - 2023-06-30 14:53:01 --> Session: Class initialized using 'CodeIgniter\Session\Handlers\FileHandler' driver.
WARNING - 2023-06-30 14:53:01 --> Session: Sessions is enabled, and one exists.Please don't $session->start();
INFO - 2023-06-30 14:53:27 --> Session: Class initialized using 'CodeIgniter\Session\Handlers\FileHandler' driver.
WARNING - 2023-06-30 14:53:27 --> Session: Sessions is enabled, and one exists.Please don't $session->start();
INFO - 2023-06-30 14:53:29 --> Session: Class initialized using 'CodeIgniter\Session\Handlers\FileHandler' driver.
WARNING - 2023-06-30 14:53:29 --> Session: Sessions is enabled, and one exists.Please don't $session->start();
INFO - 2023-06-30 14:55:10 --> Session: Class initialized using 'CodeIgniter\Session\Handlers\FileHandler' driver.
WARNING - 2023-06-30 14:55:10 --> Session: Sessions is enabled, and one exists.Please don't $session->start();
INFO - 2023-06-30 14:55:12 --> Session: Class initialized using 'CodeIgniter\Session\Handlers\FileHandler' driver.
WARNING - 2023-06-30 14:55:12 --> Session: Sessions is enabled, and one exists.Please don't $session->start();
INFO - 2023-06-30 14:55:39 --> Session: Class initialized using 'CodeIgniter\Session\Handlers\FileHandler' driver.
WARNING - 2023-06-30 14:55:39 --> Session: Sessions is enabled, and one exists.Please don't $session->start();
INFO - 2023-06-30 14:55:40 --> Session: Class initialized using 'CodeIgniter\Session\Handlers\FileHandler' driver.
WARNING - 2023-06-30 14:55:40 --> Session: Sessions is enabled, and one exists.Please don't $session->start();
INFO - 2023-06-30 14:56:27 --> Session: Class initialized using 'CodeIgniter\Session\Handlers\FileHandler' driver.
WARNING - 2023-06-30 14:56:27 --> Session: Sessions is enabled, and one exists.Please don't $session->start();
INFO - 2023-06-30 14:56:41 --> Session: Class initialized using 'CodeIgniter\Session\Handlers\FileHandler' driver.
WARNING - 2023-06-30 14:56:41 --> Session: Sessions is enabled, and one exists.Please don't $session->start();
INFO - 2023-06-30 14:56:52 --> Session: Class initialized using 'CodeIgniter\Session\Handlers\FileHandler' driver.
WARNING - 2023-06-30 14:56:52 --> Session: Sessions is enabled, and one exists.Please don't $session->start();
INFO - 2023-06-30 14:57:03 --> Session: Class initialized using 'CodeIgniter\Session\Handlers\FileHandler' driver.
WARNING - 2023-06-30 14:57:03 --> Session: Sessions is enabled, and one exists.Please don't $session->start();
INFO - 2023-06-30 14:57:05 --> Session: Class initialized using 'CodeIgniter\Session\Handlers\FileHandler' driver.
WARNING - 2023-06-30 14:57:05 --> Session: Sessions is enabled, and one exists.Please don't $session->start();
INFO - 2023-06-30 14:57:27 --> Session: Class initialized using 'CodeIgniter\Session\Handlers\FileHandler' driver.
WARNING - 2023-06-30 14:57:27 --> Session: Sessions is enabled, and one exists.Please don't $session->start();
INFO - 2023-06-30 14:57:29 --> Session: Class initialized using 'CodeIgniter\Session\Handlers\FileHandler' driver.
WARNING - 2023-06-30 14:57:29 --> Session: Sessions is enabled, and one exists.Please don't $session->start();
INFO - 2023-06-30 14:57:53 --> Session: Class initialized using 'CodeIgniter\Session\Handlers\FileHandler' driver.
WARNING - 2023-06-30 14:57:53 --> Session: Sessions is enabled, and one exists.Please don't $session->start();
INFO - 2023-06-30 14:57:57 --> Session: Class initialized using 'CodeIgniter\Session\Handlers\FileHandler' driver.
WARNING - 2023-06-30 14:57:57 --> Session: Sessions is enabled, and one exists.Please don't $session->start();
INFO - 2023-06-30 14:58:23 --> Session: Class initialized using 'CodeIgniter\Session\Handlers\FileHandler' driver.
WARNING - 2023-06-30 14:58:23 --> Session: Sessions is enabled, and one exists.Please don't $session->start();
INFO - 2023-06-30 14:58:26 --> Session: Class initialized using 'CodeIgniter\Session\Handlers\FileHandler' driver.
WARNING - 2023-06-30 14:58:26 --> Session: Sessions is enabled, and one exists.Please don't $session->start();
INFO - 2023-06-30 14:58:45 --> Session: Class initialized using 'CodeIgniter\Session\Handlers\FileHandler' driver.
WARNING - 2023-06-30 14:58:45 --> Session: Sessions is enabled, and one exists.Please don't $session->start();
INFO - 2023-06-30 14:58:49 --> Session: Class initialized using 'CodeIgniter\Session\Handlers\FileHandler' driver.
WARNING - 2023-06-30 14:58:49 --> Session: Sessions is enabled, and one exists.Please don't $session->start();
INFO - 2023-06-30 14:59:39 --> Session: Class initialized using 'CodeIgniter\Session\Handlers\FileHandler' driver.
WARNING - 2023-06-30 14:59:39 --> Session: Sessions is enabled, and one exists.Please don't $session->start();
INFO - 2023-06-30 14:59:43 --> Session: Class initialized using 'CodeIgniter\Session\Handlers\FileHandler' driver.
WARNING - 2023-06-30 14:59:43 --> Session: Sessions is enabled, and one exists.Please don't $session->start();
CRITICAL - 2023-06-30 14:59:43 --> Too few arguments to function CodeIgniter\HTTP\Message::setHeader(), 1 passed in C:\xampp\htdocs\projekbis\app\Controllers\Job.php on line 253 and exactly 2 expected
in SYSTEMPATH\HTTP\MessageTrait.php on line 141.
 1 APPPATH\Controllers\Job.php(253): CodeIgniter\HTTP\Message->setHeader('PDF')
 2 SYSTEMPATH\CodeIgniter.php(934): App\Controllers\Job->viewpdf()
 3 SYSTEMPATH\CodeIgniter.php(499): CodeIgniter\CodeIgniter->runController(Object(App\Controllers\Job))
 4 SYSTEMPATH\CodeIgniter.php(368): CodeIgniter\CodeIgniter->handleRequest(null, Object(Config\Cache), false)
 5 FCPATH\index.php(67): CodeIgniter\CodeIgniter->run()
 6 SYSTEMPATH\Commands\Server\rewrite.php(47): require_once('FCPATH\\index.php')
INFO - 2023-06-30 15:00:40 --> Session: Class initialized using 'CodeIgniter\Session\Handlers\FileHandler' driver.
WARNING - 2023-06-30 15:00:40 --> Session: Sessions is enabled, and one exists.Please don't $session->start();
INFO - 2023-06-30 15:00:44 --> Session: Class initialized using 'CodeIgniter\Session\Handlers\FileHandler' driver.
WARNING - 2023-06-30 15:00:44 --> Session: Sessions is enabled, and one exists.Please don't $session->start();
INFO - 2023-06-30 15:01:37 --> Session: Class initialized using 'CodeIgniter\Session\Handlers\FileHandler' driver.
WARNING - 2023-06-30 15:01:37 --> Session: Sessions is enabled, and one exists.Please don't $session->start();
INFO - 2023-06-30 15:01:45 --> Session: Class initialized using 'CodeIgniter\Session\Handlers\FileHandler' driver.
WARNING - 2023-06-30 15:01:45 --> Session: Sessions is enabled, and one exists.Please don't $session->start();
INFO - 2023-06-30 15:02:32 --> Session: Class initialized using 'CodeIgniter\Session\Handlers\FileHandler' driver.
INFO - 2023-06-30 15:02:32 --> Session: Class initialized using 'CodeIgniter\Session\Handlers\FileHandler' driver.
INFO - 2023-06-30 15:02:38 --> Session: Class initialized using 'CodeIgniter\Session\Handlers\FileHandler' driver.
INFO - 2023-06-30 15:02:39 --> Session: Class initialized using 'CodeIgniter\Session\Handlers\FileHandler' driver.
INFO - 2023-06-30 15:03:03 --> Session: Class initialized using 'CodeIgniter\Session\Handlers\FileHandler' driver.
INFO - 2023-06-30 15:03:03 --> Session: Class initialized using 'CodeIgniter\Session\Handlers\FileHandler' driver.
INFO - 2023-06-30 15:03:25 --> Session: Class initialized using 'CodeIgniter\Session\Handlers\FileHandler' driver.
INFO - 2023-06-30 15:03:25 --> Session: Class initialized using 'CodeIgniter\Session\Handlers\FileHandler' driver.
