INFO - 2023-08-24 06:29:41 --> Session: Class initialized using 'CodeIgniter\Session\Handlers\FileHandler' driver.
INFO - 2023-08-24 06:29:41 --> Session: Class initialized using 'CodeIgniter\Session\Handlers\FileHandler' driver.
INFO - 2023-08-24 06:29:59 --> Session: Class initialized using 'CodeIgniter\Session\Handlers\FileHandler' driver.
INFO - 2023-08-24 06:30:07 --> Session: Class initialized using 'CodeIgniter\Session\Handlers\FileHandler' driver.
INFO - 2023-08-24 06:30:07 --> Session: Class initialized using 'CodeIgniter\Session\Handlers\FileHandler' driver.
INFO - 2023-08-24 06:30:16 --> Session: Class initialized using 'CodeIgniter\Session\Handlers\FileHandler' driver.
INFO - 2023-08-24 06:30:20 --> Session: Class initialized using 'CodeIgniter\Session\Handlers\FileHandler' driver.
INFO - 2023-08-24 06:32:13 --> Session: Class initialized using 'CodeIgniter\Session\Handlers\FileHandler' driver.
INFO - 2023-08-24 06:32:43 --> Session: Class initialized using 'CodeIgniter\Session\Handlers\FileHandler' driver.
INFO - 2023-08-24 06:32:54 --> Session: Class initialized using 'CodeIgniter\Session\Handlers\FileHandler' driver.
WARNING - 2023-08-24 06:32:54 --> Session: Sessions is enabled, and one exists.Please don't $session->start();
INFO - 2023-08-24 06:33:00 --> Session: Class initialized using 'CodeIgniter\Session\Handlers\FileHandler' driver.
WARNING - 2023-08-24 06:33:00 --> Session: Sessions is enabled, and one exists.Please don't $session->start();
INFO - 2023-08-24 06:33:05 --> Session: Class initialized using 'CodeIgniter\Session\Handlers\FileHandler' driver.
WARNING - 2023-08-24 06:33:05 --> Session: Sessions is enabled, and one exists.Please don't $session->start();
INFO - 2023-08-24 06:35:39 --> Session: Class initialized using 'CodeIgniter\Session\Handlers\FileHandler' driver.
INFO - 2023-08-24 06:35:42 --> Session: Class initialized using 'CodeIgniter\Session\Handlers\FileHandler' driver.
WARNING - 2023-08-24 06:35:42 --> Session: Sessions is enabled, and one exists.Please don't $session->start();
INFO - 2023-08-24 06:35:46 --> Session: Class initialized using 'CodeIgniter\Session\Handlers\FileHandler' driver.
INFO - 2023-08-24 06:39:07 --> Session: Class initialized using 'CodeIgniter\Session\Handlers\FileHandler' driver.
INFO - 2023-08-24 06:39:10 --> Session: Class initialized using 'CodeIgniter\Session\Handlers\FileHandler' driver.
INFO - 2023-08-24 06:39:41 --> Session: Class initialized using 'CodeIgniter\Session\Handlers\FileHandler' driver.
INFO - 2023-08-24 06:40:22 --> Session: Class initialized using 'CodeIgniter\Session\Handlers\FileHandler' driver.
INFO - 2023-08-24 06:40:53 --> Session: Class initialized using 'CodeIgniter\Session\Handlers\FileHandler' driver.
INFO - 2023-08-24 06:41:01 --> Session: Class initialized using 'CodeIgniter\Session\Handlers\FileHandler' driver.
WARNING - 2023-08-24 06:41:01 --> Session: Sessions is enabled, and one exists.Please don't $session->start();
INFO - 2023-08-24 06:41:04 --> Session: Class initialized using 'CodeIgniter\Session\Handlers\FileHandler' driver.
WARNING - 2023-08-24 06:41:04 --> Session: Sessions is enabled, and one exists.Please don't $session->start();
INFO - 2023-08-24 06:41:17 --> Session: Class initialized using 'CodeIgniter\Session\Handlers\FileHandler' driver.
WARNING - 2023-08-24 06:41:17 --> Session: Sessions is enabled, and one exists.Please don't $session->start();
INFO - 2023-08-24 06:41:23 --> Session: Class initialized using 'CodeIgniter\Session\Handlers\FileHandler' driver.
WARNING - 2023-08-24 06:41:23 --> Session: Sessions is enabled, and one exists.Please don't $session->start();
INFO - 2023-08-24 06:41:37 --> Session: Class initialized using 'CodeIgniter\Session\Handlers\FileHandler' driver.
INFO - 2023-08-24 06:42:41 --> Session: Class initialized using 'CodeIgniter\Session\Handlers\FileHandler' driver.
INFO - 2023-08-24 06:42:52 --> Session: Class initialized using 'CodeIgniter\Session\Handlers\FileHandler' driver.
WARNING - 2023-08-24 06:42:52 --> Session: Sessions is enabled, and one exists.Please don't $session->start();
INFO - 2023-08-24 06:42:54 --> Session: Class initialized using 'CodeIgniter\Session\Handlers\FileHandler' driver.
WARNING - 2023-08-24 06:42:55 --> Session: Sessions is enabled, and one exists.Please don't $session->start();
INFO - 2023-08-24 06:42:58 --> Session: Class initialized using 'CodeIgniter\Session\Handlers\FileHandler' driver.
INFO - 2023-08-24 06:43:04 --> Session: Class initialized using 'CodeIgniter\Session\Handlers\FileHandler' driver.
INFO - 2023-08-24 06:43:26 --> Session: Class initialized using 'CodeIgniter\Session\Handlers\FileHandler' driver.
INFO - 2023-08-24 06:43:26 --> Session: Class initialized using 'CodeIgniter\Session\Handlers\FileHandler' driver.
INFO - 2023-08-24 06:43:40 --> Session: Class initialized using 'CodeIgniter\Session\Handlers\FileHandler' driver.
INFO - 2023-08-24 06:45:33 --> Session: Class initialized using 'CodeIgniter\Session\Handlers\FileHandler' driver.
INFO - 2023-08-24 06:45:33 --> Session: Class initialized using 'CodeIgniter\Session\Handlers\FileHandler' driver.
INFO - 2023-08-24 06:48:03 --> Session: Class initialized using 'CodeIgniter\Session\Handlers\FileHandler' driver.
WARNING - 2023-08-24 06:48:03 --> Session: Sessions is enabled, and one exists.Please don't $session->start();
INFO - 2023-08-24 06:48:05 --> Session: Class initialized using 'CodeIgniter\Session\Handlers\FileHandler' driver.
WARNING - 2023-08-24 06:48:05 --> Session: Sessions is enabled, and one exists.Please don't $session->start();
INFO - 2023-08-24 06:52:04 --> Session: Class initialized using 'CodeIgniter\Session\Handlers\FileHandler' driver.
INFO - 2023-08-24 06:53:18 --> Session: Class initialized using 'CodeIgniter\Session\Handlers\FileHandler' driver.
INFO - 2023-08-24 06:53:53 --> Session: Class initialized using 'CodeIgniter\Session\Handlers\FileHandler' driver.
INFO - 2023-08-24 06:54:04 --> Session: Class initialized using 'CodeIgniter\Session\Handlers\FileHandler' driver.
INFO - 2023-08-24 06:54:05 --> Session: Class initialized using 'CodeIgniter\Session\Handlers\FileHandler' driver.
INFO - 2023-08-24 07:04:47 --> Session: Class initialized using 'CodeIgniter\Session\Handlers\FileHandler' driver.
INFO - 2023-08-24 07:05:08 --> Session: Class initialized using 'CodeIgniter\Session\Handlers\FileHandler' driver.
INFO - 2023-08-24 07:05:09 --> Session: Class initialized using 'CodeIgniter\Session\Handlers\FileHandler' driver.
INFO - 2023-08-24 07:05:52 --> Session: Class initialized using 'CodeIgniter\Session\Handlers\FileHandler' driver.
WARNING - 2023-08-24 07:05:52 --> Session: Sessions is enabled, and one exists.Please don't $session->start();
INFO - 2023-08-24 07:05:55 --> Session: Class initialized using 'CodeIgniter\Session\Handlers\FileHandler' driver.
WARNING - 2023-08-24 07:05:55 --> Session: Sessions is enabled, and one exists.Please don't $session->start();
INFO - 2023-08-24 07:06:21 --> Session: Class initialized using 'CodeIgniter\Session\Handlers\FileHandler' driver.
WARNING - 2023-08-24 07:06:21 --> Session: Sessions is enabled, and one exists.Please don't $session->start();
INFO - 2023-08-24 07:06:22 --> Session: Class initialized using 'CodeIgniter\Session\Handlers\FileHandler' driver.
WARNING - 2023-08-24 07:06:22 --> Session: Sessions is enabled, and one exists.Please don't $session->start();
INFO - 2023-08-24 07:10:59 --> Session: Class initialized using 'CodeIgniter\Session\Handlers\FileHandler' driver.
INFO - 2023-08-24 07:11:17 --> Session: Class initialized using 'CodeIgniter\Session\Handlers\FileHandler' driver.
INFO - 2023-08-24 07:11:21 --> Session: Class initialized using 'CodeIgniter\Session\Handlers\FileHandler' driver.
INFO - 2023-08-24 07:11:26 --> Session: Class initialized using 'CodeIgniter\Session\Handlers\FileHandler' driver.
INFO - 2023-08-24 07:12:31 --> Session: Class initialized using 'CodeIgniter\Session\Handlers\FileHandler' driver.
INFO - 2023-08-24 07:23:06 --> Session: Class initialized using 'CodeIgniter\Session\Handlers\FileHandler' driver.
INFO - 2023-08-24 07:24:06 --> Session: Class initialized using 'CodeIgniter\Session\Handlers\FileHandler' driver.
INFO - 2023-08-24 07:24:25 --> Session: Class initialized using 'CodeIgniter\Session\Handlers\FileHandler' driver.
INFO - 2023-08-24 07:25:31 --> Session: Class initialized using 'CodeIgniter\Session\Handlers\FileHandler' driver.
INFO - 2023-08-24 07:37:28 --> Session: Class initialized using 'CodeIgniter\Session\Handlers\FileHandler' driver.
INFO - 2023-08-24 07:38:00 --> Session: Class initialized using 'CodeIgniter\Session\Handlers\FileHandler' driver.
INFO - 2023-08-24 07:38:00 --> Session: Class initialized using 'CodeIgniter\Session\Handlers\FileHandler' driver.
INFO - 2023-08-24 07:40:20 --> Session: Class initialized using 'CodeIgniter\Session\Handlers\FileHandler' driver.
INFO - 2023-08-24 07:42:53 --> Session: Class initialized using 'CodeIgniter\Session\Handlers\FileHandler' driver.
INFO - 2023-08-24 07:47:35 --> Session: Class initialized using 'CodeIgniter\Session\Handlers\FileHandler' driver.
INFO - 2023-08-24 07:47:35 --> Session: Class initialized using 'CodeIgniter\Session\Handlers\FileHandler' driver.
INFO - 2023-08-24 07:47:38 --> Session: Class initialized using 'CodeIgniter\Session\Handlers\FileHandler' driver.
INFO - 2023-08-24 07:47:38 --> Session: Class initialized using 'CodeIgniter\Session\Handlers\FileHandler' driver.
INFO - 2023-08-24 07:49:31 --> Session: Class initialized using 'CodeIgniter\Session\Handlers\FileHandler' driver.
INFO - 2023-08-24 07:49:44 --> Session: Class initialized using 'CodeIgniter\Session\Handlers\FileHandler' driver.
WARNING - 2023-08-24 07:49:44 --> Session: Sessions is enabled, and one exists.Please don't $session->start();
INFO - 2023-08-24 07:52:57 --> Session: Class initialized using 'CodeIgniter\Session\Handlers\FileHandler' driver.
WARNING - 2023-08-24 07:52:57 --> Session: Sessions is enabled, and one exists.Please don't $session->start();
INFO - 2023-08-24 07:56:21 --> Session: Class initialized using 'CodeIgniter\Session\Handlers\FileHandler' driver.
WARNING - 2023-08-24 07:56:21 --> Session: Sessions is enabled, and one exists.Please don't $session->start();
INFO - 2023-08-24 07:56:25 --> Session: Class initialized using 'CodeIgniter\Session\Handlers\FileHandler' driver.
WARNING - 2023-08-24 07:56:25 --> Session: Sessions is enabled, and one exists.Please don't $session->start();
INFO - 2023-08-24 07:56:48 --> Session: Class initialized using 'CodeIgniter\Session\Handlers\FileHandler' driver.
WARNING - 2023-08-24 07:56:48 --> Session: Sessions is enabled, and one exists.Please don't $session->start();
INFO - 2023-08-24 07:59:18 --> Session: Class initialized using 'CodeIgniter\Session\Handlers\FileHandler' driver.
WARNING - 2023-08-24 07:59:18 --> Session: Sessions is enabled, and one exists.Please don't $session->start();
CRITICAL - 2023-08-24 07:59:18 --> Undefined array key "photo"
in APPPATH\Views\umkmdata\index.php on line 81.
 1 APPPATH\Views\umkmdata\index.php(81): CodeIgniter\Debug\Exceptions->errorHandler(2, 'Undefined array key "photo"', 'APPPATH\\Views\\umkmdata\\index.php', 81)
 2 SYSTEMPATH\View\View.php(213): include('APPPATH\\Views\\umkmdata\\index.php')
 3 SYSTEMPATH\View\View.php(216): CodeIgniter\View\View->CodeIgniter\View\{closure}()
 4 SYSTEMPATH\Common.php(1184): CodeIgniter\View\View->render('umkmdata/index', [], true)
 5 APPPATH\Controllers\Umkmdata.php(46): view('umkmdata/index', [...])
 6 SYSTEMPATH\CodeIgniter.php(934): App\Controllers\umkmdata->index()
 7 SYSTEMPATH\CodeIgniter.php(499): CodeIgniter\CodeIgniter->runController(Object(App\Controllers\umkmdata))
 8 SYSTEMPATH\CodeIgniter.php(368): CodeIgniter\CodeIgniter->handleRequest(null, Object(Config\Cache), false)
 9 FCPATH\index.php(67): CodeIgniter\CodeIgniter->run()
10 SYSTEMPATH\Commands\Server\rewrite.php(47): require_once('FCPATH\\index.php')
INFO - 2023-08-24 08:00:35 --> Session: Class initialized using 'CodeIgniter\Session\Handlers\FileHandler' driver.
WARNING - 2023-08-24 08:00:35 --> Session: Sessions is enabled, and one exists.Please don't $session->start();
CRITICAL - 2023-08-24 08:00:36 --> Undefined array key "photo"
in APPPATH\Views\umkmdata\index.php on line 81.
 1 APPPATH\Views\umkmdata\index.php(81): CodeIgniter\Debug\Exceptions->errorHandler(2, 'Undefined array key "photo"', 'APPPATH\\Views\\umkmdata\\index.php', 81)
 2 SYSTEMPATH\View\View.php(213): include('APPPATH\\Views\\umkmdata\\index.php')
 3 SYSTEMPATH\View\View.php(216): CodeIgniter\View\View->CodeIgniter\View\{closure}()
 4 SYSTEMPATH\Common.php(1184): CodeIgniter\View\View->render('umkmdata/index', [], true)
 5 APPPATH\Controllers\Umkmdata.php(46): view('umkmdata/index', [...])
 6 SYSTEMPATH\CodeIgniter.php(934): App\Controllers\umkmdata->index()
 7 SYSTEMPATH\CodeIgniter.php(499): CodeIgniter\CodeIgniter->runController(Object(App\Controllers\umkmdata))
 8 SYSTEMPATH\CodeIgniter.php(368): CodeIgniter\CodeIgniter->handleRequest(null, Object(Config\Cache), false)
 9 FCPATH\index.php(67): CodeIgniter\CodeIgniter->run()
10 SYSTEMPATH\Commands\Server\rewrite.php(47): require_once('FCPATH\\index.php')
INFO - 2023-08-24 08:00:38 --> Session: Class initialized using 'CodeIgniter\Session\Handlers\FileHandler' driver.
WARNING - 2023-08-24 08:00:38 --> Session: Sessions is enabled, and one exists.Please don't $session->start();
CRITICAL - 2023-08-24 08:00:38 --> Undefined array key "photo"
in APPPATH\Views\umkmdata\index.php on line 81.
 1 APPPATH\Views\umkmdata\index.php(81): CodeIgniter\Debug\Exceptions->errorHandler(2, 'Undefined array key "photo"', 'APPPATH\\Views\\umkmdata\\index.php', 81)
 2 SYSTEMPATH\View\View.php(213): include('APPPATH\\Views\\umkmdata\\index.php')
 3 SYSTEMPATH\View\View.php(216): CodeIgniter\View\View->CodeIgniter\View\{closure}()
 4 SYSTEMPATH\Common.php(1184): CodeIgniter\View\View->render('umkmdata/index', [], true)
 5 APPPATH\Controllers\Umkmdata.php(46): view('umkmdata/index', [...])
 6 SYSTEMPATH\CodeIgniter.php(934): App\Controllers\umkmdata->index()
 7 SYSTEMPATH\CodeIgniter.php(499): CodeIgniter\CodeIgniter->runController(Object(App\Controllers\umkmdata))
 8 SYSTEMPATH\CodeIgniter.php(368): CodeIgniter\CodeIgniter->handleRequest(null, Object(Config\Cache), false)
 9 FCPATH\index.php(67): CodeIgniter\CodeIgniter->run()
10 SYSTEMPATH\Commands\Server\rewrite.php(47): require_once('FCPATH\\index.php')
INFO - 2023-08-24 08:00:39 --> Session: Class initialized using 'CodeIgniter\Session\Handlers\FileHandler' driver.
WARNING - 2023-08-24 08:00:39 --> Session: Sessions is enabled, and one exists.Please don't $session->start();
CRITICAL - 2023-08-24 08:00:39 --> Undefined array key "photo"
in APPPATH\Views\umkmdata\index.php on line 81.
 1 APPPATH\Views\umkmdata\index.php(81): CodeIgniter\Debug\Exceptions->errorHandler(2, 'Undefined array key "photo"', 'APPPATH\\Views\\umkmdata\\index.php', 81)
 2 SYSTEMPATH\View\View.php(213): include('APPPATH\\Views\\umkmdata\\index.php')
 3 SYSTEMPATH\View\View.php(216): CodeIgniter\View\View->CodeIgniter\View\{closure}()
 4 SYSTEMPATH\Common.php(1184): CodeIgniter\View\View->render('umkmdata/index', [], true)
 5 APPPATH\Controllers\Umkmdata.php(46): view('umkmdata/index', [...])
 6 SYSTEMPATH\CodeIgniter.php(934): App\Controllers\umkmdata->index()
 7 SYSTEMPATH\CodeIgniter.php(499): CodeIgniter\CodeIgniter->runController(Object(App\Controllers\umkmdata))
 8 SYSTEMPATH\CodeIgniter.php(368): CodeIgniter\CodeIgniter->handleRequest(null, Object(Config\Cache), false)
 9 FCPATH\index.php(67): CodeIgniter\CodeIgniter->run()
10 SYSTEMPATH\Commands\Server\rewrite.php(47): require_once('FCPATH\\index.php')
INFO - 2023-08-24 08:01:08 --> Session: Class initialized using 'CodeIgniter\Session\Handlers\FileHandler' driver.
WARNING - 2023-08-24 08:01:08 --> Session: Sessions is enabled, and one exists.Please don't $session->start();
INFO - 2023-08-24 08:05:47 --> Session: Class initialized using 'CodeIgniter\Session\Handlers\FileHandler' driver.
WARNING - 2023-08-24 08:05:47 --> Session: Sessions is enabled, and one exists.Please don't $session->start();
INFO - 2023-08-24 08:05:50 --> Session: Class initialized using 'CodeIgniter\Session\Handlers\FileHandler' driver.
WARNING - 2023-08-24 08:05:50 --> Session: Sessions is enabled, and one exists.Please don't $session->start();
INFO - 2023-08-24 08:06:02 --> Session: Class initialized using 'CodeIgniter\Session\Handlers\FileHandler' driver.
WARNING - 2023-08-24 08:06:02 --> Session: Sessions is enabled, and one exists.Please don't $session->start();
INFO - 2023-08-24 08:06:12 --> Session: Class initialized using 'CodeIgniter\Session\Handlers\FileHandler' driver.
WARNING - 2023-08-24 08:06:12 --> Session: Sessions is enabled, and one exists.Please don't $session->start();
INFO - 2023-08-24 08:06:28 --> Session: Class initialized using 'CodeIgniter\Session\Handlers\FileHandler' driver.
WARNING - 2023-08-24 08:06:28 --> Session: Sessions is enabled, and one exists.Please don't $session->start();
INFO - 2023-08-24 08:06:28 --> Session: Class initialized using 'CodeIgniter\Session\Handlers\FileHandler' driver.
WARNING - 2023-08-24 08:06:28 --> Session: Sessions is enabled, and one exists.Please don't $session->start();
INFO - 2023-08-24 08:07:08 --> Session: Class initialized using 'CodeIgniter\Session\Handlers\FileHandler' driver.
WARNING - 2023-08-24 08:07:08 --> Session: Sessions is enabled, and one exists.Please don't $session->start();
INFO - 2023-08-24 08:07:17 --> Session: Class initialized using 'CodeIgniter\Session\Handlers\FileHandler' driver.
WARNING - 2023-08-24 08:07:17 --> Session: Sessions is enabled, and one exists.Please don't $session->start();
INFO - 2023-08-24 08:07:17 --> Session: Class initialized using 'CodeIgniter\Session\Handlers\FileHandler' driver.
WARNING - 2023-08-24 08:07:17 --> Session: Sessions is enabled, and one exists.Please don't $session->start();
INFO - 2023-08-24 08:11:31 --> Session: Class initialized using 'CodeIgniter\Session\Handlers\FileHandler' driver.
WARNING - 2023-08-24 08:11:31 --> Session: Sessions is enabled, and one exists.Please don't $session->start();
INFO - 2023-08-24 08:11:50 --> Session: Class initialized using 'CodeIgniter\Session\Handlers\FileHandler' driver.
WARNING - 2023-08-24 08:11:50 --> Session: Sessions is enabled, and one exists.Please don't $session->start();
INFO - 2023-08-24 08:11:51 --> Session: Class initialized using 'CodeIgniter\Session\Handlers\FileHandler' driver.
WARNING - 2023-08-24 08:11:51 --> Session: Sessions is enabled, and one exists.Please don't $session->start();
INFO - 2023-08-24 08:13:10 --> Session: Class initialized using 'CodeIgniter\Session\Handlers\FileHandler' driver.
WARNING - 2023-08-24 08:13:10 --> Session: Sessions is enabled, and one exists.Please don't $session->start();
INFO - 2023-08-24 08:13:18 --> Session: Class initialized using 'CodeIgniter\Session\Handlers\FileHandler' driver.
WARNING - 2023-08-24 08:13:18 --> Session: Sessions is enabled, and one exists.Please don't $session->start();
INFO - 2023-08-24 08:13:18 --> Session: Class initialized using 'CodeIgniter\Session\Handlers\FileHandler' driver.
WARNING - 2023-08-24 08:13:18 --> Session: Sessions is enabled, and one exists.Please don't $session->start();
INFO - 2023-08-24 08:14:39 --> Session: Class initialized using 'CodeIgniter\Session\Handlers\FileHandler' driver.
WARNING - 2023-08-24 08:14:39 --> Session: Sessions is enabled, and one exists.Please don't $session->start();
INFO - 2023-08-24 08:14:50 --> Session: Class initialized using 'CodeIgniter\Session\Handlers\FileHandler' driver.
WARNING - 2023-08-24 08:14:50 --> Session: Sessions is enabled, and one exists.Please don't $session->start();
INFO - 2023-08-24 08:14:50 --> Session: Class initialized using 'CodeIgniter\Session\Handlers\FileHandler' driver.
WARNING - 2023-08-24 08:14:50 --> Session: Sessions is enabled, and one exists.Please don't $session->start();
INFO - 2023-08-24 08:18:09 --> Session: Class initialized using 'CodeIgniter\Session\Handlers\FileHandler' driver.
WARNING - 2023-08-24 08:18:09 --> Session: Sessions is enabled, and one exists.Please don't $session->start();
INFO - 2023-08-24 08:18:22 --> Session: Class initialized using 'CodeIgniter\Session\Handlers\FileHandler' driver.
WARNING - 2023-08-24 08:18:22 --> Session: Sessions is enabled, and one exists.Please don't $session->start();
INFO - 2023-08-24 08:18:22 --> Session: Class initialized using 'CodeIgniter\Session\Handlers\FileHandler' driver.
WARNING - 2023-08-24 08:18:22 --> Session: Sessions is enabled, and one exists.Please don't $session->start();
INFO - 2023-08-24 08:18:38 --> Session: Class initialized using 'CodeIgniter\Session\Handlers\FileHandler' driver.
WARNING - 2023-08-24 08:18:38 --> Session: Sessions is enabled, and one exists.Please don't $session->start();
INFO - 2023-08-24 08:18:39 --> Session: Class initialized using 'CodeIgniter\Session\Handlers\FileHandler' driver.
WARNING - 2023-08-24 08:18:39 --> Session: Sessions is enabled, and one exists.Please don't $session->start();
INFO - 2023-08-24 08:19:24 --> Session: Class initialized using 'CodeIgniter\Session\Handlers\FileHandler' driver.
WARNING - 2023-08-24 08:19:24 --> Session: Sessions is enabled, and one exists.Please don't $session->start();
INFO - 2023-08-24 08:19:35 --> Session: Class initialized using 'CodeIgniter\Session\Handlers\FileHandler' driver.
WARNING - 2023-08-24 08:19:35 --> Session: Sessions is enabled, and one exists.Please don't $session->start();
INFO - 2023-08-24 08:19:36 --> Session: Class initialized using 'CodeIgniter\Session\Handlers\FileHandler' driver.
WARNING - 2023-08-24 08:19:36 --> Session: Sessions is enabled, and one exists.Please don't $session->start();
INFO - 2023-08-24 08:25:34 --> Session: Class initialized using 'CodeIgniter\Session\Handlers\FileHandler' driver.
WARNING - 2023-08-24 08:25:35 --> Session: Sessions is enabled, and one exists.Please don't $session->start();
INFO - 2023-08-24 08:25:44 --> Session: Class initialized using 'CodeIgniter\Session\Handlers\FileHandler' driver.
WARNING - 2023-08-24 08:25:44 --> Session: Sessions is enabled, and one exists.Please don't $session->start();
INFO - 2023-08-24 08:25:45 --> Session: Class initialized using 'CodeIgniter\Session\Handlers\FileHandler' driver.
WARNING - 2023-08-24 08:25:45 --> Session: Sessions is enabled, and one exists.Please don't $session->start();
INFO - 2023-08-24 08:28:16 --> Session: Class initialized using 'CodeIgniter\Session\Handlers\FileHandler' driver.
WARNING - 2023-08-24 08:28:17 --> Session: Sessions is enabled, and one exists.Please don't $session->start();
INFO - 2023-08-24 08:28:18 --> Session: Class initialized using 'CodeIgniter\Session\Handlers\FileHandler' driver.
WARNING - 2023-08-24 08:28:18 --> Session: Sessions is enabled, and one exists.Please don't $session->start();
INFO - 2023-08-24 08:28:29 --> Session: Class initialized using 'CodeIgniter\Session\Handlers\FileHandler' driver.
WARNING - 2023-08-24 08:28:29 --> Session: Sessions is enabled, and one exists.Please don't $session->start();
CRITICAL - 2023-08-24 08:28:29 --> Call to a member function getRandomName() on null
in APPPATH\Controllers\Umkmdata.php on line 230.
 1 SYSTEMPATH\CodeIgniter.php(934): App\Controllers\umkmdata->update('1')
 2 SYSTEMPATH\CodeIgniter.php(499): CodeIgniter\CodeIgniter->runController(Object(App\Controllers\umkmdata))
 3 SYSTEMPATH\CodeIgniter.php(368): CodeIgniter\CodeIgniter->handleRequest(null, Object(Config\Cache), false)
 4 FCPATH\index.php(67): CodeIgniter\CodeIgniter->run()
 5 SYSTEMPATH\Commands\Server\rewrite.php(47): require_once('FCPATH\\index.php')
INFO - 2023-08-24 08:29:22 --> Session: Class initialized using 'CodeIgniter\Session\Handlers\FileHandler' driver.
WARNING - 2023-08-24 08:29:22 --> Session: Sessions is enabled, and one exists.Please don't $session->start();
CRITICAL - 2023-08-24 08:29:22 --> Call to a member function getRandomName() on null
in APPPATH\Controllers\Umkmdata.php on line 230.
 1 SYSTEMPATH\CodeIgniter.php(934): App\Controllers\umkmdata->update('1')
 2 SYSTEMPATH\CodeIgniter.php(499): CodeIgniter\CodeIgniter->runController(Object(App\Controllers\umkmdata))
 3 SYSTEMPATH\CodeIgniter.php(368): CodeIgniter\CodeIgniter->handleRequest(null, Object(Config\Cache), false)
 4 FCPATH\index.php(67): CodeIgniter\CodeIgniter->run()
 5 SYSTEMPATH\Commands\Server\rewrite.php(47): require_once('FCPATH\\index.php')
INFO - 2023-08-24 08:31:08 --> Session: Class initialized using 'CodeIgniter\Session\Handlers\FileHandler' driver.
WARNING - 2023-08-24 08:31:08 --> Session: Sessions is enabled, and one exists.Please don't $session->start();
INFO - 2023-08-24 08:31:17 --> Session: Class initialized using 'CodeIgniter\Session\Handlers\FileHandler' driver.
WARNING - 2023-08-24 08:31:17 --> Session: Sessions is enabled, and one exists.Please don't $session->start();
INFO - 2023-08-24 08:31:17 --> Session: Class initialized using 'CodeIgniter\Session\Handlers\FileHandler' driver.
WARNING - 2023-08-24 08:31:17 --> Session: Sessions is enabled, and one exists.Please don't $session->start();
INFO - 2023-08-24 08:32:04 --> Session: Class initialized using 'CodeIgniter\Session\Handlers\FileHandler' driver.
WARNING - 2023-08-24 08:32:04 --> Session: Sessions is enabled, and one exists.Please don't $session->start();
INFO - 2023-08-24 08:33:47 --> Session: Class initialized using 'CodeIgniter\Session\Handlers\FileHandler' driver.
WARNING - 2023-08-24 08:33:47 --> Session: Sessions is enabled, and one exists.Please don't $session->start();
INFO - 2023-08-24 08:33:57 --> Session: Class initialized using 'CodeIgniter\Session\Handlers\FileHandler' driver.
WARNING - 2023-08-24 08:33:57 --> Session: Sessions is enabled, and one exists.Please don't $session->start();
INFO - 2023-08-24 08:34:08 --> Session: Class initialized using 'CodeIgniter\Session\Handlers\FileHandler' driver.
WARNING - 2023-08-24 08:34:08 --> Session: Sessions is enabled, and one exists.Please don't $session->start();
INFO - 2023-08-24 08:34:08 --> Session: Class initialized using 'CodeIgniter\Session\Handlers\FileHandler' driver.
WARNING - 2023-08-24 08:34:08 --> Session: Sessions is enabled, and one exists.Please don't $session->start();
INFO - 2023-08-24 08:37:11 --> Session: Class initialized using 'CodeIgniter\Session\Handlers\FileHandler' driver.
WARNING - 2023-08-24 08:37:11 --> Session: Sessions is enabled, and one exists.Please don't $session->start();
INFO - 2023-08-24 08:37:20 --> Session: Class initialized using 'CodeIgniter\Session\Handlers\FileHandler' driver.
WARNING - 2023-08-24 08:37:20 --> Session: Sessions is enabled, and one exists.Please don't $session->start();
INFO - 2023-08-24 08:37:20 --> Session: Class initialized using 'CodeIgniter\Session\Handlers\FileHandler' driver.
WARNING - 2023-08-24 08:37:20 --> Session: Sessions is enabled, and one exists.Please don't $session->start();
INFO - 2023-08-24 08:37:33 --> Session: Class initialized using 'CodeIgniter\Session\Handlers\FileHandler' driver.
WARNING - 2023-08-24 08:37:33 --> Session: Sessions is enabled, and one exists.Please don't $session->start();
INFO - 2023-08-24 08:37:42 --> Session: Class initialized using 'CodeIgniter\Session\Handlers\FileHandler' driver.
WARNING - 2023-08-24 08:37:42 --> Session: Sessions is enabled, and one exists.Please don't $session->start();
CRITICAL - 2023-08-24 08:37:42 --> Call to a member function getRandomName() on null
in APPPATH\Controllers\Umkmdata.php on line 230.
 1 SYSTEMPATH\CodeIgniter.php(934): App\Controllers\umkmdata->update('1')
 2 SYSTEMPATH\CodeIgniter.php(499): CodeIgniter\CodeIgniter->runController(Object(App\Controllers\umkmdata))
 3 SYSTEMPATH\CodeIgniter.php(368): CodeIgniter\CodeIgniter->handleRequest(null, Object(Config\Cache), false)
 4 FCPATH\index.php(67): CodeIgniter\CodeIgniter->run()
 5 SYSTEMPATH\Commands\Server\rewrite.php(47): require_once('FCPATH\\index.php')
INFO - 2023-08-24 08:39:48 --> Session: Class initialized using 'CodeIgniter\Session\Handlers\FileHandler' driver.
WARNING - 2023-08-24 08:39:48 --> Session: Sessions is enabled, and one exists.Please don't $session->start();
INFO - 2023-08-24 08:39:48 --> Session: Class initialized using 'CodeIgniter\Session\Handlers\FileHandler' driver.
WARNING - 2023-08-24 08:39:48 --> Session: Sessions is enabled, and one exists.Please don't $session->start();
INFO - 2023-08-24 08:39:58 --> Session: Class initialized using 'CodeIgniter\Session\Handlers\FileHandler' driver.
WARNING - 2023-08-24 08:39:59 --> Session: Sessions is enabled, and one exists.Please don't $session->start();
INFO - 2023-08-24 08:39:59 --> Session: Class initialized using 'CodeIgniter\Session\Handlers\FileHandler' driver.
WARNING - 2023-08-24 08:39:59 --> Session: Sessions is enabled, and one exists.Please don't $session->start();
INFO - 2023-08-24 08:41:33 --> Session: Class initialized using 'CodeIgniter\Session\Handlers\FileHandler' driver.
WARNING - 2023-08-24 08:41:33 --> Session: Sessions is enabled, and one exists.Please don't $session->start();
INFO - 2023-08-24 08:41:36 --> Session: Class initialized using 'CodeIgniter\Session\Handlers\FileHandler' driver.
WARNING - 2023-08-24 08:41:36 --> Session: Sessions is enabled, and one exists.Please don't $session->start();
INFO - 2023-08-24 08:41:41 --> Session: Class initialized using 'CodeIgniter\Session\Handlers\FileHandler' driver.
WARNING - 2023-08-24 08:41:41 --> Session: Sessions is enabled, and one exists.Please don't $session->start();
INFO - 2023-08-24 08:41:54 --> Session: Class initialized using 'CodeIgniter\Session\Handlers\FileHandler' driver.
WARNING - 2023-08-24 08:41:54 --> Session: Sessions is enabled, and one exists.Please don't $session->start();
INFO - 2023-08-24 08:41:54 --> Session: Class initialized using 'CodeIgniter\Session\Handlers\FileHandler' driver.
WARNING - 2023-08-24 08:41:54 --> Session: Sessions is enabled, and one exists.Please don't $session->start();
INFO - 2023-08-24 08:42:30 --> Session: Class initialized using 'CodeIgniter\Session\Handlers\FileHandler' driver.
WARNING - 2023-08-24 08:42:30 --> Session: Sessions is enabled, and one exists.Please don't $session->start();
ERROR - 2023-08-24 08:42:30 --> mysqli_sql_exception: Column 'fotoktp' cannot be null in C:\xampp\htdocs\projekbis\system\Database\MySQLi\Connection.php:295
Stack trace:
#0 C:\xampp\htdocs\projekbis\system\Database\MySQLi\Connection.php(295): mysqli->query('INSERT INTO `um...', 0)
#1 C:\xampp\htdocs\projekbis\system\Database\BaseConnection.php(691): CodeIgniter\Database\MySQLi\Connection->execute('INSERT INTO `um...')
#2 C:\xampp\htdocs\projekbis\system\Database\BaseConnection.php(605): CodeIgniter\Database\BaseConnection->simpleQuery('INSERT INTO `um...')
#3 C:\xampp\htdocs\projekbis\system\Database\BaseBuilder.php(2309): CodeIgniter\Database\BaseConnection->query('INSERT INTO `um...', Array, false)
#4 C:\xampp\htdocs\projekbis\system\Model.php(330): CodeIgniter\Database\BaseBuilder->insert()
#5 C:\xampp\htdocs\projekbis\system\BaseModel.php(782): CodeIgniter\Model->doInsert(Array)
#6 C:\xampp\htdocs\projekbis\system\Model.php(730): CodeIgniter\BaseModel->insert(Array, true)
#7 C:\xampp\htdocs\projekbis\app\Controllers\Umkmdata.php(201): CodeIgniter\Model->insert(Array)
#8 C:\xampp\htdocs\projekbis\system\CodeIgniter.php(934): App\Controllers\umkmdata->save()
#9 C:\xampp\htdocs\projekbis\system\CodeIgniter.php(499): CodeIgniter\CodeIgniter->runController(Object(App\Controllers\umkmdata))
#10 C:\xampp\htdocs\projekbis\system\CodeIgniter.php(368): CodeIgniter\CodeIgniter->handleRequest(NULL, Object(Config\Cache), false)
#11 C:\xampp\htdocs\projekbis\public\index.php(67): CodeIgniter\CodeIgniter->run()
#12 C:\xampp\htdocs\projekbis\system\Commands\Server\rewrite.php(47): require_once('C:\\xampp\\htdocs...')
#13 {main}
CRITICAL - 2023-08-24 08:42:30 --> Column 'fotoktp' cannot be null
in SYSTEMPATH\Database\BaseConnection.php on line 645.
 1 SYSTEMPATH\Database\BaseBuilder.php(2309): CodeIgniter\Database\BaseConnection->query('INSERT INTO `umkmdata` (`tanggal`, `nama`, `fotoktp`, `jns_kelamin`, `alamat`, `kecamatan`, `kelurahan`, `kota`, `kodepos`, `namausaha`, `produk1`, `produk2`, `produk3`, `produk4`, `kategori`, `status_nib`, `alasan_tdk_lanjut`, `status_akun_halal`, `status_akun_nib`) VALUES (:tanggal:, :nama:, :fotoktp:, :jns_kelamin:, :alamat:, :kecamatan:, :kelurahan:, :kota:, :kodepos:, :namausaha:, :produk1:, :produk2:, :produk3:, :produk4:, :kategori:, :status_nib:, :alasan_tdk_lanjut:, :status_akun_halal:, :status_akun_nib:)', [...], false)
 2 SYSTEMPATH\Model.php(330): CodeIgniter\Database\BaseBuilder->insert()
 3 SYSTEMPATH\BaseModel.php(782): CodeIgniter\Model->doInsert([...])
 4 SYSTEMPATH\Model.php(730): CodeIgniter\BaseModel->insert([...], true)
 5 APPPATH\Controllers\Umkmdata.php(201): CodeIgniter\Model->insert([...])
 6 SYSTEMPATH\CodeIgniter.php(934): App\Controllers\umkmdata->save()
 7 SYSTEMPATH\CodeIgniter.php(499): CodeIgniter\CodeIgniter->runController(Object(App\Controllers\umkmdata))
 8 SYSTEMPATH\CodeIgniter.php(368): CodeIgniter\CodeIgniter->handleRequest(null, Object(Config\Cache), false)
 9 FCPATH\index.php(67): CodeIgniter\CodeIgniter->run()
10 SYSTEMPATH\Commands\Server\rewrite.php(47): require_once('FCPATH\\index.php')
INFO - 2023-08-24 08:43:55 --> Session: Class initialized using 'CodeIgniter\Session\Handlers\FileHandler' driver.
WARNING - 2023-08-24 08:43:55 --> Session: Sessions is enabled, and one exists.Please don't $session->start();
INFO - 2023-08-24 08:44:05 --> Session: Class initialized using 'CodeIgniter\Session\Handlers\FileHandler' driver.
WARNING - 2023-08-24 08:44:05 --> Session: Sessions is enabled, and one exists.Please don't $session->start();
INFO - 2023-08-24 08:44:06 --> Session: Class initialized using 'CodeIgniter\Session\Handlers\FileHandler' driver.
WARNING - 2023-08-24 08:44:06 --> Session: Sessions is enabled, and one exists.Please don't $session->start();
INFO - 2023-08-24 08:44:31 --> Session: Class initialized using 'CodeIgniter\Session\Handlers\FileHandler' driver.
WARNING - 2023-08-24 08:44:31 --> Session: Sessions is enabled, and one exists.Please don't $session->start();
INFO - 2023-08-24 08:44:31 --> Session: Class initialized using 'CodeIgniter\Session\Handlers\FileHandler' driver.
WARNING - 2023-08-24 08:44:31 --> Session: Sessions is enabled, and one exists.Please don't $session->start();
INFO - 2023-08-24 08:44:40 --> Session: Class initialized using 'CodeIgniter\Session\Handlers\FileHandler' driver.
WARNING - 2023-08-24 08:44:40 --> Session: Sessions is enabled, and one exists.Please don't $session->start();
INFO - 2023-08-24 08:49:45 --> Session: Class initialized using 'CodeIgniter\Session\Handlers\FileHandler' driver.
WARNING - 2023-08-24 08:49:45 --> Session: Sessions is enabled, and one exists.Please don't $session->start();
INFO - 2023-08-24 08:49:55 --> Session: Class initialized using 'CodeIgniter\Session\Handlers\FileHandler' driver.
WARNING - 2023-08-24 08:49:55 --> Session: Sessions is enabled, and one exists.Please don't $session->start();
CRITICAL - 2023-08-24 08:49:55 --> Call to a member function getRandomName() on null
in APPPATH\Controllers\Umkmdata.php on line 230.
 1 SYSTEMPATH\CodeIgniter.php(934): App\Controllers\umkmdata->update('623')
 2 SYSTEMPATH\CodeIgniter.php(499): CodeIgniter\CodeIgniter->runController(Object(App\Controllers\umkmdata))
 3 SYSTEMPATH\CodeIgniter.php(368): CodeIgniter\CodeIgniter->handleRequest(null, Object(Config\Cache), false)
 4 FCPATH\index.php(67): CodeIgniter\CodeIgniter->run()
 5 SYSTEMPATH\Commands\Server\rewrite.php(47): require_once('FCPATH\\index.php')
INFO - 2023-08-24 08:51:12 --> Session: Class initialized using 'CodeIgniter\Session\Handlers\FileHandler' driver.
WARNING - 2023-08-24 08:51:12 --> Session: Sessions is enabled, and one exists.Please don't $session->start();
CRITICAL - 2023-08-24 08:51:12 --> Call to a member function getRandomName() on null
in APPPATH\Controllers\Umkmdata.php on line 235.
 1 SYSTEMPATH\CodeIgniter.php(934): App\Controllers\umkmdata->update('623')
 2 SYSTEMPATH\CodeIgniter.php(499): CodeIgniter\CodeIgniter->runController(Object(App\Controllers\umkmdata))
 3 SYSTEMPATH\CodeIgniter.php(368): CodeIgniter\CodeIgniter->handleRequest(null, Object(Config\Cache), false)
 4 FCPATH\index.php(67): CodeIgniter\CodeIgniter->run()
 5 SYSTEMPATH\Commands\Server\rewrite.php(47): require_once('FCPATH\\index.php')
INFO - 2023-08-24 08:51:15 --> Session: Class initialized using 'CodeIgniter\Session\Handlers\FileHandler' driver.
WARNING - 2023-08-24 08:51:15 --> Session: Sessions is enabled, and one exists.Please don't $session->start();
INFO - 2023-08-24 08:51:21 --> Session: Class initialized using 'CodeIgniter\Session\Handlers\FileHandler' driver.
WARNING - 2023-08-24 08:51:21 --> Session: Sessions is enabled, and one exists.Please don't $session->start();
CRITICAL - 2023-08-24 08:51:21 --> Call to a member function getRandomName() on null
in APPPATH\Controllers\Umkmdata.php on line 235.
 1 SYSTEMPATH\CodeIgniter.php(934): App\Controllers\umkmdata->update('623')
 2 SYSTEMPATH\CodeIgniter.php(499): CodeIgniter\CodeIgniter->runController(Object(App\Controllers\umkmdata))
 3 SYSTEMPATH\CodeIgniter.php(368): CodeIgniter\CodeIgniter->handleRequest(null, Object(Config\Cache), false)
 4 FCPATH\index.php(67): CodeIgniter\CodeIgniter->run()
 5 SYSTEMPATH\Commands\Server\rewrite.php(47): require_once('FCPATH\\index.php')
INFO - 2023-08-24 08:54:21 --> Session: Class initialized using 'CodeIgniter\Session\Handlers\FileHandler' driver.
WARNING - 2023-08-24 08:54:21 --> Session: Sessions is enabled, and one exists.Please don't $session->start();
INFO - 2023-08-24 08:54:36 --> Session: Class initialized using 'CodeIgniter\Session\Handlers\FileHandler' driver.
WARNING - 2023-08-24 08:54:36 --> Session: Sessions is enabled, and one exists.Please don't $session->start();
CRITICAL - 2023-08-24 08:54:36 --> Call to a member function getRandomName() on null
in APPPATH\Controllers\Umkmdata.php on line 228.
 1 SYSTEMPATH\CodeIgniter.php(934): App\Controllers\umkmdata->update('623')
 2 SYSTEMPATH\CodeIgniter.php(499): CodeIgniter\CodeIgniter->runController(Object(App\Controllers\umkmdata))
 3 SYSTEMPATH\CodeIgniter.php(368): CodeIgniter\CodeIgniter->handleRequest(null, Object(Config\Cache), false)
 4 FCPATH\index.php(67): CodeIgniter\CodeIgniter->run()
 5 SYSTEMPATH\Commands\Server\rewrite.php(47): require_once('FCPATH\\index.php')
INFO - 2023-08-24 08:57:30 --> Session: Class initialized using 'CodeIgniter\Session\Handlers\FileHandler' driver.
WARNING - 2023-08-24 08:57:30 --> Session: Sessions is enabled, and one exists.Please don't $session->start();
INFO - 2023-08-24 08:57:32 --> Session: Class initialized using 'CodeIgniter\Session\Handlers\FileHandler' driver.
WARNING - 2023-08-24 08:57:32 --> Session: Sessions is enabled, and one exists.Please don't $session->start();
CRITICAL - 2023-08-24 08:57:32 --> Call to a member function getRandomName() on null
in APPPATH\Controllers\Umkmdata.php on line 223.
 1 SYSTEMPATH\CodeIgniter.php(934): App\Controllers\umkmdata->update('623')
 2 SYSTEMPATH\CodeIgniter.php(499): CodeIgniter\CodeIgniter->runController(Object(App\Controllers\umkmdata))
 3 SYSTEMPATH\CodeIgniter.php(368): CodeIgniter\CodeIgniter->handleRequest(null, Object(Config\Cache), false)
 4 FCPATH\index.php(67): CodeIgniter\CodeIgniter->run()
 5 SYSTEMPATH\Commands\Server\rewrite.php(47): require_once('FCPATH\\index.php')
INFO - 2023-08-24 08:57:34 --> Session: Class initialized using 'CodeIgniter\Session\Handlers\FileHandler' driver.
WARNING - 2023-08-24 08:57:34 --> Session: Sessions is enabled, and one exists.Please don't $session->start();
INFO - 2023-08-24 08:57:36 --> Session: Class initialized using 'CodeIgniter\Session\Handlers\FileHandler' driver.
WARNING - 2023-08-24 08:57:36 --> Session: Sessions is enabled, and one exists.Please don't $session->start();
CRITICAL - 2023-08-24 08:57:36 --> Call to a member function getRandomName() on null
in APPPATH\Controllers\Umkmdata.php on line 223.
 1 SYSTEMPATH\CodeIgniter.php(934): App\Controllers\umkmdata->update('623')
 2 SYSTEMPATH\CodeIgniter.php(499): CodeIgniter\CodeIgniter->runController(Object(App\Controllers\umkmdata))
 3 SYSTEMPATH\CodeIgniter.php(368): CodeIgniter\CodeIgniter->handleRequest(null, Object(Config\Cache), false)
 4 FCPATH\index.php(67): CodeIgniter\CodeIgniter->run()
 5 SYSTEMPATH\Commands\Server\rewrite.php(47): require_once('FCPATH\\index.php')
INFO - 2023-08-24 08:57:38 --> Session: Class initialized using 'CodeIgniter\Session\Handlers\FileHandler' driver.
WARNING - 2023-08-24 08:57:38 --> Session: Sessions is enabled, and one exists.Please don't $session->start();
INFO - 2023-08-24 08:57:48 --> Session: Class initialized using 'CodeIgniter\Session\Handlers\FileHandler' driver.
WARNING - 2023-08-24 08:57:48 --> Session: Sessions is enabled, and one exists.Please don't $session->start();
INFO - 2023-08-24 08:58:01 --> Session: Class initialized using 'CodeIgniter\Session\Handlers\FileHandler' driver.
WARNING - 2023-08-24 08:58:01 --> Session: Sessions is enabled, and one exists.Please don't $session->start();
CRITICAL - 2023-08-24 08:58:01 --> Call to a member function getRandomName() on null
in APPPATH\Controllers\Umkmdata.php on line 223.
 1 SYSTEMPATH\CodeIgniter.php(934): App\Controllers\umkmdata->update('623')
 2 SYSTEMPATH\CodeIgniter.php(499): CodeIgniter\CodeIgniter->runController(Object(App\Controllers\umkmdata))
 3 SYSTEMPATH\CodeIgniter.php(368): CodeIgniter\CodeIgniter->handleRequest(null, Object(Config\Cache), false)
 4 FCPATH\index.php(67): CodeIgniter\CodeIgniter->run()
 5 SYSTEMPATH\Commands\Server\rewrite.php(47): require_once('FCPATH\\index.php')
INFO - 2023-08-24 08:58:22 --> Session: Class initialized using 'CodeIgniter\Session\Handlers\FileHandler' driver.
WARNING - 2023-08-24 08:58:22 --> Session: Sessions is enabled, and one exists.Please don't $session->start();
INFO - 2023-08-24 08:58:24 --> Session: Class initialized using 'CodeIgniter\Session\Handlers\FileHandler' driver.
WARNING - 2023-08-24 08:58:24 --> Session: Sessions is enabled, and one exists.Please don't $session->start();
CRITICAL - 2023-08-24 08:58:24 --> Call to a member function getRandomName() on null
in APPPATH\Controllers\Umkmdata.php on line 136.
 1 SYSTEMPATH\CodeIgniter.php(934): App\Controllers\umkmdata->update('623')
 2 SYSTEMPATH\CodeIgniter.php(499): CodeIgniter\CodeIgniter->runController(Object(App\Controllers\umkmdata))
 3 SYSTEMPATH\CodeIgniter.php(368): CodeIgniter\CodeIgniter->handleRequest(null, Object(Config\Cache), false)
 4 FCPATH\index.php(67): CodeIgniter\CodeIgniter->run()
 5 SYSTEMPATH\Commands\Server\rewrite.php(47): require_once('FCPATH\\index.php')
INFO - 2023-08-24 08:58:26 --> Session: Class initialized using 'CodeIgniter\Session\Handlers\FileHandler' driver.
WARNING - 2023-08-24 08:58:26 --> Session: Sessions is enabled, and one exists.Please don't $session->start();
INFO - 2023-08-24 09:00:25 --> Session: Class initialized using 'CodeIgniter\Session\Handlers\FileHandler' driver.
WARNING - 2023-08-24 09:00:26 --> Session: Sessions is enabled, and one exists.Please don't $session->start();
INFO - 2023-08-24 09:00:32 --> Session: Class initialized using 'CodeIgniter\Session\Handlers\FileHandler' driver.
WARNING - 2023-08-24 09:00:33 --> Session: Sessions is enabled, and one exists.Please don't $session->start();
INFO - 2023-08-24 09:01:13 --> Session: Class initialized using 'CodeIgniter\Session\Handlers\FileHandler' driver.
WARNING - 2023-08-24 09:01:13 --> Session: Sessions is enabled, and one exists.Please don't $session->start();
INFO - 2023-08-24 09:01:17 --> Session: Class initialized using 'CodeIgniter\Session\Handlers\FileHandler' driver.
WARNING - 2023-08-24 09:01:17 --> Session: Sessions is enabled, and one exists.Please don't $session->start();
INFO - 2023-08-24 09:03:07 --> Session: Class initialized using 'CodeIgniter\Session\Handlers\FileHandler' driver.
WARNING - 2023-08-24 09:03:07 --> Session: Sessions is enabled, and one exists.Please don't $session->start();
INFO - 2023-08-24 09:03:40 --> Session: Class initialized using 'CodeIgniter\Session\Handlers\FileHandler' driver.
WARNING - 2023-08-24 09:03:40 --> Session: Sessions is enabled, and one exists.Please don't $session->start();
INFO - 2023-08-24 09:05:01 --> Session: Class initialized using 'CodeIgniter\Session\Handlers\FileHandler' driver.
WARNING - 2023-08-24 09:05:01 --> Session: Sessions is enabled, and one exists.Please don't $session->start();
INFO - 2023-08-24 09:05:10 --> Session: Class initialized using 'CodeIgniter\Session\Handlers\FileHandler' driver.
WARNING - 2023-08-24 09:05:10 --> Session: Sessions is enabled, and one exists.Please don't $session->start();
INFO - 2023-08-24 09:05:57 --> Session: Class initialized using 'CodeIgniter\Session\Handlers\FileHandler' driver.
WARNING - 2023-08-24 09:05:57 --> Session: Sessions is enabled, and one exists.Please don't $session->start();
CRITICAL - 2023-08-24 09:05:57 --> Call to a member function getRandomName() on null
in APPPATH\Controllers\Umkmdata.php on line 83.
 1 SYSTEMPATH\CodeIgniter.php(934): App\Controllers\umkmdata->save()
 2 SYSTEMPATH\CodeIgniter.php(499): CodeIgniter\CodeIgniter->runController(Object(App\Controllers\umkmdata))
 3 SYSTEMPATH\CodeIgniter.php(368): CodeIgniter\CodeIgniter->handleRequest(null, Object(Config\Cache), false)
 4 FCPATH\index.php(67): CodeIgniter\CodeIgniter->run()
 5 SYSTEMPATH\Commands\Server\rewrite.php(47): require_once('FCPATH\\index.php')
INFO - 2023-08-24 09:06:45 --> Session: Class initialized using 'CodeIgniter\Session\Handlers\FileHandler' driver.
WARNING - 2023-08-24 09:06:45 --> Session: Sessions is enabled, and one exists.Please don't $session->start();
INFO - 2023-08-24 09:06:46 --> Session: Class initialized using 'CodeIgniter\Session\Handlers\FileHandler' driver.
WARNING - 2023-08-24 09:06:46 --> Session: Sessions is enabled, and one exists.Please don't $session->start();
INFO - 2023-08-24 09:26:29 --> Session: Class initialized using 'CodeIgniter\Session\Handlers\FileHandler' driver.
WARNING - 2023-08-24 09:26:29 --> Session: Sessions is enabled, and one exists.Please don't $session->start();
INFO - 2023-08-24 09:26:56 --> Session: Class initialized using 'CodeIgniter\Session\Handlers\FileHandler' driver.
WARNING - 2023-08-24 09:26:56 --> Session: Sessions is enabled, and one exists.Please don't $session->start();
CRITICAL - 2023-08-24 09:26:56 --> Call to a member function getName() on null
in APPPATH\Controllers\Umkmdata.php on line 83.
 1 SYSTEMPATH\CodeIgniter.php(934): App\Controllers\umkmdata->save()
 2 SYSTEMPATH\CodeIgniter.php(499): CodeIgniter\CodeIgniter->runController(Object(App\Controllers\umkmdata))
 3 SYSTEMPATH\CodeIgniter.php(368): CodeIgniter\CodeIgniter->handleRequest(null, Object(Config\Cache), false)
 4 FCPATH\index.php(67): CodeIgniter\CodeIgniter->run()
 5 SYSTEMPATH\Commands\Server\rewrite.php(47): require_once('FCPATH\\index.php')
INFO - 2023-08-24 09:30:00 --> Session: Class initialized using 'CodeIgniter\Session\Handlers\FileHandler' driver.
WARNING - 2023-08-24 09:30:00 --> Session: Sessions is enabled, and one exists.Please don't $session->start();
INFO - 2023-08-24 09:30:01 --> Session: Class initialized using 'CodeIgniter\Session\Handlers\FileHandler' driver.
WARNING - 2023-08-24 09:30:01 --> Session: Sessions is enabled, and one exists.Please don't $session->start();
INFO - 2023-08-24 09:30:05 --> Session: Class initialized using 'CodeIgniter\Session\Handlers\FileHandler' driver.
WARNING - 2023-08-24 09:30:05 --> Session: Sessions is enabled, and one exists.Please don't $session->start();
INFO - 2023-08-24 09:30:28 --> Session: Class initialized using 'CodeIgniter\Session\Handlers\FileHandler' driver.
WARNING - 2023-08-24 09:30:28 --> Session: Sessions is enabled, and one exists.Please don't $session->start();
INFO - 2023-08-24 09:30:28 --> Session: Class initialized using 'CodeIgniter\Session\Handlers\FileHandler' driver.
WARNING - 2023-08-24 09:30:28 --> Session: Sessions is enabled, and one exists.Please don't $session->start();
INFO - 2023-08-24 09:36:34 --> Session: Class initialized using 'CodeIgniter\Session\Handlers\FileHandler' driver.
WARNING - 2023-08-24 09:36:34 --> Session: Sessions is enabled, and one exists.Please don't $session->start();
INFO - 2023-08-24 09:37:01 --> Session: Class initialized using 'CodeIgniter\Session\Handlers\FileHandler' driver.
WARNING - 2023-08-24 09:37:01 --> Session: Sessions is enabled, and one exists.Please don't $session->start();
INFO - 2023-08-24 09:37:02 --> Session: Class initialized using 'CodeIgniter\Session\Handlers\FileHandler' driver.
WARNING - 2023-08-24 09:37:02 --> Session: Sessions is enabled, and one exists.Please don't $session->start();
INFO - 2023-08-24 09:42:19 --> Session: Class initialized using 'CodeIgniter\Session\Handlers\FileHandler' driver.
WARNING - 2023-08-24 09:42:20 --> Session: Sessions is enabled, and one exists.Please don't $session->start();
INFO - 2023-08-24 09:42:20 --> Session: Class initialized using 'CodeIgniter\Session\Handlers\FileHandler' driver.
WARNING - 2023-08-24 09:42:20 --> Session: Sessions is enabled, and one exists.Please don't $session->start();
INFO - 2023-08-24 09:44:25 --> Session: Class initialized using 'CodeIgniter\Session\Handlers\FileHandler' driver.
WARNING - 2023-08-24 09:44:25 --> Session: Sessions is enabled, and one exists.Please don't $session->start();
INFO - 2023-08-24 09:44:26 --> Session: Class initialized using 'CodeIgniter\Session\Handlers\FileHandler' driver.
WARNING - 2023-08-24 09:44:26 --> Session: Sessions is enabled, and one exists.Please don't $session->start();
INFO - 2023-08-24 09:45:21 --> Session: Class initialized using 'CodeIgniter\Session\Handlers\FileHandler' driver.
WARNING - 2023-08-24 09:45:21 --> Session: Sessions is enabled, and one exists.Please don't $session->start();
INFO - 2023-08-24 09:45:21 --> Session: Class initialized using 'CodeIgniter\Session\Handlers\FileHandler' driver.
WARNING - 2023-08-24 09:45:21 --> Session: Sessions is enabled, and one exists.Please don't $session->start();
INFO - 2023-08-24 09:45:28 --> Session: Class initialized using 'CodeIgniter\Session\Handlers\FileHandler' driver.
WARNING - 2023-08-24 09:45:28 --> Session: Sessions is enabled, and one exists.Please don't $session->start();
INFO - 2023-08-24 09:47:44 --> Session: Class initialized using 'CodeIgniter\Session\Handlers\FileHandler' driver.
WARNING - 2023-08-24 09:47:44 --> Session: Sessions is enabled, and one exists.Please don't $session->start();
INFO - 2023-08-24 09:48:13 --> Session: Class initialized using 'CodeIgniter\Session\Handlers\FileHandler' driver.
WARNING - 2023-08-24 09:48:13 --> Session: Sessions is enabled, and one exists.Please don't $session->start();
INFO - 2023-08-24 09:49:09 --> Session: Class initialized using 'CodeIgniter\Session\Handlers\FileHandler' driver.
WARNING - 2023-08-24 09:49:09 --> Session: Sessions is enabled, and one exists.Please don't $session->start();
INFO - 2023-08-24 09:49:22 --> Session: Class initialized using 'CodeIgniter\Session\Handlers\FileHandler' driver.
WARNING - 2023-08-24 09:49:22 --> Session: Sessions is enabled, and one exists.Please don't $session->start();
CRITICAL - 2023-08-24 09:49:22 --> Call to a member function getRandomName() on null
in APPPATH\Controllers\Umkmdata.php on line 214.
 1 SYSTEMPATH\CodeIgniter.php(934): App\Controllers\umkmdata->update('623')
 2 SYSTEMPATH\CodeIgniter.php(499): CodeIgniter\CodeIgniter->runController(Object(App\Controllers\umkmdata))
 3 SYSTEMPATH\CodeIgniter.php(368): CodeIgniter\CodeIgniter->handleRequest(null, Object(Config\Cache), false)
 4 FCPATH\index.php(67): CodeIgniter\CodeIgniter->run()
 5 SYSTEMPATH\Commands\Server\rewrite.php(47): require_once('FCPATH\\index.php')
INFO - 2023-08-24 09:49:56 --> Session: Class initialized using 'CodeIgniter\Session\Handlers\FileHandler' driver.
WARNING - 2023-08-24 09:49:56 --> Session: Sessions is enabled, and one exists.Please don't $session->start();
INFO - 2023-08-24 09:50:11 --> Session: Class initialized using 'CodeIgniter\Session\Handlers\FileHandler' driver.
WARNING - 2023-08-24 09:50:11 --> Session: Sessions is enabled, and one exists.Please don't $session->start();
INFO - 2023-08-24 09:50:11 --> Session: Class initialized using 'CodeIgniter\Session\Handlers\FileHandler' driver.
WARNING - 2023-08-24 09:50:11 --> Session: Sessions is enabled, and one exists.Please don't $session->start();
INFO - 2023-08-24 09:50:21 --> Session: Class initialized using 'CodeIgniter\Session\Handlers\FileHandler' driver.
WARNING - 2023-08-24 09:50:21 --> Session: Sessions is enabled, and one exists.Please don't $session->start();
INFO - 2023-08-24 09:50:27 --> Session: Class initialized using 'CodeIgniter\Session\Handlers\FileHandler' driver.
WARNING - 2023-08-24 09:50:27 --> Session: Sessions is enabled, and one exists.Please don't $session->start();
INFO - 2023-08-24 09:50:38 --> Session: Class initialized using 'CodeIgniter\Session\Handlers\FileHandler' driver.
WARNING - 2023-08-24 09:50:38 --> Session: Sessions is enabled, and one exists.Please don't $session->start();
INFO - 2023-08-24 09:50:51 --> Session: Class initialized using 'CodeIgniter\Session\Handlers\FileHandler' driver.
WARNING - 2023-08-24 09:50:51 --> Session: Sessions is enabled, and one exists.Please don't $session->start();
INFO - 2023-08-24 09:50:51 --> Session: Class initialized using 'CodeIgniter\Session\Handlers\FileHandler' driver.
WARNING - 2023-08-24 09:50:51 --> Session: Sessions is enabled, and one exists.Please don't $session->start();
INFO - 2023-08-24 09:54:03 --> Session: Class initialized using 'CodeIgniter\Session\Handlers\FileHandler' driver.
WARNING - 2023-08-24 09:54:03 --> Session: Sessions is enabled, and one exists.Please don't $session->start();
INFO - 2023-08-24 09:54:34 --> Session: Class initialized using 'CodeIgniter\Session\Handlers\FileHandler' driver.
WARNING - 2023-08-24 09:54:34 --> Session: Sessions is enabled, and one exists.Please don't $session->start();
INFO - 2023-08-24 09:54:39 --> Session: Class initialized using 'CodeIgniter\Session\Handlers\FileHandler' driver.
INFO - 2023-08-24 09:55:13 --> Session: Class initialized using 'CodeIgniter\Session\Handlers\FileHandler' driver.
WARNING - 2023-08-24 09:55:13 --> Session: Sessions is enabled, and one exists.Please don't $session->start();
INFO - 2023-08-24 09:55:30 --> Session: Class initialized using 'CodeIgniter\Session\Handlers\FileHandler' driver.
WARNING - 2023-08-24 09:55:30 --> Session: Sessions is enabled, and one exists.Please don't $session->start();
INFO - 2023-08-24 09:55:35 --> Session: Class initialized using 'CodeIgniter\Session\Handlers\FileHandler' driver.
WARNING - 2023-08-24 09:55:35 --> Session: Sessions is enabled, and one exists.Please don't $session->start();
INFO - 2023-08-24 09:56:39 --> Session: Class initialized using 'CodeIgniter\Session\Handlers\FileHandler' driver.
WARNING - 2023-08-24 09:56:39 --> Session: Sessions is enabled, and one exists.Please don't $session->start();
CRITICAL - 2023-08-24 09:56:39 --> Undefined variable $j
in APPPATH\Views\umkmdata\edit.php on line 40.
 1 APPPATH\Views\umkmdata\edit.php(40): CodeIgniter\Debug\Exceptions->errorHandler(2, 'Undefined variable $j', 'APPPATH\\Views\\umkmdata\\edit.php', 40)
 2 SYSTEMPATH\View\View.php(213): include('APPPATH\\Views\\umkmdata\\edit.php')
 3 SYSTEMPATH\View\View.php(216): CodeIgniter\View\View->CodeIgniter\View\{closure}()
 4 SYSTEMPATH\Common.php(1184): CodeIgniter\View\View->render('umkmdata/edit', [], true)
 5 APPPATH\Controllers\Umkmdata.php(202): view('umkmdata/edit', [...])
 6 SYSTEMPATH\CodeIgniter.php(934): App\Controllers\umkmdata->edit('10')
 7 SYSTEMPATH\CodeIgniter.php(499): CodeIgniter\CodeIgniter->runController(Object(App\Controllers\umkmdata))
 8 SYSTEMPATH\CodeIgniter.php(368): CodeIgniter\CodeIgniter->handleRequest(null, Object(Config\Cache), false)
 9 FCPATH\index.php(67): CodeIgniter\CodeIgniter->run()
10 SYSTEMPATH\Commands\Server\rewrite.php(47): require_once('FCPATH\\index.php')
INFO - 2023-08-24 09:56:55 --> Session: Class initialized using 'CodeIgniter\Session\Handlers\FileHandler' driver.
WARNING - 2023-08-24 09:56:55 --> Session: Sessions is enabled, and one exists.Please don't $session->start();
INFO - 2023-08-24 09:57:44 --> Session: Class initialized using 'CodeIgniter\Session\Handlers\FileHandler' driver.
WARNING - 2023-08-24 09:57:44 --> Session: Sessions is enabled, and one exists.Please don't $session->start();
INFO - 2023-08-24 10:00:08 --> Session: Class initialized using 'CodeIgniter\Session\Handlers\FileHandler' driver.
WARNING - 2023-08-24 10:00:08 --> Session: Sessions is enabled, and one exists.Please don't $session->start();
INFO - 2023-08-24 10:01:21 --> Session: Class initialized using 'CodeIgniter\Session\Handlers\FileHandler' driver.
INFO - 2023-08-24 10:01:51 --> Session: Class initialized using 'CodeIgniter\Session\Handlers\FileHandler' driver.
INFO - 2023-08-24 10:02:32 --> Session: Class initialized using 'CodeIgniter\Session\Handlers\FileHandler' driver.
INFO - 2023-08-24 10:02:44 --> Session: Class initialized using 'CodeIgniter\Session\Handlers\FileHandler' driver.
INFO - 2023-08-24 10:02:45 --> Session: Class initialized using 'CodeIgniter\Session\Handlers\FileHandler' driver.
INFO - 2023-08-24 10:03:04 --> Session: Class initialized using 'CodeIgniter\Session\Handlers\FileHandler' driver.
CRITICAL - 2023-08-24 10:03:04 --> Credentials is invalid!
in APPPATH\Controllers\Login.php on line 72.
 1 SYSTEMPATH\CodeIgniter.php(934): App\Controllers\Login->create()
 2 SYSTEMPATH\CodeIgniter.php(499): CodeIgniter\CodeIgniter->runController(Object(App\Controllers\Login))
 3 SYSTEMPATH\CodeIgniter.php(368): CodeIgniter\CodeIgniter->handleRequest(null, Object(Config\Cache), false)
 4 FCPATH\index.php(67): CodeIgniter\CodeIgniter->run()
 5 SYSTEMPATH\Commands\Server\rewrite.php(47): require_once('FCPATH\\index.php')
INFO - 2023-08-24 10:03:06 --> Session: Class initialized using 'CodeIgniter\Session\Handlers\FileHandler' driver.
INFO - 2023-08-24 10:03:10 --> Session: Class initialized using 'CodeIgniter\Session\Handlers\FileHandler' driver.
INFO - 2023-08-24 10:03:10 --> Session: Class initialized using 'CodeIgniter\Session\Handlers\FileHandler' driver.
INFO - 2023-08-24 10:03:16 --> Session: Class initialized using 'CodeIgniter\Session\Handlers\FileHandler' driver.
INFO - 2023-08-24 10:04:10 --> Session: Class initialized using 'CodeIgniter\Session\Handlers\FileHandler' driver.
INFO - 2023-08-24 10:04:10 --> Session: Class initialized using 'CodeIgniter\Session\Handlers\FileHandler' driver.
INFO - 2023-08-24 10:15:14 --> Session: Class initialized using 'CodeIgniter\Session\Handlers\FileHandler' driver.
INFO - 2023-08-24 10:15:18 --> Session: Class initialized using 'CodeIgniter\Session\Handlers\FileHandler' driver.
INFO - 2023-08-24 10:15:28 --> Session: Class initialized using 'CodeIgniter\Session\Handlers\FileHandler' driver.
INFO - 2023-08-24 10:15:28 --> Session: Class initialized using 'CodeIgniter\Session\Handlers\FileHandler' driver.
INFO - 2023-08-24 13:38:22 --> Session: Class initialized using 'CodeIgniter\Session\Handlers\FileHandler' driver.
INFO - 2023-08-24 13:38:22 --> Session: Class initialized using 'CodeIgniter\Session\Handlers\FileHandler' driver.
INFO - 2023-08-24 13:38:55 --> Session: Class initialized using 'CodeIgniter\Session\Handlers\FileHandler' driver.
INFO - 2023-08-24 13:38:55 --> Session: Class initialized using 'CodeIgniter\Session\Handlers\FileHandler' driver.
