INFO - 2023-07-06 05:52:52 --> Session: Class initialized using 'CodeIgniter\Session\Handlers\FileHandler' driver.
INFO - 2023-07-06 05:52:52 --> Session: Class initialized using 'CodeIgniter\Session\Handlers\FileHandler' driver.
INFO - 2023-07-06 05:53:09 --> Session: Class initialized using 'CodeIgniter\Session\Handlers\FileHandler' driver.
INFO - 2023-07-06 05:53:09 --> Session: Class initialized using 'CodeIgniter\Session\Handlers\FileHandler' driver.
ERROR - 2023-07-06 05:53:09 --> mysqli_sql_exception: Table 'databis.umkmdata' doesn't exist in C:\xampp\htdocs\projekbis\system\Database\MySQLi\Connection.php:295
Stack trace:
#0 C:\xampp\htdocs\projekbis\system\Database\MySQLi\Connection.php(295): mysqli->query('SELECT *\nFROM `...', 0)
#1 C:\xampp\htdocs\projekbis\system\Database\BaseConnection.php(691): CodeIgniter\Database\MySQLi\Connection->execute('SELECT *\nFROM `...')
#2 C:\xampp\htdocs\projekbis\system\Database\BaseConnection.php(605): CodeIgniter\Database\BaseConnection->simpleQuery('SELECT *\nFROM `...')
#3 C:\xampp\htdocs\projekbis\system\Database\BaseBuilder.php(1616): CodeIgniter\Database\BaseConnection->query('SELECT *\nFROM `...', Array, false)
#4 C:\xampp\htdocs\projekbis\system\Model.php(241): CodeIgniter\Database\BaseBuilder->get()
#5 C:\xampp\htdocs\projekbis\system\BaseModel.php(618): CodeIgniter\Model->doFindAll(0, 0)
#6 C:\xampp\htdocs\projekbis\app\Controllers\Home.php(16): CodeIgniter\BaseModel->findAll()
#7 C:\xampp\htdocs\projekbis\system\CodeIgniter.php(934): App\Controllers\Home->index()
#8 C:\xampp\htdocs\projekbis\system\CodeIgniter.php(499): CodeIgniter\CodeIgniter->runController(Object(App\Controllers\Home))
#9 C:\xampp\htdocs\projekbis\system\CodeIgniter.php(368): CodeIgniter\CodeIgniter->handleRequest(NULL, Object(Config\Cache), false)
#10 C:\xampp\htdocs\projekbis\public\index.php(67): CodeIgniter\CodeIgniter->run()
#11 C:\xampp\htdocs\projekbis\system\Commands\Server\rewrite.php(47): require_once('C:\\xampp\\htdocs...')
#12 {main}
CRITICAL - 2023-07-06 05:53:09 --> Table 'databis.umkmdata' doesn't exist
in SYSTEMPATH\Database\BaseConnection.php on line 645.
 1 SYSTEMPATH\Database\BaseBuilder.php(1616): CodeIgniter\Database\BaseConnection->query('SELECT *
FROM `umkmdata`', [], false)
 2 SYSTEMPATH\Model.php(241): CodeIgniter\Database\BaseBuilder->get()
 3 SYSTEMPATH\BaseModel.php(618): CodeIgniter\Model->doFindAll(0, 0)
 4 APPPATH\Controllers\Home.php(16): CodeIgniter\BaseModel->findAll()
 5 SYSTEMPATH\CodeIgniter.php(934): App\Controllers\Home->index()
 6 SYSTEMPATH\CodeIgniter.php(499): CodeIgniter\CodeIgniter->runController(Object(App\Controllers\Home))
 7 SYSTEMPATH\CodeIgniter.php(368): CodeIgniter\CodeIgniter->handleRequest(null, Object(Config\Cache), false)
 8 FCPATH\index.php(67): CodeIgniter\CodeIgniter->run()
 9 SYSTEMPATH\Commands\Server\rewrite.php(47): require_once('FCPATH\\index.php')
INFO - 2023-07-06 05:54:04 --> Session: Class initialized using 'CodeIgniter\Session\Handlers\FileHandler' driver.
INFO - 2023-07-06 05:54:42 --> Session: Class initialized using 'CodeIgniter\Session\Handlers\FileHandler' driver.
WARNING - 2023-07-06 05:54:42 --> Session: Sessions is enabled, and one exists.Please don't $session->start();
CRITICAL - 2023-07-06 05:54:42 --> Undefined array key "kelamin"
in APPPATH\Views\umkmdata\index.php on line 67.
 1 APPPATH\Views\umkmdata\index.php(67): CodeIgniter\Debug\Exceptions->errorHandler(2, 'Undefined array key "kelamin"', 'APPPATH\\Views\\umkmdata\\index.php', 67)
 2 SYSTEMPATH\View\View.php(213): include('APPPATH\\Views\\umkmdata\\index.php')
 3 SYSTEMPATH\View\View.php(216): CodeIgniter\View\View->CodeIgniter\View\{closure}()
 4 SYSTEMPATH\Common.php(1184): CodeIgniter\View\View->render('umkmdata/index', [], true)
 5 APPPATH\Controllers\Job.php(43): view('umkmdata/index', [...])
 6 SYSTEMPATH\CodeIgniter.php(934): App\Controllers\Job->index()
 7 SYSTEMPATH\CodeIgniter.php(499): CodeIgniter\CodeIgniter->runController(Object(App\Controllers\Job))
 8 SYSTEMPATH\CodeIgniter.php(368): CodeIgniter\CodeIgniter->handleRequest(null, Object(Config\Cache), false)
 9 FCPATH\index.php(67): CodeIgniter\CodeIgniter->run()
10 SYSTEMPATH\Commands\Server\rewrite.php(47): require_once('FCPATH\\index.php')
INFO - 2023-07-06 05:54:54 --> Session: Class initialized using 'CodeIgniter\Session\Handlers\FileHandler' driver.
INFO - 2023-07-06 05:57:23 --> Session: Class initialized using 'CodeIgniter\Session\Handlers\FileHandler' driver.
WARNING - 2023-07-06 05:57:23 --> Session: Sessions is enabled, and one exists.Please don't $session->start();
CRITICAL - 2023-07-06 05:57:23 --> Undefined array key "kelamin"
in APPPATH\Views\umkmdata\index.php on line 67.
 1 APPPATH\Views\umkmdata\index.php(67): CodeIgniter\Debug\Exceptions->errorHandler(2, 'Undefined array key "kelamin"', 'APPPATH\\Views\\umkmdata\\index.php', 67)
 2 SYSTEMPATH\View\View.php(213): include('APPPATH\\Views\\umkmdata\\index.php')
 3 SYSTEMPATH\View\View.php(216): CodeIgniter\View\View->CodeIgniter\View\{closure}()
 4 SYSTEMPATH\Common.php(1184): CodeIgniter\View\View->render('umkmdata/index', [], true)
 5 APPPATH\Controllers\Job.php(43): view('umkmdata/index', [...])
 6 SYSTEMPATH\CodeIgniter.php(934): App\Controllers\Job->index()
 7 SYSTEMPATH\CodeIgniter.php(499): CodeIgniter\CodeIgniter->runController(Object(App\Controllers\Job))
 8 SYSTEMPATH\CodeIgniter.php(368): CodeIgniter\CodeIgniter->handleRequest(null, Object(Config\Cache), false)
 9 FCPATH\index.php(67): CodeIgniter\CodeIgniter->run()
10 SYSTEMPATH\Commands\Server\rewrite.php(47): require_once('FCPATH\\index.php')
INFO - 2023-07-06 05:58:28 --> Session: Class initialized using 'CodeIgniter\Session\Handlers\FileHandler' driver.
WARNING - 2023-07-06 05:58:28 --> Session: Sessions is enabled, and one exists.Please don't $session->start();
INFO - 2023-07-06 05:58:40 --> Session: Class initialized using 'CodeIgniter\Session\Handlers\FileHandler' driver.
WARNING - 2023-07-06 05:58:40 --> Session: Sessions is enabled, and one exists.Please don't $session->start();
INFO - 2023-07-06 05:58:56 --> Session: Class initialized using 'CodeIgniter\Session\Handlers\FileHandler' driver.
WARNING - 2023-07-06 05:58:56 --> Session: Sessions is enabled, and one exists.Please don't $session->start();
CRITICAL - 2023-07-06 05:58:56 --> Undefined array key "kelamin"
in APPPATH\Views\umkmdata\view.php on line 45.
 1 APPPATH\Views\umkmdata\view.php(45): CodeIgniter\Debug\Exceptions->errorHandler(2, 'Undefined array key "kelamin"', 'APPPATH\\Views\\umkmdata\\view.php', 45)
 2 SYSTEMPATH\View\View.php(213): include('APPPATH\\Views\\umkmdata\\view.php')
 3 SYSTEMPATH\View\View.php(216): CodeIgniter\View\View->CodeIgniter\View\{closure}()
 4 SYSTEMPATH\Common.php(1184): CodeIgniter\View\View->render('umkmdata/view', [], true)
 5 APPPATH\Controllers\Job.php(247): view('umkmdata/view', [...])
 6 SYSTEMPATH\CodeIgniter.php(934): App\Controllers\Job->viewpdf()
 7 SYSTEMPATH\CodeIgniter.php(499): CodeIgniter\CodeIgniter->runController(Object(App\Controllers\Job))
 8 SYSTEMPATH\CodeIgniter.php(368): CodeIgniter\CodeIgniter->handleRequest(null, Object(Config\Cache), false)
 9 FCPATH\index.php(67): CodeIgniter\CodeIgniter->run()
10 SYSTEMPATH\Commands\Server\rewrite.php(47): require_once('FCPATH\\index.php')
INFO - 2023-07-06 06:00:57 --> Session: Class initialized using 'CodeIgniter\Session\Handlers\FileHandler' driver.
WARNING - 2023-07-06 06:00:58 --> Session: Sessions is enabled, and one exists.Please don't $session->start();
INFO - 2023-07-06 06:02:30 --> Session: Class initialized using 'CodeIgniter\Session\Handlers\FileHandler' driver.
WARNING - 2023-07-06 06:02:30 --> Session: Sessions is enabled, and one exists.Please don't $session->start();
INFO - 2023-07-06 06:03:41 --> Session: Class initialized using 'CodeIgniter\Session\Handlers\FileHandler' driver.
WARNING - 2023-07-06 06:03:41 --> Session: Sessions is enabled, and one exists.Please don't $session->start();
INFO - 2023-07-06 06:04:36 --> Session: Class initialized using 'CodeIgniter\Session\Handlers\FileHandler' driver.
WARNING - 2023-07-06 06:04:36 --> Session: Sessions is enabled, and one exists.Please don't $session->start();
INFO - 2023-07-06 06:04:56 --> Session: Class initialized using 'CodeIgniter\Session\Handlers\FileHandler' driver.
WARNING - 2023-07-06 06:04:56 --> Session: Sessions is enabled, and one exists.Please don't $session->start();
INFO - 2023-07-06 06:05:14 --> Session: Class initialized using 'CodeIgniter\Session\Handlers\FileHandler' driver.
WARNING - 2023-07-06 06:05:14 --> Session: Sessions is enabled, and one exists.Please don't $session->start();
INFO - 2023-07-06 06:07:31 --> Session: Class initialized using 'CodeIgniter\Session\Handlers\FileHandler' driver.
INFO - 2023-07-06 06:08:13 --> Session: Class initialized using 'CodeIgniter\Session\Handlers\FileHandler' driver.
INFO - 2023-07-06 06:08:40 --> Session: Class initialized using 'CodeIgniter\Session\Handlers\FileHandler' driver.
INFO - 2023-07-06 06:08:43 --> Session: Class initialized using 'CodeIgniter\Session\Handlers\FileHandler' driver.
WARNING - 2023-07-06 06:08:43 --> Session: Sessions is enabled, and one exists.Please don't $session->start();
INFO - 2023-07-06 06:09:08 --> Session: Class initialized using 'CodeIgniter\Session\Handlers\FileHandler' driver.
WARNING - 2023-07-06 06:09:08 --> Session: Sessions is enabled, and one exists.Please don't $session->start();
INFO - 2023-07-06 06:09:17 --> Session: Class initialized using 'CodeIgniter\Session\Handlers\FileHandler' driver.
WARNING - 2023-07-06 06:09:17 --> Session: Sessions is enabled, and one exists.Please don't $session->start();
INFO - 2023-07-06 06:09:58 --> Session: Class initialized using 'CodeIgniter\Session\Handlers\FileHandler' driver.
WARNING - 2023-07-06 06:09:58 --> Session: Sessions is enabled, and one exists.Please don't $session->start();
INFO - 2023-07-06 06:13:52 --> Session: Class initialized using 'CodeIgniter\Session\Handlers\FileHandler' driver.
WARNING - 2023-07-06 06:13:52 --> Session: Sessions is enabled, and one exists.Please don't $session->start();
INFO - 2023-07-06 06:14:35 --> Session: Class initialized using 'CodeIgniter\Session\Handlers\FileHandler' driver.
WARNING - 2023-07-06 06:14:35 --> Session: Sessions is enabled, and one exists.Please don't $session->start();
CRITICAL - 2023-07-06 06:14:35 --> Undefined array key "kelamin"
in APPPATH\Views\umkmdata\edit.php on line 31.
 1 APPPATH\Views\umkmdata\edit.php(31): CodeIgniter\Debug\Exceptions->errorHandler(2, 'Undefined array key "kelamin"', 'APPPATH\\Views\\umkmdata\\edit.php', 31)
 2 SYSTEMPATH\View\View.php(213): include('APPPATH\\Views\\umkmdata\\edit.php')
 3 SYSTEMPATH\View\View.php(216): CodeIgniter\View\View->CodeIgniter\View\{closure}()
 4 SYSTEMPATH\Common.php(1184): CodeIgniter\View\View->render('umkmdata/edit', [], true)
 5 APPPATH\Controllers\Job.php(156): view('umkmdata/edit', [...])
 6 SYSTEMPATH\CodeIgniter.php(934): App\Controllers\Job->edit('1')
 7 SYSTEMPATH\CodeIgniter.php(499): CodeIgniter\CodeIgniter->runController(Object(App\Controllers\Job))
 8 SYSTEMPATH\CodeIgniter.php(368): CodeIgniter\CodeIgniter->handleRequest(null, Object(Config\Cache), false)
 9 FCPATH\index.php(67): CodeIgniter\CodeIgniter->run()
10 SYSTEMPATH\Commands\Server\rewrite.php(47): require_once('FCPATH\\index.php')
INFO - 2023-07-06 06:14:43 --> Session: Class initialized using 'CodeIgniter\Session\Handlers\FileHandler' driver.
WARNING - 2023-07-06 06:14:43 --> Session: Sessions is enabled, and one exists.Please don't $session->start();
INFO - 2023-07-06 06:15:39 --> Session: Class initialized using 'CodeIgniter\Session\Handlers\FileHandler' driver.
WARNING - 2023-07-06 06:15:40 --> Session: Sessions is enabled, and one exists.Please don't $session->start();
INFO - 2023-07-06 06:15:54 --> Session: Class initialized using 'CodeIgniter\Session\Handlers\FileHandler' driver.
WARNING - 2023-07-06 06:15:54 --> Session: Sessions is enabled, and one exists.Please don't $session->start();
CRITICAL - 2023-07-06 06:15:54 --> Undefined array key "kelamin"
in APPPATH\Views\umkmdata\edit.php on line 31.
 1 APPPATH\Views\umkmdata\edit.php(31): CodeIgniter\Debug\Exceptions->errorHandler(2, 'Undefined array key "kelamin"', 'APPPATH\\Views\\umkmdata\\edit.php', 31)
 2 SYSTEMPATH\View\View.php(213): include('APPPATH\\Views\\umkmdata\\edit.php')
 3 SYSTEMPATH\View\View.php(216): CodeIgniter\View\View->CodeIgniter\View\{closure}()
 4 SYSTEMPATH\Common.php(1184): CodeIgniter\View\View->render('umkmdata/edit', [], true)
 5 APPPATH\Controllers\Job.php(156): view('umkmdata/edit', [...])
 6 SYSTEMPATH\CodeIgniter.php(934): App\Controllers\Job->edit('1')
 7 SYSTEMPATH\CodeIgniter.php(499): CodeIgniter\CodeIgniter->runController(Object(App\Controllers\Job))
 8 SYSTEMPATH\CodeIgniter.php(368): CodeIgniter\CodeIgniter->handleRequest(null, Object(Config\Cache), false)
 9 FCPATH\index.php(67): CodeIgniter\CodeIgniter->run()
10 SYSTEMPATH\Commands\Server\rewrite.php(47): require_once('FCPATH\\index.php')
INFO - 2023-07-06 06:16:31 --> Session: Class initialized using 'CodeIgniter\Session\Handlers\FileHandler' driver.
WARNING - 2023-07-06 06:16:31 --> Session: Sessions is enabled, and one exists.Please don't $session->start();
INFO - 2023-07-06 06:16:39 --> Session: Class initialized using 'CodeIgniter\Session\Handlers\FileHandler' driver.
WARNING - 2023-07-06 06:16:39 --> Session: Sessions is enabled, and one exists.Please don't $session->start();
INFO - 2023-07-06 06:16:55 --> Session: Class initialized using 'CodeIgniter\Session\Handlers\FileHandler' driver.
WARNING - 2023-07-06 06:16:55 --> Session: Sessions is enabled, and one exists.Please don't $session->start();
INFO - 2023-07-06 06:18:31 --> Session: Class initialized using 'CodeIgniter\Session\Handlers\FileHandler' driver.
WARNING - 2023-07-06 06:18:31 --> Session: Sessions is enabled, and one exists.Please don't $session->start();
INFO - 2023-07-06 06:18:37 --> Session: Class initialized using 'CodeIgniter\Session\Handlers\FileHandler' driver.
WARNING - 2023-07-06 06:18:37 --> Session: Sessions is enabled, and one exists.Please don't $session->start();
INFO - 2023-07-06 06:20:08 --> Session: Class initialized using 'CodeIgniter\Session\Handlers\FileHandler' driver.
WARNING - 2023-07-06 06:20:08 --> Session: Sessions is enabled, and one exists.Please don't $session->start();
INFO - 2023-07-06 06:20:15 --> Session: Class initialized using 'CodeIgniter\Session\Handlers\FileHandler' driver.
WARNING - 2023-07-06 06:20:15 --> Session: Sessions is enabled, and one exists.Please don't $session->start();
INFO - 2023-07-06 06:21:55 --> Session: Class initialized using 'CodeIgniter\Session\Handlers\FileHandler' driver.
INFO - 2023-07-06 06:23:06 --> Session: Class initialized using 'CodeIgniter\Session\Handlers\FileHandler' driver.
INFO - 2023-07-06 06:23:15 --> Session: Class initialized using 'CodeIgniter\Session\Handlers\FileHandler' driver.
WARNING - 2023-07-06 06:23:15 --> Session: Sessions is enabled, and one exists.Please don't $session->start();
INFO - 2023-07-06 06:23:38 --> Session: Class initialized using 'CodeIgniter\Session\Handlers\FileHandler' driver.
WARNING - 2023-07-06 06:23:38 --> Session: Sessions is enabled, and one exists.Please don't $session->start();
INFO - 2023-07-06 06:24:39 --> Session: Class initialized using 'CodeIgniter\Session\Handlers\FileHandler' driver.
WARNING - 2023-07-06 06:24:39 --> Session: Sessions is enabled, and one exists.Please don't $session->start();
INFO - 2023-07-06 06:24:49 --> Session: Class initialized using 'CodeIgniter\Session\Handlers\FileHandler' driver.
WARNING - 2023-07-06 06:24:49 --> Session: Sessions is enabled, and one exists.Please don't $session->start();
INFO - 2023-07-06 06:24:50 --> Session: Class initialized using 'CodeIgniter\Session\Handlers\FileHandler' driver.
WARNING - 2023-07-06 06:24:50 --> Session: Sessions is enabled, and one exists.Please don't $session->start();
INFO - 2023-07-06 06:25:02 --> Session: Class initialized using 'CodeIgniter\Session\Handlers\FileHandler' driver.
WARNING - 2023-07-06 06:25:02 --> Session: Sessions is enabled, and one exists.Please don't $session->start();
INFO - 2023-07-06 06:25:10 --> Session: Class initialized using 'CodeIgniter\Session\Handlers\FileHandler' driver.
WARNING - 2023-07-06 06:25:10 --> Session: Sessions is enabled, and one exists.Please don't $session->start();
INFO - 2023-07-06 06:25:34 --> Session: Class initialized using 'CodeIgniter\Session\Handlers\FileHandler' driver.
WARNING - 2023-07-06 06:25:35 --> Session: Sessions is enabled, and one exists.Please don't $session->start();
INFO - 2023-07-06 06:25:35 --> Session: Class initialized using 'CodeIgniter\Session\Handlers\FileHandler' driver.
WARNING - 2023-07-06 06:25:35 --> Session: Sessions is enabled, and one exists.Please don't $session->start();
INFO - 2023-07-06 06:25:46 --> Session: Class initialized using 'CodeIgniter\Session\Handlers\FileHandler' driver.
WARNING - 2023-07-06 06:25:46 --> Session: Sessions is enabled, and one exists.Please don't $session->start();
INFO - 2023-07-06 06:26:01 --> Session: Class initialized using 'CodeIgniter\Session\Handlers\FileHandler' driver.
WARNING - 2023-07-06 06:26:01 --> Session: Sessions is enabled, and one exists.Please don't $session->start();
INFO - 2023-07-06 06:26:01 --> Session: Class initialized using 'CodeIgniter\Session\Handlers\FileHandler' driver.
WARNING - 2023-07-06 06:26:01 --> Session: Sessions is enabled, and one exists.Please don't $session->start();
INFO - 2023-07-06 06:26:55 --> Session: Class initialized using 'CodeIgniter\Session\Handlers\FileHandler' driver.
INFO - 2023-07-06 08:43:50 --> Session: Class initialized using 'CodeIgniter\Session\Handlers\FileHandler' driver.
INFO - 2023-07-06 08:43:51 --> Session: Class initialized using 'CodeIgniter\Session\Handlers\FileHandler' driver.
INFO - 2023-07-06 08:44:13 --> Session: Class initialized using 'CodeIgniter\Session\Handlers\FileHandler' driver.
INFO - 2023-07-06 08:44:13 --> Session: Class initialized using 'CodeIgniter\Session\Handlers\FileHandler' driver.
INFO - 2023-07-06 08:44:18 --> Session: Class initialized using 'CodeIgniter\Session\Handlers\FileHandler' driver.
WARNING - 2023-07-06 08:44:18 --> Session: Sessions is enabled, and one exists.Please don't $session->start();
INFO - 2023-07-06 09:52:11 --> Session: Class initialized using 'CodeIgniter\Session\Handlers\FileHandler' driver.
INFO - 2023-07-06 09:52:11 --> Session: Class initialized using 'CodeIgniter\Session\Handlers\FileHandler' driver.
