INFO - 2023-07-07 13:02:40 --> Session: Class initialized using 'CodeIgniter\Session\Handlers\FileHandler' driver.
INFO - 2023-07-07 13:02:40 --> Session: Class initialized using 'CodeIgniter\Session\Handlers\FileHandler' driver.
INFO - 2023-07-07 13:02:59 --> Session: Class initialized using 'CodeIgniter\Session\Handlers\FileHandler' driver.
INFO - 2023-07-07 13:02:59 --> Session: Class initialized using 'CodeIgniter\Session\Handlers\FileHandler' driver.
INFO - 2023-07-07 13:04:09 --> Session: Class initialized using 'CodeIgniter\Session\Handlers\FileHandler' driver.
INFO - 2023-07-07 13:06:23 --> Session: Class initialized using 'CodeIgniter\Session\Handlers\FileHandler' driver.
INFO - 2023-07-07 13:06:58 --> Session: Class initialized using 'CodeIgniter\Session\Handlers\FileHandler' driver.
INFO - 2023-07-07 13:07:10 --> Session: Class initialized using 'CodeIgniter\Session\Handlers\FileHandler' driver.
INFO - 2023-07-07 13:07:15 --> Session: Class initialized using 'CodeIgniter\Session\Handlers\FileHandler' driver.
WARNING - 2023-07-07 13:07:15 --> Session: Sessions is enabled, and one exists.Please don't $session->start();
INFO - 2023-07-07 13:11:32 --> Session: Class initialized using 'CodeIgniter\Session\Handlers\FileHandler' driver.
WARNING - 2023-07-07 13:11:32 --> Session: Sessions is enabled, and one exists.Please don't $session->start();
INFO - 2023-07-07 13:12:16 --> Session: Class initialized using 'CodeIgniter\Session\Handlers\FileHandler' driver.
WARNING - 2023-07-07 13:12:16 --> Session: Sessions is enabled, and one exists.Please don't $session->start();
INFO - 2023-07-07 13:12:30 --> Session: Class initialized using 'CodeIgniter\Session\Handlers\FileHandler' driver.
WARNING - 2023-07-07 13:12:30 --> Session: Sessions is enabled, and one exists.Please don't $session->start();
INFO - 2023-07-07 13:13:41 --> Session: Class initialized using 'CodeIgniter\Session\Handlers\FileHandler' driver.
WARNING - 2023-07-07 13:13:41 --> Session: Sessions is enabled, and one exists.Please don't $session->start();
INFO - 2023-07-07 13:14:28 --> Session: Class initialized using 'CodeIgniter\Session\Handlers\FileHandler' driver.
WARNING - 2023-07-07 13:14:28 --> Session: Sessions is enabled, and one exists.Please don't $session->start();
INFO - 2023-07-07 13:14:49 --> Session: Class initialized using 'CodeIgniter\Session\Handlers\FileHandler' driver.
WARNING - 2023-07-07 13:14:49 --> Session: Sessions is enabled, and one exists.Please don't $session->start();
INFO - 2023-07-07 13:15:52 --> Session: Class initialized using 'CodeIgniter\Session\Handlers\FileHandler' driver.
WARNING - 2023-07-07 13:15:52 --> Session: Sessions is enabled, and one exists.Please don't $session->start();
INFO - 2023-07-07 13:16:26 --> Session: Class initialized using 'CodeIgniter\Session\Handlers\FileHandler' driver.
WARNING - 2023-07-07 13:16:26 --> Session: Sessions is enabled, and one exists.Please don't $session->start();
INFO - 2023-07-07 13:16:39 --> Session: Class initialized using 'CodeIgniter\Session\Handlers\FileHandler' driver.
WARNING - 2023-07-07 13:16:39 --> Session: Sessions is enabled, and one exists.Please don't $session->start();
INFO - 2023-07-07 13:26:19 --> Session: Class initialized using 'CodeIgniter\Session\Handlers\FileHandler' driver.
WARNING - 2023-07-07 13:26:19 --> Session: Sessions is enabled, and one exists.Please don't $session->start();
INFO - 2023-07-07 13:26:55 --> Session: Class initialized using 'CodeIgniter\Session\Handlers\FileHandler' driver.
WARNING - 2023-07-07 13:26:55 --> Session: Sessions is enabled, and one exists.Please don't $session->start();
INFO - 2023-07-07 13:27:56 --> Session: Class initialized using 'CodeIgniter\Session\Handlers\FileHandler' driver.
WARNING - 2023-07-07 13:27:56 --> Session: Sessions is enabled, and one exists.Please don't $session->start();
INFO - 2023-07-07 13:29:10 --> Session: Class initialized using 'CodeIgniter\Session\Handlers\FileHandler' driver.
WARNING - 2023-07-07 13:29:10 --> Session: Sessions is enabled, and one exists.Please don't $session->start();
INFO - 2023-07-07 13:30:11 --> Session: Class initialized using 'CodeIgniter\Session\Handlers\FileHandler' driver.
WARNING - 2023-07-07 13:30:11 --> Session: Sessions is enabled, and one exists.Please don't $session->start();
INFO - 2023-07-07 13:30:42 --> Session: Class initialized using 'CodeIgniter\Session\Handlers\FileHandler' driver.
WARNING - 2023-07-07 13:30:42 --> Session: Sessions is enabled, and one exists.Please don't $session->start();
INFO - 2023-07-07 13:32:40 --> Session: Class initialized using 'CodeIgniter\Session\Handlers\FileHandler' driver.
WARNING - 2023-07-07 13:32:40 --> Session: Sessions is enabled, and one exists.Please don't $session->start();
INFO - 2023-07-07 13:33:09 --> Session: Class initialized using 'CodeIgniter\Session\Handlers\FileHandler' driver.
WARNING - 2023-07-07 13:33:09 --> Session: Sessions is enabled, and one exists.Please don't $session->start();
INFO - 2023-07-07 13:34:57 --> Session: Class initialized using 'CodeIgniter\Session\Handlers\FileHandler' driver.
WARNING - 2023-07-07 13:34:57 --> Session: Sessions is enabled, and one exists.Please don't $session->start();
INFO - 2023-07-07 13:37:38 --> Session: Class initialized using 'CodeIgniter\Session\Handlers\FileHandler' driver.
WARNING - 2023-07-07 13:37:38 --> Session: Sessions is enabled, and one exists.Please don't $session->start();
INFO - 2023-07-07 13:42:18 --> Session: Class initialized using 'CodeIgniter\Session\Handlers\FileHandler' driver.
WARNING - 2023-07-07 13:42:18 --> Session: Sessions is enabled, and one exists.Please don't $session->start();
INFO - 2023-07-07 13:42:52 --> Session: Class initialized using 'CodeIgniter\Session\Handlers\FileHandler' driver.
WARNING - 2023-07-07 13:42:52 --> Session: Sessions is enabled, and one exists.Please don't $session->start();
INFO - 2023-07-07 13:44:55 --> Session: Class initialized using 'CodeIgniter\Session\Handlers\FileHandler' driver.
WARNING - 2023-07-07 13:44:55 --> Session: Sessions is enabled, and one exists.Please don't $session->start();
INFO - 2023-07-07 13:46:25 --> Session: Class initialized using 'CodeIgniter\Session\Handlers\FileHandler' driver.
WARNING - 2023-07-07 13:46:25 --> Session: Sessions is enabled, and one exists.Please don't $session->start();
INFO - 2023-07-07 13:46:41 --> Session: Class initialized using 'CodeIgniter\Session\Handlers\FileHandler' driver.
WARNING - 2023-07-07 13:46:41 --> Session: Sessions is enabled, and one exists.Please don't $session->start();
INFO - 2023-07-07 13:48:07 --> Session: Class initialized using 'CodeIgniter\Session\Handlers\FileHandler' driver.
WARNING - 2023-07-07 13:48:07 --> Session: Sessions is enabled, and one exists.Please don't $session->start();
INFO - 2023-07-07 13:50:36 --> Session: Class initialized using 'CodeIgniter\Session\Handlers\FileHandler' driver.
WARNING - 2023-07-07 13:50:36 --> Session: Sessions is enabled, and one exists.Please don't $session->start();
INFO - 2023-07-07 13:52:36 --> Session: Class initialized using 'CodeIgniter\Session\Handlers\FileHandler' driver.
WARNING - 2023-07-07 13:52:36 --> Session: Sessions is enabled, and one exists.Please don't $session->start();
INFO - 2023-07-07 13:55:45 --> Session: Class initialized using 'CodeIgniter\Session\Handlers\FileHandler' driver.
WARNING - 2023-07-07 13:55:45 --> Session: Sessions is enabled, and one exists.Please don't $session->start();
INFO - 2023-07-07 13:57:07 --> Session: Class initialized using 'CodeIgniter\Session\Handlers\FileHandler' driver.
WARNING - 2023-07-07 13:57:07 --> Session: Sessions is enabled, and one exists.Please don't $session->start();
INFO - 2023-07-07 14:01:36 --> Session: Class initialized using 'CodeIgniter\Session\Handlers\FileHandler' driver.
WARNING - 2023-07-07 14:01:36 --> Session: Sessions is enabled, and one exists.Please don't $session->start();
INFO - 2023-07-07 14:01:44 --> Session: Class initialized using 'CodeIgniter\Session\Handlers\FileHandler' driver.
WARNING - 2023-07-07 14:01:44 --> Session: Sessions is enabled, and one exists.Please don't $session->start();
INFO - 2023-07-07 14:01:58 --> Session: Class initialized using 'CodeIgniter\Session\Handlers\FileHandler' driver.
WARNING - 2023-07-07 14:01:58 --> Session: Sessions is enabled, and one exists.Please don't $session->start();
INFO - 2023-07-07 14:03:07 --> Session: Class initialized using 'CodeIgniter\Session\Handlers\FileHandler' driver.
WARNING - 2023-07-07 14:03:08 --> Session: Sessions is enabled, and one exists.Please don't $session->start();
INFO - 2023-07-07 14:03:12 --> Session: Class initialized using 'CodeIgniter\Session\Handlers\FileHandler' driver.
WARNING - 2023-07-07 14:03:12 --> Session: Sessions is enabled, and one exists.Please don't $session->start();
INFO - 2023-07-07 14:03:37 --> Session: Class initialized using 'CodeIgniter\Session\Handlers\FileHandler' driver.
WARNING - 2023-07-07 14:03:37 --> Session: Sessions is enabled, and one exists.Please don't $session->start();
INFO - 2023-07-07 14:08:53 --> Session: Class initialized using 'CodeIgniter\Session\Handlers\FileHandler' driver.
WARNING - 2023-07-07 14:08:53 --> Session: Sessions is enabled, and one exists.Please don't $session->start();
INFO - 2023-07-07 14:09:05 --> Session: Class initialized using 'CodeIgniter\Session\Handlers\FileHandler' driver.
INFO - 2023-07-07 14:09:09 --> Session: Class initialized using 'CodeIgniter\Session\Handlers\FileHandler' driver.
WARNING - 2023-07-07 14:09:09 --> Session: Sessions is enabled, and one exists.Please don't $session->start();
INFO - 2023-07-07 14:09:20 --> Session: Class initialized using 'CodeIgniter\Session\Handlers\FileHandler' driver.
WARNING - 2023-07-07 14:09:20 --> Session: Sessions is enabled, and one exists.Please don't $session->start();
INFO - 2023-07-07 14:10:24 --> Session: Class initialized using 'CodeIgniter\Session\Handlers\FileHandler' driver.
WARNING - 2023-07-07 14:10:24 --> Session: Sessions is enabled, and one exists.Please don't $session->start();
INFO - 2023-07-07 14:12:01 --> Session: Class initialized using 'CodeIgniter\Session\Handlers\FileHandler' driver.
WARNING - 2023-07-07 14:12:01 --> Session: Sessions is enabled, and one exists.Please don't $session->start();
INFO - 2023-07-07 14:12:03 --> Session: Class initialized using 'CodeIgniter\Session\Handlers\FileHandler' driver.
WARNING - 2023-07-07 14:12:03 --> Session: Sessions is enabled, and one exists.Please don't $session->start();
INFO - 2023-07-07 14:12:38 --> Session: Class initialized using 'CodeIgniter\Session\Handlers\FileHandler' driver.
WARNING - 2023-07-07 14:12:38 --> Session: Sessions is enabled, and one exists.Please don't $session->start();
INFO - 2023-07-07 14:13:27 --> Session: Class initialized using 'CodeIgniter\Session\Handlers\FileHandler' driver.
WARNING - 2023-07-07 14:13:27 --> Session: Sessions is enabled, and one exists.Please don't $session->start();
INFO - 2023-07-07 14:15:15 --> Session: Class initialized using 'CodeIgniter\Session\Handlers\FileHandler' driver.
WARNING - 2023-07-07 14:15:15 --> Session: Sessions is enabled, and one exists.Please don't $session->start();
INFO - 2023-07-07 14:16:48 --> Session: Class initialized using 'CodeIgniter\Session\Handlers\FileHandler' driver.
WARNING - 2023-07-07 14:16:48 --> Session: Sessions is enabled, and one exists.Please don't $session->start();
CRITICAL - 2023-07-07 14:16:49 --> Undefined variable $tittle
in APPPATH\Views\layouts\head.php on line 5.
 1 APPPATH\Views\layouts\head.php(5): CodeIgniter\Debug\Exceptions->errorHandler(2, 'Undefined variable $tittle', 'APPPATH\\Views\\layouts\\head.php', 5)
 2 SYSTEMPATH\View\View.php(213): include('APPPATH\\Views\\layouts\\head.php')
 3 SYSTEMPATH\View\View.php(216): CodeIgniter\View\View->CodeIgniter\View\{closure}()
 4 SYSTEMPATH\View\View.php(431): CodeIgniter\View\View->render('layouts/head', null, true)
 5 APPPATH\Views\umkmdata\view.php(5): CodeIgniter\View\View->include('layouts/head')
 6 SYSTEMPATH\View\View.php(213): include('APPPATH\\Views\\umkmdata\\view.php')
 7 SYSTEMPATH\View\View.php(216): CodeIgniter\View\View->CodeIgniter\View\{closure}()
 8 SYSTEMPATH\Common.php(1184): CodeIgniter\View\View->render('umkmdata/view', [], true)
 9 APPPATH\Controllers\Job.php(249): view('umkmdata/view', [...])
10 SYSTEMPATH\CodeIgniter.php(934): App\Controllers\Job->viewpdf()
11 SYSTEMPATH\CodeIgniter.php(499): CodeIgniter\CodeIgniter->runController(Object(App\Controllers\Job))
12 SYSTEMPATH\CodeIgniter.php(368): CodeIgniter\CodeIgniter->handleRequest(null, Object(Config\Cache), false)
13 FCPATH\index.php(67): CodeIgniter\CodeIgniter->run()
14 SYSTEMPATH\Commands\Server\rewrite.php(47): require_once('FCPATH\\index.php')
INFO - 2023-07-07 14:17:54 --> Session: Class initialized using 'CodeIgniter\Session\Handlers\FileHandler' driver.
WARNING - 2023-07-07 14:17:54 --> Session: Sessions is enabled, and one exists.Please don't $session->start();
INFO - 2023-07-07 14:19:12 --> Session: Class initialized using 'CodeIgniter\Session\Handlers\FileHandler' driver.
INFO - 2023-07-07 14:19:18 --> Session: Class initialized using 'CodeIgniter\Session\Handlers\FileHandler' driver.
WARNING - 2023-07-07 14:19:18 --> Session: Sessions is enabled, and one exists.Please don't $session->start();
INFO - 2023-07-07 14:22:40 --> Session: Class initialized using 'CodeIgniter\Session\Handlers\FileHandler' driver.
WARNING - 2023-07-07 14:22:40 --> Session: Sessions is enabled, and one exists.Please don't $session->start();
INFO - 2023-07-07 14:22:43 --> Session: Class initialized using 'CodeIgniter\Session\Handlers\FileHandler' driver.
WARNING - 2023-07-07 14:22:43 --> Session: Sessions is enabled, and one exists.Please don't $session->start();
INFO - 2023-07-07 14:25:20 --> Session: Class initialized using 'CodeIgniter\Session\Handlers\FileHandler' driver.
WARNING - 2023-07-07 14:25:20 --> Session: Sessions is enabled, and one exists.Please don't $session->start();
INFO - 2023-07-07 14:26:40 --> Session: Class initialized using 'CodeIgniter\Session\Handlers\FileHandler' driver.
WARNING - 2023-07-07 14:26:40 --> Session: Sessions is enabled, and one exists.Please don't $session->start();
INFO - 2023-07-07 14:27:32 --> Session: Class initialized using 'CodeIgniter\Session\Handlers\FileHandler' driver.
WARNING - 2023-07-07 14:27:32 --> Session: Sessions is enabled, and one exists.Please don't $session->start();
INFO - 2023-07-07 14:29:53 --> Session: Class initialized using 'CodeIgniter\Session\Handlers\FileHandler' driver.
WARNING - 2023-07-07 14:29:53 --> Session: Sessions is enabled, and one exists.Please don't $session->start();
INFO - 2023-07-07 14:30:21 --> Session: Class initialized using 'CodeIgniter\Session\Handlers\FileHandler' driver.
WARNING - 2023-07-07 14:30:21 --> Session: Sessions is enabled, and one exists.Please don't $session->start();
INFO - 2023-07-07 14:30:35 --> Session: Class initialized using 'CodeIgniter\Session\Handlers\FileHandler' driver.
WARNING - 2023-07-07 14:30:35 --> Session: Sessions is enabled, and one exists.Please don't $session->start();
INFO - 2023-07-07 14:37:56 --> Session: Class initialized using 'CodeIgniter\Session\Handlers\FileHandler' driver.
WARNING - 2023-07-07 14:37:56 --> Session: Sessions is enabled, and one exists.Please don't $session->start();
INFO - 2023-07-07 14:37:59 --> Session: Class initialized using 'CodeIgniter\Session\Handlers\FileHandler' driver.
WARNING - 2023-07-07 14:37:59 --> Session: Sessions is enabled, and one exists.Please don't $session->start();
INFO - 2023-07-07 14:38:09 --> Session: Class initialized using 'CodeIgniter\Session\Handlers\FileHandler' driver.
WARNING - 2023-07-07 14:38:09 --> Session: Sessions is enabled, and one exists.Please don't $session->start();
INFO - 2023-07-07 14:45:17 --> Session: Class initialized using 'CodeIgniter\Session\Handlers\FileHandler' driver.
WARNING - 2023-07-07 14:45:17 --> Session: Sessions is enabled, and one exists.Please don't $session->start();
INFO - 2023-07-07 14:45:29 --> Session: Class initialized using 'CodeIgniter\Session\Handlers\FileHandler' driver.
WARNING - 2023-07-07 14:45:29 --> Session: Sessions is enabled, and one exists.Please don't $session->start();
INFO - 2023-07-07 14:45:38 --> Session: Class initialized using 'CodeIgniter\Session\Handlers\FileHandler' driver.
WARNING - 2023-07-07 14:45:38 --> Session: Sessions is enabled, and one exists.Please don't $session->start();
INFO - 2023-07-07 14:45:51 --> Session: Class initialized using 'CodeIgniter\Session\Handlers\FileHandler' driver.
WARNING - 2023-07-07 14:45:51 --> Session: Sessions is enabled, and one exists.Please don't $session->start();
INFO - 2023-07-07 14:48:30 --> Session: Class initialized using 'CodeIgniter\Session\Handlers\FileHandler' driver.
WARNING - 2023-07-07 14:48:30 --> Session: Sessions is enabled, and one exists.Please don't $session->start();
INFO - 2023-07-07 15:17:44 --> Session: Class initialized using 'CodeIgniter\Session\Handlers\FileHandler' driver.
WARNING - 2023-07-07 15:17:44 --> Session: Sessions is enabled, and one exists.Please don't $session->start();
INFO - 2023-07-07 15:24:26 --> Session: Class initialized using 'CodeIgniter\Session\Handlers\FileHandler' driver.
WARNING - 2023-07-07 15:24:26 --> Session: Sessions is enabled, and one exists.Please don't $session->start();
INFO - 2023-07-07 15:24:33 --> Session: Class initialized using 'CodeIgniter\Session\Handlers\FileHandler' driver.
WARNING - 2023-07-07 15:24:33 --> Session: Sessions is enabled, and one exists.Please don't $session->start();
INFO - 2023-07-07 15:24:43 --> Session: Class initialized using 'CodeIgniter\Session\Handlers\FileHandler' driver.
WARNING - 2023-07-07 15:24:43 --> Session: Sessions is enabled, and one exists.Please don't $session->start();
INFO - 2023-07-07 15:24:59 --> Session: Class initialized using 'CodeIgniter\Session\Handlers\FileHandler' driver.
WARNING - 2023-07-07 15:24:59 --> Session: Sessions is enabled, and one exists.Please don't $session->start();
INFO - 2023-07-07 15:25:05 --> Session: Class initialized using 'CodeIgniter\Session\Handlers\FileHandler' driver.
WARNING - 2023-07-07 15:25:05 --> Session: Sessions is enabled, and one exists.Please don't $session->start();
INFO - 2023-07-07 15:25:12 --> Session: Class initialized using 'CodeIgniter\Session\Handlers\FileHandler' driver.
WARNING - 2023-07-07 15:25:12 --> Session: Sessions is enabled, and one exists.Please don't $session->start();
INFO - 2023-07-07 15:26:02 --> Session: Class initialized using 'CodeIgniter\Session\Handlers\FileHandler' driver.
WARNING - 2023-07-07 15:26:02 --> Session: Sessions is enabled, and one exists.Please don't $session->start();
INFO - 2023-07-07 15:26:15 --> Session: Class initialized using 'CodeIgniter\Session\Handlers\FileHandler' driver.
WARNING - 2023-07-07 15:26:15 --> Session: Sessions is enabled, and one exists.Please don't $session->start();
