INFO - 2023-07-10 06:36:36 --> Session: Class initialized using 'CodeIgniter\Session\Handlers\FileHandler' driver.
INFO - 2023-07-10 06:36:36 --> Session: Class initialized using 'CodeIgniter\Session\Handlers\FileHandler' driver.
INFO - 2023-07-10 06:36:51 --> Session: Class initialized using 'CodeIgniter\Session\Handlers\FileHandler' driver.
INFO - 2023-07-10 06:36:51 --> Session: Class initialized using 'CodeIgniter\Session\Handlers\FileHandler' driver.
INFO - 2023-07-10 06:36:55 --> Session: Class initialized using 'CodeIgniter\Session\Handlers\FileHandler' driver.
WARNING - 2023-07-10 06:36:55 --> Session: Sessions is enabled, and one exists.Please don't $session->start();
INFO - 2023-07-10 06:36:59 --> Session: Class initialized using 'CodeIgniter\Session\Handlers\FileHandler' driver.
WARNING - 2023-07-10 06:36:59 --> Session: Sessions is enabled, and one exists.Please don't $session->start();
INFO - 2023-07-10 06:37:26 --> Session: Class initialized using 'CodeIgniter\Session\Handlers\FileHandler' driver.
WARNING - 2023-07-10 06:37:26 --> Session: Sessions is enabled, and one exists.Please don't $session->start();
INFO - 2023-07-10 06:37:27 --> Session: Class initialized using 'CodeIgniter\Session\Handlers\FileHandler' driver.
WARNING - 2023-07-10 06:37:27 --> Session: Sessions is enabled, and one exists.Please don't $session->start();
INFO - 2023-07-10 06:37:49 --> Session: Class initialized using 'CodeIgniter\Session\Handlers\FileHandler' driver.
INFO - 2023-07-10 06:38:05 --> Session: Class initialized using 'CodeIgniter\Session\Handlers\FileHandler' driver.
WARNING - 2023-07-10 06:38:05 --> Session: Sessions is enabled, and one exists.Please don't $session->start();
INFO - 2023-07-10 06:38:10 --> Session: Class initialized using 'CodeIgniter\Session\Handlers\FileHandler' driver.
WARNING - 2023-07-10 06:38:10 --> Session: Sessions is enabled, and one exists.Please don't $session->start();
INFO - 2023-07-10 06:40:13 --> Session: Class initialized using 'CodeIgniter\Session\Handlers\FileHandler' driver.
WARNING - 2023-07-10 06:40:13 --> Session: Sessions is enabled, and one exists.Please don't $session->start();
INFO - 2023-07-10 06:40:18 --> Session: Class initialized using 'CodeIgniter\Session\Handlers\FileHandler' driver.
WARNING - 2023-07-10 06:40:18 --> Session: Sessions is enabled, and one exists.Please don't $session->start();
INFO - 2023-07-10 06:40:27 --> Session: Class initialized using 'CodeIgniter\Session\Handlers\FileHandler' driver.
WARNING - 2023-07-10 06:40:27 --> Session: Sessions is enabled, and one exists.Please don't $session->start();
INFO - 2023-07-10 06:40:28 --> Session: Class initialized using 'CodeIgniter\Session\Handlers\FileHandler' driver.
WARNING - 2023-07-10 06:40:28 --> Session: Sessions is enabled, and one exists.Please don't $session->start();
INFO - 2023-07-10 06:47:25 --> Session: Class initialized using 'CodeIgniter\Session\Handlers\FileHandler' driver.
WARNING - 2023-07-10 06:47:25 --> Session: Sessions is enabled, and one exists.Please don't $session->start();
INFO - 2023-07-10 06:48:22 --> Session: Class initialized using 'CodeIgniter\Session\Handlers\FileHandler' driver.
WARNING - 2023-07-10 06:48:22 --> Session: Sessions is enabled, and one exists.Please don't $session->start();
INFO - 2023-07-10 06:48:22 --> Session: Class initialized using 'CodeIgniter\Session\Handlers\FileHandler' driver.
WARNING - 2023-07-10 06:48:22 --> Session: Sessions is enabled, and one exists.Please don't $session->start();
INFO - 2023-07-10 06:48:27 --> Session: Class initialized using 'CodeIgniter\Session\Handlers\FileHandler' driver.
WARNING - 2023-07-10 06:48:27 --> Session: Sessions is enabled, and one exists.Please don't $session->start();
INFO - 2023-07-10 06:48:36 --> Session: Class initialized using 'CodeIgniter\Session\Handlers\FileHandler' driver.
INFO - 2023-07-10 06:48:39 --> Session: Class initialized using 'CodeIgniter\Session\Handlers\FileHandler' driver.
WARNING - 2023-07-10 06:48:39 --> Session: Sessions is enabled, and one exists.Please don't $session->start();
INFO - 2023-07-10 06:50:46 --> Session: Class initialized using 'CodeIgniter\Session\Handlers\FileHandler' driver.
WARNING - 2023-07-10 06:50:46 --> Session: Sessions is enabled, and one exists.Please don't $session->start();
INFO - 2023-07-10 06:51:12 --> Session: Class initialized using 'CodeIgniter\Session\Handlers\FileHandler' driver.
WARNING - 2023-07-10 06:51:13 --> Session: Sessions is enabled, and one exists.Please don't $session->start();
INFO - 2023-07-10 06:51:13 --> Session: Class initialized using 'CodeIgniter\Session\Handlers\FileHandler' driver.
WARNING - 2023-07-10 06:51:13 --> Session: Sessions is enabled, and one exists.Please don't $session->start();
INFO - 2023-07-10 06:51:29 --> Session: Class initialized using 'CodeIgniter\Session\Handlers\FileHandler' driver.
WARNING - 2023-07-10 06:51:29 --> Session: Sessions is enabled, and one exists.Please don't $session->start();
INFO - 2023-07-10 06:56:12 --> Session: Class initialized using 'CodeIgniter\Session\Handlers\FileHandler' driver.
WARNING - 2023-07-10 06:56:12 --> Session: Sessions is enabled, and one exists.Please don't $session->start();
INFO - 2023-07-10 06:57:56 --> Session: Class initialized using 'CodeIgniter\Session\Handlers\FileHandler' driver.
WARNING - 2023-07-10 06:57:56 --> Session: Sessions is enabled, and one exists.Please don't $session->start();
INFO - 2023-07-10 07:01:21 --> Session: Class initialized using 'CodeIgniter\Session\Handlers\FileHandler' driver.
WARNING - 2023-07-10 07:01:21 --> Session: Sessions is enabled, and one exists.Please don't $session->start();
INFO - 2023-07-10 07:04:01 --> Session: Class initialized using 'CodeIgniter\Session\Handlers\FileHandler' driver.
WARNING - 2023-07-10 07:04:01 --> Session: Sessions is enabled, and one exists.Please don't $session->start();
CRITICAL - 2023-07-10 07:04:01 --> Undefined variable $data
in APPPATH\Views\umkmdata\index.php on line 143.
 1 APPPATH\Views\umkmdata\index.php(143): CodeIgniter\Debug\Exceptions->errorHandler(2, 'Undefined variable $data', 'APPPATH\\Views\\umkmdata\\index.php', 143)
 2 SYSTEMPATH\View\View.php(213): include('APPPATH\\Views\\umkmdata\\index.php')
 3 SYSTEMPATH\View\View.php(216): CodeIgniter\View\View->CodeIgniter\View\{closure}()
 4 SYSTEMPATH\Common.php(1184): CodeIgniter\View\View->render('umkmdata/index', [], true)
 5 APPPATH\Controllers\Umkmdata.php(46): view('umkmdata/index', [...])
 6 SYSTEMPATH\CodeIgniter.php(934): App\Controllers\umkmdata->index()
 7 SYSTEMPATH\CodeIgniter.php(499): CodeIgniter\CodeIgniter->runController(Object(App\Controllers\umkmdata))
 8 SYSTEMPATH\CodeIgniter.php(368): CodeIgniter\CodeIgniter->handleRequest(null, Object(Config\Cache), false)
 9 FCPATH\index.php(67): CodeIgniter\CodeIgniter->run()
10 SYSTEMPATH\Commands\Server\rewrite.php(47): require_once('FCPATH\\index.php')
INFO - 2023-07-10 07:04:30 --> Session: Class initialized using 'CodeIgniter\Session\Handlers\FileHandler' driver.
WARNING - 2023-07-10 07:04:30 --> Session: Sessions is enabled, and one exists.Please don't $session->start();
INFO - 2023-07-10 07:04:56 --> Session: Class initialized using 'CodeIgniter\Session\Handlers\FileHandler' driver.
WARNING - 2023-07-10 07:04:56 --> Session: Sessions is enabled, and one exists.Please don't $session->start();
INFO - 2023-07-10 07:04:57 --> Session: Class initialized using 'CodeIgniter\Session\Handlers\FileHandler' driver.
WARNING - 2023-07-10 07:04:57 --> Session: Sessions is enabled, and one exists.Please don't $session->start();
INFO - 2023-07-10 07:19:30 --> Session: Class initialized using 'CodeIgniter\Session\Handlers\FileHandler' driver.
WARNING - 2023-07-10 07:19:30 --> Session: Sessions is enabled, and one exists.Please don't $session->start();
INFO - 2023-07-10 07:24:03 --> Session: Class initialized using 'CodeIgniter\Session\Handlers\FileHandler' driver.
WARNING - 2023-07-10 07:24:03 --> Session: Sessions is enabled, and one exists.Please don't $session->start();
INFO - 2023-07-10 07:24:07 --> Session: Class initialized using 'CodeIgniter\Session\Handlers\FileHandler' driver.
INFO - 2023-07-10 08:21:56 --> Session: Class initialized using 'CodeIgniter\Session\Handlers\FileHandler' driver.
WARNING - 2023-07-10 08:21:57 --> Session: Sessions is enabled, and one exists.Please don't $session->start();
INFO - 2023-07-10 08:22:11 --> Session: Class initialized using 'CodeIgniter\Session\Handlers\FileHandler' driver.
WARNING - 2023-07-10 08:22:11 --> Session: Sessions is enabled, and one exists.Please don't $session->start();
INFO - 2023-07-10 08:23:33 --> Session: Class initialized using 'CodeIgniter\Session\Handlers\FileHandler' driver.
WARNING - 2023-07-10 08:23:33 --> Session: Sessions is enabled, and one exists.Please don't $session->start();
INFO - 2023-07-10 08:24:18 --> Session: Class initialized using 'CodeIgniter\Session\Handlers\FileHandler' driver.
WARNING - 2023-07-10 08:24:18 --> Session: Sessions is enabled, and one exists.Please don't $session->start();
INFO - 2023-07-10 08:25:09 --> Session: Class initialized using 'CodeIgniter\Session\Handlers\FileHandler' driver.
WARNING - 2023-07-10 08:25:09 --> Session: Sessions is enabled, and one exists.Please don't $session->start();
INFO - 2023-07-10 08:25:34 --> Session: Class initialized using 'CodeIgniter\Session\Handlers\FileHandler' driver.
WARNING - 2023-07-10 08:25:34 --> Session: Sessions is enabled, and one exists.Please don't $session->start();
INFO - 2023-07-10 08:25:55 --> Session: Class initialized using 'CodeIgniter\Session\Handlers\FileHandler' driver.
WARNING - 2023-07-10 08:25:55 --> Session: Sessions is enabled, and one exists.Please don't $session->start();
INFO - 2023-07-10 08:26:02 --> Session: Class initialized using 'CodeIgniter\Session\Handlers\FileHandler' driver.
INFO - 2023-07-10 08:26:08 --> Session: Class initialized using 'CodeIgniter\Session\Handlers\FileHandler' driver.
INFO - 2023-07-10 08:26:09 --> Session: Class initialized using 'CodeIgniter\Session\Handlers\FileHandler' driver.
INFO - 2023-07-10 08:27:39 --> Session: Class initialized using 'CodeIgniter\Session\Handlers\FileHandler' driver.
INFO - 2023-07-10 08:27:48 --> Session: Class initialized using 'CodeIgniter\Session\Handlers\FileHandler' driver.
INFO - 2023-07-10 08:28:03 --> Session: Class initialized using 'CodeIgniter\Session\Handlers\FileHandler' driver.
INFO - 2023-07-10 08:28:11 --> Session: Class initialized using 'CodeIgniter\Session\Handlers\FileHandler' driver.
INFO - 2023-07-10 08:28:11 --> Session: Class initialized using 'CodeIgniter\Session\Handlers\FileHandler' driver.
INFO - 2023-07-10 08:28:18 --> Session: Class initialized using 'CodeIgniter\Session\Handlers\FileHandler' driver.
INFO - 2023-07-10 08:28:18 --> Session: Class initialized using 'CodeIgniter\Session\Handlers\FileHandler' driver.
INFO - 2023-07-10 08:28:26 --> Session: Class initialized using 'CodeIgniter\Session\Handlers\FileHandler' driver.
